<?xml version="1.0" encoding="UTF-8"?>
<coverage generated="1756996692885" clover="3.2.0">
  <project timestamp="1756996692885" name="All files">
    <metrics statements="682" coveredstatements="315" conditionals="467" coveredconditionals="180" methods="128" coveredmethods="57" elements="1277" coveredelements="552" complexity="0" loc="682" ncloc="682" packages="5" files="11" classes="11"/>
    <package name="api.cron.weekly-brief">
      <metrics statements="112" coveredstatements="12" conditionals="67" coveredconditionals="5" methods="13" coveredmethods="1"/>
      <file name="route.ts" path="/workspace/atlas-fitness-onboarding/app/api/cron/weekly-brief/route.ts">
        <metrics statements="112" coveredstatements="12" conditionals="67" coveredconditionals="5" methods="13" coveredmethods="1"/>
        <line num="2" count="1" type="stmt"/>
        <line num="4" count="1" type="stmt"/>
        <line num="5" count="1" type="stmt"/>
        <line num="8" count="1" type="stmt"/>
        <line num="9" count="1" type="stmt"/>
        <line num="11" count="1" type="stmt"/>
        <line num="12" count="1" type="cond" truecount="1" falsecount="1"/>
        <line num="14" count="1" type="cond" truecount="2" falsecount="1"/>
        <line num="15" count="0" type="stmt"/>
        <line num="18" count="1" type="stmt"/>
        <line num="19" count="1" type="stmt"/>
        <line num="20" count="1" type="cond" truecount="2" falsecount="1"/>
        <line num="21" count="1" type="stmt"/>
        <line num="23" count="0" type="stmt"/>
        <line num="24" count="0" type="stmt"/>
        <line num="26" count="0" type="stmt"/>
        <line num="29" count="0" type="stmt"/>
        <line num="30" count="0" type="stmt"/>
        <line num="36" count="0" type="cond" truecount="0" falsecount="1"/>
        <line num="37" count="0" type="stmt"/>
        <line num="40" count="0" type="cond" truecount="0" falsecount="3"/>
        <line num="41" count="0" type="stmt"/>
        <line num="42" count="0" type="stmt"/>
        <line num="49" count="0" type="stmt"/>
        <line num="51" count="0" type="stmt"/>
        <line num="52" count="0" type="stmt"/>
        <line num="54" count="0" type="stmt"/>
        <line num="55" count="0" type="stmt"/>
        <line num="56" count="0" type="stmt"/>
        <line num="59" count="0" type="stmt"/>
        <line num="62" count="0" type="stmt"/>
        <line num="72" count="0" type="cond" truecount="0" falsecount="1"/>
        <line num="73" count="0" type="stmt"/>
        <line num="77" count="0" type="stmt"/>
        <line num="80" count="0" type="stmt"/>
        <line num="82" count="0" type="stmt"/>
        <line num="91" count="0" type="stmt"/>
        <line num="92" count="0" type="stmt"/>
        <line num="95" count="0" type="cond" truecount="0" falsecount="2"/>
        <line num="96" count="0" type="stmt"/>
        <line num="97" count="0" type="stmt"/>
        <line num="100" count="0" type="stmt"/>
        <line num="101" count="0" type="stmt"/>
        <line num="112" count="0" type="stmt"/>
        <line num="117" count="0" type="stmt"/>
        <line num="125" count="0" type="stmt"/>
        <line num="126" count="0" type="stmt"/>
        <line num="129" count="0" type="stmt"/>
        <line num="130" count="0" type="stmt"/>
        <line num="141" count="0" type="stmt"/>
        <line num="142" count="0" type="stmt"/>
        <line num="143" count="0" type="stmt"/>
        <line num="145" count="0" type="stmt"/>
        <line num="147" count="0" type="stmt"/>
        <line num="148" count="0" type="cond" truecount="0" falsecount="2"/>
        <line num="149" count="0" type="stmt"/>
        <line num="150" count="0" type="stmt"/>
        <line num="155" count="0" type="stmt"/>
        <line num="157" count="0" type="stmt"/>
        <line num="158" count="0" type="stmt"/>
        <line num="160" count="0" type="stmt"/>
        <line num="162" count="0" type="stmt"/>
        <line num="170" count="0" type="stmt"/>
        <line num="173" count="0" type="stmt"/>
        <line num="183" count="0" type="stmt"/>
        <line num="186" count="0" type="stmt"/>
        <line num="187" count="0" type="stmt"/>
        <line num="193" count="0" type="stmt"/>
        <line num="194" count="0" type="stmt"/>
        <line num="195" count="0" type="stmt"/>
        <line num="197" count="0" type="stmt"/>
        <line num="206" count="0" type="stmt"/>
        <line num="216" count="0" type="cond" truecount="0" falsecount="2"/>
        <line num="217" count="0" type="cond" truecount="0" falsecount="2"/>
        <line num="218" count="0" type="cond" truecount="0" falsecount="2"/>
        <line num="220" count="0" type="cond" truecount="0" falsecount="2"/>
        <line num="221" count="0" type="cond" truecount="0" falsecount="2"/>
        <line num="222" count="0" type="cond" truecount="0" falsecount="2"/>
        <line num="225" count="0" type="stmt"/>
        <line num="230" count="0" type="cond" truecount="0" falsecount="2"/>
        <line num="233" count="0" type="stmt"/>
        <line num="238" count="0" type="stmt"/>
        <line num="239" count="0" type="cond" truecount="0" falsecount="2"/>
        <line num="240" count="0" type="cond" truecount="0" falsecount="2"/>
        <line num="241" count="0" type="stmt"/>
        <line num="244" count="0" type="stmt"/>
        <line num="285" count="0" type="stmt"/>
        <line num="286" count="0" type="stmt"/>
        <line num="291" count="0" type="stmt"/>
        <line num="292" count="0" type="stmt"/>
        <line num="294" count="0" type="stmt"/>
        <line num="295" count="0" type="stmt"/>
        <line num="296" count="0" type="stmt"/>
        <line num="297" count="0" type="stmt"/>
        <line num="298" count="0" type="cond" truecount="0" falsecount="2"/>
        <line num="300" count="0" type="stmt"/>
        <line num="307" count="0" type="stmt"/>
        <line num="311" count="0" type="stmt"/>
        <line num="312" count="0" type="stmt"/>
        <line num="318" count="0" type="stmt"/>
        <line num="320" count="0" type="cond" truecount="0" falsecount="2"/>
        <line num="327" count="0" type="stmt"/>
        <line num="328" count="0" type="stmt"/>
        <line num="333" count="0" type="stmt"/>
        <line num="334" count="0" type="stmt"/>
        <line num="340" count="0" type="stmt"/>
        <line num="341" count="0" type="stmt"/>
        <line num="343" count="0" type="cond" truecount="0" falsecount="2"/>
        <line num="350" count="0" type="stmt"/>
        <line num="351" count="0" type="stmt"/>
        <line num="357" count="0" type="stmt"/>
        <line num="373" count="0" type="stmt"/>
      </file>
    </package>
    <package name="components.automation.config">
      <metrics statements="365" coveredstatements="194" conditionals="321" coveredconditionals="149" methods="85" coveredmethods="42"/>
      <file name="ConfigPanelErrorBoundary.tsx" path="/workspace/atlas-fitness-onboarding/app/components/automation/config/ConfigPanelErrorBoundary.tsx">
        <metrics statements="13" coveredstatements="13" conditionals="4" coveredconditionals="4" methods="5" coveredmethods="5"/>
        <line num="3" count="1" type="stmt"/>
        <line num="4" count="1" type="stmt"/>
        <line num="16" count="1" type="stmt"/>
        <line num="17" count="4" type="stmt"/>
        <line num="23" count="4" type="stmt"/>
        <line num="27" count="2" type="stmt"/>
        <line num="30" count="4" type="stmt"/>
        <line num="31" count="1" type="stmt"/>
        <line num="32" count="1" type="cond" truecount="1" falsecount="0"/>
        <line num="33" count="1" type="stmt"/>
        <line num="38" count="10" type="cond" truecount="1" falsecount="0"/>
        <line num="39" count="4" type="stmt"/>
        <line num="73" count="6" type="stmt"/>
      </file>
      <file name="DynamicConfigPanelEnhanced.tsx" path="/workspace/atlas-fitness-onboarding/app/components/automation/config/DynamicConfigPanelEnhanced.tsx">
        <metrics statements="304" coveredstatements="158" conditionals="268" coveredconditionals="133" methods="74" coveredmethods="33"/>
        <line num="3" count="3" type="stmt"/>
        <line num="4" count="3" type="stmt"/>
        <line num="6" count="3" type="stmt"/>
        <line num="8" count="3" type="stmt"/>
        <line num="41" count="3" type="stmt"/>
        <line num="55" count="3" type="stmt"/>
        <line num="64" count="3" type="stmt"/>
        <line num="65" count="115" type="stmt"/>
        <line num="84" count="115" type="cond" truecount="2" falsecount="3"/>
        <line num="87" count="38" type="cond" truecount="1" falsecount="1"/>
        <line num="100" count="38" type="stmt"/>
        <line num="107" count="77" type="cond" truecount="3" falsecount="0"/>
        <line num="108" count="77" type="stmt"/>
        <line num="114" count="0" type="stmt"/>
        <line num="120" count="0" type="stmt"/>
        <line num="126" count="0" type="stmt"/>
        <line num="130" count="3" type="stmt"/>
        <line num="132" count="38" type="stmt"/>
        <line num="134" count="38" type="cond" truecount="1" falsecount="1"/>
        <line num="151" count="38" type="cond" truecount="1" falsecount="4"/>
        <line num="153" count="38" type="cond" truecount="1" falsecount="4"/>
        <line num="156" count="38" type="stmt"/>
        <line num="164" count="38" type="stmt"/>
        <line num="165" count="38" type="cond" truecount="2" falsecount="2"/>
        <line num="166" count="0" type="stmt"/>
        <line num="169" count="38" type="stmt"/>
        <line num="195" count="38" type="cond" truecount="1" falsecount="3"/>
        <line num="210" count="38" type="cond" truecount="1" falsecount="3"/>
        <line num="217" count="0" type="stmt"/>
        <line num="219" count="38" type="cond" truecount="1" falsecount="1"/>
        <line num="226" count="0" type="stmt"/>
        <line num="228" count="38" type="cond" truecount="2" falsecount="0"/>
        <line num="233" count="0" type="cond" truecount="0" falsecount="4"/>
        <line num="235" count="0" type="stmt"/>
        <line num="255" count="0" type="stmt"/>
        <line num="257" count="0" type="cond" truecount="0" falsecount="2"/>
        <line num="263" count="0" type="stmt"/>
        <line num="294" count="0" type="stmt"/>
        <line num="326" count="0" type="stmt"/>
        <line num="363" count="0" type="stmt"/>
        <line num="372" count="0" type="stmt"/>
        <line num="381" count="0" type="stmt"/>
        <line num="388" count="0" type="stmt"/>
        <line num="390" count="0" type="stmt"/>
        <line num="399" count="0" type="stmt"/>
        <line num="408" count="0" type="cond" truecount="0" falsecount="2"/>
        <line num="409" count="0" type="stmt"/>
        <line num="411" count="0" type="stmt"/>
        <line num="416" count="0" type="cond" truecount="0" falsecount="2"/>
        <line num="421" count="0" type="stmt"/>
        <line num="425" count="3" type="stmt"/>
        <line num="426" count="77" type="cond" truecount="1" falsecount="3"/>
        <line num="428" count="77" type="cond" truecount="4" falsecount="0"/>
        <line num="430" count="45" type="stmt"/>
        <line num="470" count="0" type="stmt"/>
        <line num="472" count="45" type="cond" truecount="1" falsecount="1"/>
        <line num="477" count="18" type="stmt"/>
        <line num="518" count="0" type="stmt"/>
        <line num="520" count="18" type="cond" truecount="1" falsecount="1"/>
        <line num="525" count="8" type="stmt"/>
        <line num="565" count="0" type="stmt"/>
        <line num="567" count="8" type="cond" truecount="1" falsecount="1"/>
        <line num="572" count="6" type="stmt"/>
        <line num="576" count="3" type="stmt"/>
        <line num="611" count="3" type="stmt"/>
        <line num="641" count="3" type="stmt"/>
        <line num="642" count="183" type="stmt"/>
        <line num="643" count="183" type="stmt"/>
        <line num="645" count="183" type="stmt"/>
        <line num="646" count="0" type="cond" truecount="0" falsecount="1"/>
        <line num="649" count="0" type="stmt"/>
        <line num="657" count="0" type="stmt"/>
        <line num="658" count="0" type="stmt"/>
        <line num="659" count="0" type="stmt"/>
        <line num="660" count="0" type="stmt"/>
        <line num="662" count="0" type="stmt"/>
        <line num="665" count="0" type="stmt"/>
        <line num="666" count="0" type="stmt"/>
        <line num="667" count="0" type="stmt"/>
        <line num="668" count="0" type="stmt"/>
        <line num="672" count="183" type="stmt"/>
        <line num="679" count="1" type="stmt"/>
        <line num="689" count="0" type="stmt"/>
        <line num="699" count="2" type="stmt"/>
        <line num="713" count="16" type="stmt"/>
        <line num="717" count="0" type="stmt"/>
        <line num="718" count="0" type="stmt"/>
        <line num="738" count="3" type="stmt"/>
        <line num="740" count="116" type="cond" truecount="1" falsecount="0"/>
        <line num="741" count="1" type="stmt"/>
        <line num="742" count="1" type="stmt"/>
        <line num="743" count="1" type="stmt"/>
        <line num="744" count="1" type="stmt"/>
        <line num="747" count="115" type="cond" truecount="2" falsecount="1"/>
        <line num="748" count="0" type="stmt"/>
        <line num="749" count="0" type="stmt"/>
        <line num="750" count="0" type="stmt"/>
        <line num="751" count="0" type="stmt"/>
        <line num="754" count="115" type="stmt"/>
        <line num="757" count="115" type="cond" truecount="1" falsecount="0"/>
        <line num="758" count="1" type="stmt"/>
        <line num="761" count="115" type="cond" truecount="2" falsecount="0"/>
        <line num="762" count="115" type="stmt"/>
        <line num="763" count="115" type="stmt"/>
        <line num="764" count="115" type="stmt"/>
        <line num="765" count="115" type="stmt"/>
        <line num="766" count="115" type="stmt"/>
        <line num="767" count="115" type="stmt"/>
        <line num="768" count="115" type="stmt"/>
        <line num="769" count="115" type="stmt"/>
        <line num="770" count="115" type="stmt"/>
        <line num="773" count="115" type="stmt"/>
        <line num="776" count="115" type="stmt"/>
        <line num="778" count="45" type="cond" truecount="2" falsecount="0"/>
        <line num="779" count="45" type="stmt"/>
        <line num="780" count="45" type="stmt"/>
        <line num="781" count="45" type="stmt"/>
        <line num="784" count="45" type="cond" truecount="1" falsecount="0"/>
        <line num="785" count="42" type="stmt"/>
        <line num="787" count="45" type="cond" truecount="1" falsecount="0"/>
        <line num="788" count="29" type="stmt"/>
        <line num="793" count="115" type="stmt"/>
        <line num="794" count="44" type="stmt"/>
        <line num="797" count="115" type="stmt"/>
        <line num="798" count="44" type="stmt"/>
        <line num="799" count="44" type="stmt"/>
        <line num="800" count="42" type="cond" truecount="1" falsecount="0"/>
        <line num="801" count="26" type="stmt"/>
        <line num="802" count="26" type="cond" truecount="2" falsecount="0"/>
        <line num="803" count="26" type="cond" truecount="3" falsecount="0"/>
        <line num="806" count="18" type="stmt"/>
        <line num="811" count="115" type="stmt"/>
        <line num="812" count="13" type="stmt"/>
        <line num="813" count="13" type="stmt"/>
        <line num="814" count="13" type="stmt"/>
        <line num="816" count="13" type="stmt"/>
        <line num="817" count="13" type="stmt"/>
        <line num="819" count="1" type="cond" truecount="1" falsecount="1"/>
        <line num="820" count="1" type="stmt"/>
        <line num="821" count="1" type="stmt"/>
        <line num="823" count="1" type="cond" truecount="0" falsecount="1"/>
        <line num="825" count="0" type="stmt"/>
        <line num="826" count="0" type="stmt"/>
        <line num="827" count="0" type="stmt"/>
        <line num="828" count="0" type="stmt"/>
        <line num="829" count="0" type="stmt"/>
        <line num="832" count="1" type="cond" truecount="3" falsecount="1"/>
        <line num="833" count="1" type="stmt"/>
        <line num="837" count="1" type="stmt"/>
        <line num="840" count="1" type="stmt"/>
        <line num="841" count="1" type="stmt"/>
        <line num="843" count="1" type="stmt"/>
        <line num="844" count="1" type="stmt"/>
        <line num="845" count="1" type="cond" truecount="0" falsecount="2"/>
        <line num="846" count="0" type="stmt"/>
        <line num="847" count="0" type="stmt"/>
        <line num="849" count="0" type="stmt"/>
        <line num="851" count="0" type="cond" truecount="0" falsecount="3"/>
        <line num="852" count="0" type="stmt"/>
        <line num="854" count="0" type="stmt"/>
        <line num="855" count="0" type="cond" truecount="0" falsecount="2"/>
        <line num="857" count="0" type="stmt"/>
        <line num="865" count="0" type="stmt"/>
        <line num="866" count="0" type="stmt"/>
        <line num="868" count="0" type="stmt"/>
        <line num="869" count="0" type="stmt"/>
        <line num="871" count="0" type="stmt"/>
        <line num="874" count="1" type="stmt"/>
        <line num="875" count="1" type="stmt"/>
        <line num="878" count="0" type="stmt"/>
        <line num="879" count="0" type="stmt"/>
        <line num="882" count="0" type="stmt"/>
        <line num="883" count="0" type="stmt"/>
        <line num="884" count="0" type="cond" truecount="0" falsecount="2"/>
        <line num="887" count="12" type="stmt"/>
        <line num="888" count="12" type="stmt"/>
        <line num="890" count="13" type="stmt"/>
        <line num="895" count="115" type="stmt"/>
        <line num="896" count="0" type="stmt"/>
        <line num="897" count="0" type="stmt"/>
        <line num="898" count="0" type="stmt"/>
        <line num="899" count="0" type="cond" truecount="0" falsecount="1"/>
        <line num="900" count="0" type="stmt"/>
        <line num="901" count="0" type="cond" truecount="0" falsecount="2"/>
        <line num="902" count="0" type="stmt"/>
        <line num="904" count="0" type="stmt"/>
        <line num="909" count="0" type="stmt"/>
        <line num="912" count="0" type="stmt"/>
        <line num="916" count="0" type="stmt"/>
        <line num="918" count="0" type="stmt"/>
        <line num="920" count="0" type="stmt"/>
        <line num="925" count="115" type="stmt"/>
        <line num="926" count="45" type="cond" truecount="3" falsecount="0"/>
        <line num="927" count="13" type="stmt"/>
        <line num="928" count="13" type="stmt"/>
        <line num="929" count="13" type="stmt"/>
        <line num="931" count="45" type="cond" truecount="4" falsecount="1"/>
        <line num="932" count="0" type="stmt"/>
        <line num="937" count="115" type="stmt"/>
        <line num="938" count="44" type="cond" truecount="3" falsecount="0"/>
        <line num="939" count="37" type="stmt"/>
        <line num="940" count="37" type="stmt"/>
        <line num="945" count="115" type="stmt"/>
        <line num="946" count="0" type="cond" truecount="0" falsecount="1"/>
        <line num="947" count="0" type="stmt"/>
        <line num="948" count="0" type="stmt"/>
        <line num="952" count="0" type="stmt"/>
        <line num="954" count="0" type="stmt"/>
        <line num="955" count="0" type="stmt"/>
        <line num="966" count="0" type="stmt"/>
        <line num="968" count="0" type="cond" truecount="0" falsecount="2"/>
        <line num="969" count="0" type="stmt"/>
        <line num="970" count="0" type="stmt"/>
        <line num="979" count="0" type="stmt"/>
        <line num="980" count="0" type="stmt"/>
        <line num="990" count="0" type="stmt"/>
        <line num="991" count="0" type="stmt"/>
        <line num="992" count="0" type="stmt"/>
        <line num="1003" count="115" type="stmt"/>
        <line num="1004" count="0" type="cond" truecount="0" falsecount="1"/>
        <line num="1005" count="0" type="stmt"/>
        <line num="1006" count="0" type="stmt"/>
        <line num="1009" count="0" type="stmt"/>
        <line num="1011" count="0" type="stmt"/>
        <line num="1012" count="0" type="stmt"/>
        <line num="1022" count="0" type="stmt"/>
        <line num="1024" count="0" type="cond" truecount="0" falsecount="2"/>
        <line num="1025" count="0" type="stmt"/>
        <line num="1034" count="0" type="stmt"/>
        <line num="1035" count="0" type="stmt"/>
        <line num="1045" count="0" type="stmt"/>
        <line num="1046" count="0" type="stmt"/>
        <line num="1047" count="0" type="stmt"/>
        <line num="1051" count="115" type="stmt"/>
        <line num="1052" count="0" type="cond" truecount="0" falsecount="1"/>
        <line num="1053" count="0" type="stmt"/>
        <line num="1054" count="0" type="stmt"/>
        <line num="1057" count="0" type="stmt"/>
        <line num="1059" count="0" type="stmt"/>
        <line num="1060" count="0" type="stmt"/>
        <line num="1070" count="0" type="stmt"/>
        <line num="1072" count="0" type="cond" truecount="0" falsecount="2"/>
        <line num="1073" count="0" type="stmt"/>
        <line num="1082" count="0" type="stmt"/>
        <line num="1083" count="0" type="stmt"/>
        <line num="1093" count="0" type="stmt"/>
        <line num="1094" count="0" type="stmt"/>
        <line num="1095" count="0" type="stmt"/>
        <line num="1099" count="115" type="stmt"/>
        <line num="1114" count="115" type="stmt"/>
        <line num="1115" count="53" type="stmt"/>
        <line num="1116" count="53" type="stmt"/>
        <line num="1118" count="53" type="stmt"/>
        <line num="1119" count="351" type="cond" truecount="3" falsecount="0"/>
        <line num="1120" count="174" type="stmt"/>
        <line num="1121" count="174" type="stmt"/>
        <line num="1124" count="351" type="cond" truecount="0" falsecount="1"/>
        <line num="1125" count="0" type="stmt"/>
        <line num="1126" count="0" type="cond" truecount="0" falsecount="1"/>
        <line num="1127" count="0" type="stmt"/>
        <line num="1128" count="0" type="stmt"/>
        <line num="1133" count="53" type="stmt"/>
        <line num="1134" count="53" type="stmt"/>
        <line num="1137" count="115" type="stmt"/>
        <line num="1138" count="53" type="stmt"/>
        <line num="1141" count="115" type="stmt"/>
        <line num="1143" count="1" type="cond" truecount="1" falsecount="1"/>
        <line num="1144" count="1" type="stmt"/>
        <line num="1147" count="1" type="cond" truecount="1" falsecount="3"/>
        <line num="1148" count="0" type="stmt"/>
        <line num="1149" count="0" type="stmt"/>
        <line num="1152" count="1" type="stmt"/>
        <line num="1153" count="1" type="cond" truecount="1" falsecount="0"/>
        <line num="1154" count="1" type="stmt"/>
        <line num="1159" count="115" type="cond" truecount="0" falsecount="1"/>
        <line num="1160" count="552" type="cond" truecount="2" falsecount="1"/>
        <line num="1161" count="0" type="stmt"/>
        <line num="1163" count="552" type="cond" truecount="2" falsecount="0"/>
        <line num="1166" count="115" type="stmt"/>
        <line num="1167" count="0" type="cond" truecount="0" falsecount="1"/>
        <line num="1169" count="0" type="stmt"/>
        <line num="1180" count="0" type="stmt"/>
        <line num="1187" count="0" type="stmt"/>
        <line num="1188" count="0" type="stmt"/>
        <line num="1192" count="115" type="stmt"/>
        <line num="1193" count="775" type="cond" truecount="3" falsecount="0"/>
        <line num="1194" count="199" type="stmt"/>
        <line num="1197" count="576" type="cond" truecount="1" falsecount="0"/>
        <line num="1198" count="24" type="stmt"/>
        <line num="1214" count="552" type="cond" truecount="1" falsecount="0"/>
        <line num="1215" count="187" type="stmt"/>
        <line num="1224" count="1" type="stmt"/>
        <line num="1232" count="365" type="stmt"/>
        <line num="1242" count="0" type="stmt"/>
        <line num="1248" count="38" type="stmt"/>
        <line num="1258" count="0" type="stmt"/>
        <line num="1263" count="0" type="cond" truecount="0" falsecount="2"/>
        <line num="1264" count="0" type="cond" truecount="0" falsecount="2"/>
        <line num="1266" count="0" type="stmt"/>
        <line num="1267" count="0" type="stmt"/>
        <line num="1281" count="0" type="stmt"/>
        <line num="1291" count="0" type="stmt"/>
        <line num="1304" count="0" type="stmt"/>
        <line num="1322" count="115" type="stmt"/>
      </file>
      <file name="schemas.ts" path="/workspace/atlas-fitness-onboarding/app/components/automation/config/schemas.ts">
        <metrics statements="48" coveredstatements="23" conditionals="49" coveredconditionals="12" methods="6" coveredmethods="4"/>
        <line num="1" count="1" type="stmt"/>
        <line num="4" count="1" type="stmt"/>
        <line num="10" count="1" type="stmt"/>
        <line num="42" count="1" type="stmt"/>
        <line num="51" count="0" type="cond" truecount="0" falsecount="3"/>
        <line num="52" count="0" type="stmt"/>
        <line num="58" count="0" type="cond" truecount="0" falsecount="1"/>
        <line num="59" count="0" type="cond" truecount="0" falsecount="1"/>
        <line num="60" count="0" type="stmt"/>
        <line num="66" count="0" type="cond" truecount="0" falsecount="1"/>
        <line num="67" count="0" type="stmt"/>
        <line num="88" count="0" type="cond" truecount="0" falsecount="3"/>
        <line num="89" count="0" type="stmt"/>
        <line num="95" count="0" type="cond" truecount="0" falsecount="3"/>
        <line num="96" count="0" type="stmt"/>
        <line num="125" count="1" type="stmt"/>
        <line num="136" count="1" type="stmt"/>
        <line num="146" count="1" type="stmt"/>
        <line num="155" count="1" type="stmt"/>
        <line num="168" count="1" type="stmt"/>
        <line num="169" count="2" type="cond" truecount="1" falsecount="6"/>
        <line num="171" count="0" type="cond" truecount="0" falsecount="4"/>
        <line num="176" count="2" type="cond" truecount="3" falsecount="1"/>
        <line num="181" count="0" type="stmt"/>
        <line num="184" count="0" type="stmt"/>
        <line num="187" count="0" type="stmt"/>
        <line num="190" count="0" type="stmt"/>
        <line num="193" count="0" type="stmt"/>
        <line num="200" count="1" type="stmt"/>
        <line num="202" count="3" type="cond" truecount="3" falsecount="0"/>
        <line num="203" count="1" type="stmt"/>
        <line num="215" count="2" type="stmt"/>
        <line num="216" count="2" type="stmt"/>
        <line num="217" count="2" type="stmt"/>
        <line num="220" count="2" type="cond" truecount="3" falsecount="0"/>
        <line num="221" count="2" type="stmt"/>
        <line num="227" count="2" type="stmt"/>
        <line num="229" count="0" type="stmt"/>
        <line num="244" count="2" type="stmt"/>
        <line num="246" count="2" type="cond" truecount="1" falsecount="3"/>
        <line num="248" count="0" type="cond" truecount="0" falsecount="2"/>
        <line num="250" count="2" type="cond" truecount="1" falsecount="1"/>
        <line num="252" count="0" type="cond" truecount="0" falsecount="1"/>
        <line num="253" count="0" type="cond" truecount="0" falsecount="2"/>
        <line num="255" count="0" type="cond" truecount="0" falsecount="1"/>
        <line num="256" count="0" type="cond" truecount="0" falsecount="2"/>
        <line num="258" count="0" type="cond" truecount="0" falsecount="2"/>
        <line num="260" count="0" type="stmt"/>
      </file>
    </package>
    <package name="components.ui">
      <metrics statements="21" coveredstatements="17" conditionals="2" coveredconditionals="2" methods="5" coveredmethods="1"/>
      <file name="Button.tsx" path="/workspace/atlas-fitness-onboarding/app/components/ui/Button.tsx">
        <metrics statements="9" coveredstatements="9" conditionals="2" coveredconditionals="2" methods="1" coveredmethods="1"/>
        <line num="1" count="4" type="stmt"/>
        <line num="2" count="4" type="stmt"/>
        <line num="10" count="4" type="stmt"/>
        <line num="17" count="54" type="stmt"/>
        <line num="19" count="54" type="stmt"/>
        <line num="26" count="54" type="stmt"/>
        <line num="32" count="54" type="stmt"/>
        <line num="42" count="4" type="stmt"/>
        <line num="43" count="4" type="stmt"/>
      </file>
      <file name="Card.tsx" path="/workspace/atlas-fitness-onboarding/app/components/ui/Card.tsx">
        <metrics statements="12" coveredstatements="8" conditionals="0" coveredconditionals="0" methods="4" coveredmethods="0"/>
        <line num="1" count="1" type="stmt"/>
        <line num="2" count="1" type="stmt"/>
        <line num="9" count="1" type="stmt"/>
        <line num="10" count="0" type="stmt"/>
        <line num="17" count="1" type="stmt"/>
        <line num="18" count="0" type="stmt"/>
        <line num="25" count="1" type="stmt"/>
        <line num="26" count="0" type="stmt"/>
        <line num="33" count="1" type="stmt"/>
        <line num="37" count="0" type="stmt"/>
        <line num="44" count="1" type="stmt"/>
        <line num="45" count="1" type="stmt"/>
      </file>
    </package>
    <package name="lib">
      <metrics statements="46" coveredstatements="7" conditionals="15" coveredconditionals="0" methods="12" coveredmethods="2"/>
      <file name="toast.ts" path="/workspace/atlas-fitness-onboarding/app/lib/toast.ts">
        <metrics statements="42" coveredstatements="3" conditionals="15" coveredconditionals="0" methods="11" coveredmethods="1"/>
        <line num="15" count="2" type="stmt"/>
        <line num="19" count="0" type="cond" truecount="0" falsecount="3"/>
        <line num="20" count="0" type="stmt"/>
        <line num="23" count="0" type="cond" truecount="0" falsecount="1"/>
        <line num="24" count="0" type="stmt"/>
        <line num="25" count="0" type="stmt"/>
        <line num="26" count="0" type="stmt"/>
        <line num="27" count="0" type="stmt"/>
        <line num="29" count="0" type="stmt"/>
        <line num="33" count="0" type="stmt"/>
        <line num="35" count="0" type="cond" truecount="0" falsecount="5"/>
        <line num="37" count="0" type="stmt"/>
        <line num="39" count="0" type="stmt"/>
        <line num="41" count="0" type="stmt"/>
        <line num="44" count="0" type="stmt"/>
        <line num="50" count="0" type="cond" truecount="0" falsecount="3"/>
        <line num="51" count="0" type="stmt"/>
        <line num="52" count="0" type="stmt"/>
        <line num="55" count="0" type="cond" truecount="0" falsecount="2"/>
        <line num="57" count="0" type="stmt"/>
        <line num="58" count="0" type="stmt"/>
        <line num="59" count="0" type="stmt"/>
        <line num="60" count="0" type="stmt"/>
        <line num="63" count="0" type="stmt"/>
        <line num="64" count="0" type="stmt"/>
        <line num="65" count="0" type="stmt"/>
        <line num="68" count="0" type="stmt"/>
        <line num="71" count="0" type="stmt"/>
        <line num="72" count="0" type="stmt"/>
        <line num="73" count="0" type="stmt"/>
        <line num="77" count="0" type="stmt"/>
        <line num="78" count="0" type="stmt"/>
        <line num="79" count="0" type="stmt"/>
        <line num="81" count="0" type="stmt"/>
        <line num="82" count="0" type="cond" truecount="0" falsecount="1"/>
        <line num="83" count="0" type="stmt"/>
        <line num="90" count="0" type="stmt"/>
        <line num="94" count="0" type="stmt"/>
        <line num="98" count="0" type="stmt"/>
        <line num="102" count="0" type="stmt"/>
        <line num="107" count="2" type="stmt"/>
        <line num="109" count="2" type="stmt"/>
      </file>
      <file name="utils.ts" path="/workspace/atlas-fitness-onboarding/app/lib/utils.ts">
        <metrics statements="4" coveredstatements="4" conditionals="0" coveredconditionals="0" methods="1" coveredmethods="1"/>
        <line num="1" count="4" type="stmt"/>
        <line num="2" count="4" type="stmt"/>
        <line num="4" count="4" type="stmt"/>
        <line num="5" count="54" type="stmt"/>
      </file>
    </package>
    <package name="lib.facebook">
      <metrics statements="138" coveredstatements="85" conditionals="62" coveredconditionals="24" methods="13" coveredmethods="11"/>
      <file name="callback-handler.ts" path="/workspace/atlas-fitness-onboarding/app/lib/facebook/callback-handler.ts">
        <metrics statements="69" coveredstatements="59" conditionals="35" coveredconditionals="18" methods="7" coveredmethods="7"/>
        <line num="6" count="1" type="stmt"/>
        <line num="24" count="1" type="stmt"/>
        <line num="25" count="5" type="stmt"/>
        <line num="31" count="5" type="stmt"/>
        <line num="32" count="15" type="cond" truecount="2" falsecount="0"/>
        <line num="33" count="1" type="stmt"/>
        <line num="35" count="5" type="cond" truecount="1" falsecount="0"/>
        <line num="36" count="1" type="stmt"/>
        <line num="42" count="4" type="stmt"/>
        <line num="53" count="6" type="stmt"/>
        <line num="54" count="3" type="stmt"/>
        <line num="55" count="3" type="stmt"/>
        <line num="56" count="3" type="stmt"/>
        <line num="58" count="3" type="stmt"/>
        <line num="59" count="3" type="stmt"/>
        <line num="60" count="3" type="stmt"/>
        <line num="61" count="3" type="stmt"/>
        <line num="62" count="3" type="stmt"/>
        <line num="64" count="3" type="stmt"/>
        <line num="66" count="3" type="stmt"/>
        <line num="67" count="3" type="stmt"/>
        <line num="74" count="3" type="stmt"/>
        <line num="76" count="3" type="cond" truecount="1" falsecount="0"/>
        <line num="77" count="1" type="stmt"/>
        <line num="78" count="1" type="stmt"/>
        <line num="85" count="2" type="stmt"/>
        <line num="86" count="2" type="stmt"/>
        <line num="91" count="0" type="stmt"/>
        <line num="92" count="0" type="stmt"/>
        <line num="109" count="2" type="stmt"/>
        <line num="111" count="2" type="stmt"/>
        <line num="113" count="2" type="stmt"/>
        <line num="114" count="2" type="stmt"/>
        <line num="120" count="2" type="stmt"/>
        <line num="122" count="2" type="cond" truecount="0" falsecount="1"/>
        <line num="123" count="0" type="stmt"/>
        <line num="124" count="0" type="stmt"/>
        <line num="129" count="2" type="stmt"/>
        <line num="130" count="2" type="stmt"/>
        <line num="132" count="0" type="stmt"/>
        <line num="133" count="0" type="stmt"/>
        <line num="142" count="1" type="stmt"/>
        <line num="143" count="5" type="stmt"/>
        <line num="145" count="5" type="stmt"/>
        <line num="148" count="5" type="stmt"/>
        <line num="149" count="5" type="cond" truecount="1" falsecount="0"/>
        <line num="150" count="1" type="stmt"/>
        <line num="151" count="1" type="stmt"/>
        <line num="158" count="4" type="cond" truecount="1" falsecount="0"/>
        <line num="159" count="1" type="stmt"/>
        <line num="160" count="1" type="stmt"/>
        <line num="167" count="3" type="stmt"/>
        <line num="168" count="3" type="cond" truecount="1" falsecount="0"/>
        <line num="169" count="1" type="stmt"/>
        <line num="176" count="2" type="stmt"/>
        <line num="177" count="2" type="cond" truecount="3" falsecount="0"/>
        <line num="178" count="1" type="stmt"/>
        <line num="185" count="1" type="stmt"/>
        <line num="188" count="1" type="stmt"/>
        <line num="190" count="1" type="stmt"/>
        <line num="204" count="1" type="stmt"/>
        <line num="206" count="1" type="stmt"/>
        <line num="215" count="1" type="cond" truecount="0" falsecount="1"/>
        <line num="216" count="0" type="stmt"/>
        <line num="219" count="0" type="cond" truecount="0" falsecount="3"/>
        <line num="220" count="0" type="stmt"/>
        <line num="226" count="0" type="stmt"/>
        <line num="232" count="1" type="stmt"/>
        <line num="234" count="1" type="stmt"/>
      </file>
      <file name="config.ts" path="/workspace/atlas-fitness-onboarding/app/lib/facebook/config.ts">
        <metrics statements="23" coveredstatements="13" conditionals="15" coveredconditionals="6" methods="4" coveredmethods="3"/>
        <line num="6" count="1" type="stmt"/>
        <line num="8" count="3" type="cond" truecount="2" falsecount="1"/>
        <line num="12" count="3" type="cond" truecount="2" falsecount="0"/>
        <line num="16" count="3" type="stmt"/>
        <line num="17" count="3" type="cond" truecount="1" falsecount="1"/>
        <line num="20" count="3" type="stmt"/>
        <line num="23" count="1" type="stmt"/>
        <line num="24" count="3" type="cond" truecount="1" falsecount="1"/>
        <line num="27" count="1" type="stmt"/>
        <line num="28" count="3" type="stmt"/>
        <line num="29" count="3" type="cond" truecount="0" falsecount="1"/>
        <line num="30" count="0" type="stmt"/>
        <line num="32" count="3" type="stmt"/>
        <line num="35" count="1" type="stmt"/>
        <line num="39" count="0" type="stmt"/>
        <line num="41" count="0" type="cond" truecount="0" falsecount="1"/>
        <line num="42" count="0" type="stmt"/>
        <line num="45" count="0" type="cond" truecount="0" falsecount="1"/>
        <line num="46" count="0" type="stmt"/>
        <line num="49" count="0" type="stmt"/>
        <line num="50" count="0" type="cond" truecount="0" falsecount="3"/>
        <line num="51" count="0" type="stmt"/>
        <line num="54" count="0" type="stmt"/>
      </file>
      <file name="status-checker.ts" path="/workspace/atlas-fitness-onboarding/app/lib/facebook/status-checker.ts">
        <metrics statements="46" coveredstatements="13" conditionals="12" coveredconditionals="0" methods="2" coveredmethods="1"/>
        <line num="6" count="1" type="stmt"/>
        <line num="30" count="1" type="stmt"/>
        <line num="31" count="3" type="stmt"/>
        <line num="33" count="3" type="stmt"/>
        <line num="35" count="3" type="stmt"/>
        <line num="36" count="3" type="stmt"/>
        <line num="39" count="3" type="stmt"/>
        <line num="55" count="3" type="cond" truecount="0" falsecount="1"/>
        <line num="57" count="0" type="cond" truecount="0" falsecount="3"/>
        <line num="58" count="0" type="stmt"/>
        <line num="59" count="0" type="stmt"/>
        <line num="66" count="0" type="cond" truecount="0" falsecount="1"/>
        <line num="67" count="0" type="stmt"/>
        <line num="68" count="0" type="stmt"/>
        <line num="73" count="0" type="stmt"/>
        <line num="74" count="0" type="stmt"/>
        <line num="80" count="3" type="cond" truecount="0" falsecount="1"/>
        <line num="81" count="0" type="stmt"/>
        <line num="82" count="0" type="stmt"/>
        <line num="88" count="3" type="cond" truecount="0" falsecount="1"/>
        <line num="89" count="0" type="stmt"/>
        <line num="90" count="0" type="stmt"/>
        <line num="92" count="0" type="cond" truecount="0" falsecount="1"/>
        <line num="93" count="0" type="stmt"/>
        <line num="94" count="0" type="stmt"/>
        <line num="102" count="0" type="stmt"/>
        <line num="103" count="0" type="cond" truecount="0" falsecount="1"/>
        <line num="104" count="0" type="stmt"/>
        <line num="106" count="0" type="stmt"/>
        <line num="114" count="3" type="stmt"/>
        <line num="115" count="3" type="stmt"/>
        <line num="121" count="0" type="stmt"/>
        <line num="122" count="0" type="stmt"/>
        <line num="132" count="1" type="stmt"/>
        <line num="133" count="0" type="stmt"/>
        <line num="135" count="0" type="stmt"/>
        <line num="137" count="0" type="stmt"/>
        <line num="138" count="0" type="stmt"/>
        <line num="140" count="0" type="stmt"/>
        <line num="148" count="0" type="cond" truecount="0" falsecount="1"/>
        <line num="149" count="0" type="stmt"/>
        <line num="150" count="0" type="stmt"/>
        <line num="153" count="0" type="stmt"/>
        <line num="154" count="0" type="stmt"/>
        <line num="157" count="0" type="stmt"/>
        <line num="158" count="0" type="stmt"/>
      </file>
    </package>
  </project>
</coverage>
