<?xml version="1.0" encoding="UTF-8"?>
<coverage generated="1756471664843" clover="3.2.0">
  <project timestamp="1756471664843" name="All files">
    <metrics statements="194" coveredstatements="129" conditionals="174" coveredconditionals="94" methods="52" coveredmethods="36" elements="420" coveredelements="259" complexity="0" loc="194" ncloc="194" packages="1" files="2" classes="2"/>
    <file name="NodeConfigPanel.tsx" path="/Users/samschofield/atlas-fitness-onboarding/app/components/automation/NodeConfigPanel.tsx">
      <metrics statements="35" coveredstatements="33" conditionals="37" coveredconditionals="34" methods="17" coveredmethods="16"/>
      <line num="3" count="1" type="stmt"/>
      <line num="4" count="1" type="stmt"/>
      <line num="13" count="1" type="stmt"/>
      <line num="14" count="188" type="stmt"/>
      <line num="16" count="188" type="stmt"/>
      <line num="17" count="17" type="cond" truecount="2" falsecount="0"/>
      <line num="18" count="16" type="stmt"/>
      <line num="20" count="1" type="stmt"/>
      <line num="24" count="188" type="cond" truecount="1" falsecount="0"/>
      <line num="26" count="186" type="stmt"/>
      <line num="27" count="3" type="stmt"/>
      <line num="28" count="3" type="stmt"/>
      <line num="31" count="186" type="stmt"/>
      <line num="32" count="186" type="cond" truecount="7" falsecount="1"/>
      <line num="34" count="113" type="stmt"/>
      <line num="41" count="45" type="stmt"/>
      <line num="51" count="24" type="stmt"/>
      <line num="60" count="24" type="stmt"/>
      <line num="71" count="31" type="stmt"/>
      <line num="78" count="11" type="stmt"/>
      <line num="87" count="16" type="stmt"/>
      <line num="97" count="12" type="stmt"/>
      <line num="103" count="1" type="stmt"/>
      <line num="118" count="9" type="stmt"/>
      <line num="127" count="0" type="stmt"/>
      <line num="133" count="0" type="stmt"/>
      <line num="141" count="5" type="stmt"/>
      <line num="149" count="2" type="stmt"/>
      <line num="156" count="1" type="stmt"/>
      <line num="170" count="23" type="stmt"/>
      <line num="177" count="11" type="stmt"/>
      <line num="186" count="1" type="stmt"/>
      <line num="202" count="9" type="stmt"/>
      <line num="211" count="2" type="stmt"/>
      <line num="219" count="186" type="stmt"/>
    </file>
    <file name="WorkflowValidator.tsx" path="/Users/samschofield/atlas-fitness-onboarding/app/components/automation/WorkflowValidator.tsx">
      <metrics statements="159" coveredstatements="96" conditionals="137" coveredconditionals="60" methods="35" coveredmethods="20"/>
      <line num="3" count="1" type="stmt"/>
      <line num="4" count="1" type="stmt"/>
      <line num="36" count="1" type="stmt"/>
      <line num="37" count="21" type="stmt"/>
      <line num="38" count="21" type="stmt"/>
      <line num="39" count="21" type="stmt"/>
      <line num="40" count="21" type="stmt"/>
      <line num="43" count="46" type="stmt"/>
      <line num="44" count="21" type="cond" truecount="2" falsecount="0"/>
      <line num="45" count="2" type="stmt"/>
      <line num="52" count="19" type="cond" truecount="1" falsecount="0"/>
      <line num="53" count="1" type="stmt"/>
      <line num="63" count="21" type="stmt"/>
      <line num="64" count="53" type="stmt"/>
      <line num="65" count="53" type="stmt"/>
      <line num="68" count="46" type="cond" truecount="3" falsecount="0"/>
      <line num="69" count="3" type="stmt"/>
      <line num="80" count="46" type="stmt"/>
      <line num="81" count="46" type="cond" truecount="4" falsecount="0"/>
      <line num="82" count="3" type="stmt"/>
      <line num="94" count="21" type="stmt"/>
      <line num="95" count="46" type="cond" truecount="1" falsecount="1"/>
      <line num="98" count="46" type="cond" truecount="1" falsecount="0"/>
      <line num="99" count="20" type="cond" truecount="2" falsecount="0"/>
      <line num="101" count="20" type="cond" truecount="0" falsecount="2"/>
      <line num="103" count="0" type="cond" truecount="0" falsecount="1"/>
      <line num="104" count="0" type="stmt"/>
      <line num="113" count="0" type="stmt"/>
      <line num="115" count="0" type="cond" truecount="0" falsecount="1"/>
      <line num="116" count="0" type="stmt"/>
      <line num="125" count="0" type="stmt"/>
      <line num="130" count="46" type="cond" truecount="1" falsecount="0"/>
      <line num="131" count="21" type="stmt"/>
      <line num="133" count="21" type="cond" truecount="3" falsecount="1"/>
      <line num="135" count="14" type="cond" truecount="3" falsecount="0"/>
      <line num="136" count="1" type="stmt"/>
      <line num="145" count="14" type="cond" truecount="1" falsecount="0"/>
      <line num="146" count="13" type="cond" truecount="1" falsecount="0"/>
      <line num="147" count="2" type="stmt"/>
      <line num="155" count="13" type="cond" truecount="1" falsecount="0"/>
      <line num="156" count="2" type="stmt"/>
      <line num="165" count="14" type="stmt"/>
      <line num="168" count="5" type="cond" truecount="2" falsecount="0"/>
      <line num="169" count="2" type="stmt"/>
      <line num="177" count="3" type="cond" truecount="1" falsecount="0"/>
      <line num="178" count="1" type="stmt"/>
      <line num="187" count="5" type="stmt"/>
      <line num="190" count="2" type="cond" truecount="3" falsecount="0"/>
      <line num="191" count="1" type="stmt"/>
      <line num="199" count="2" type="cond" truecount="3" falsecount="0"/>
      <line num="200" count="1" type="stmt"/>
      <line num="208" count="2" type="stmt"/>
      <line num="211" count="0" type="cond" truecount="0" falsecount="1"/>
      <line num="212" count="0" type="stmt"/>
      <line num="220" count="0" type="stmt"/>
      <line num="225" count="46" type="cond" truecount="1" falsecount="0"/>
      <line num="226" count="5" type="cond" truecount="1" falsecount="0"/>
      <line num="227" count="1" type="stmt"/>
      <line num="236" count="5" type="cond" truecount="1" falsecount="0"/>
      <line num="237" count="4" type="cond" truecount="4" falsecount="0"/>
      <line num="238" count="1" type="stmt"/>
      <line num="249" count="8" type="cond" truecount="2" falsecount="0"/>
      <line num="250" count="9" type="cond" truecount="2" falsecount="0"/>
      <line num="252" count="5" type="cond" truecount="1" falsecount="0"/>
      <line num="253" count="3" type="stmt"/>
      <line num="263" count="5" type="cond" truecount="1" falsecount="0"/>
      <line num="264" count="3" type="stmt"/>
      <line num="276" count="46" type="cond" truecount="0" falsecount="1"/>
      <line num="277" count="0" type="cond" truecount="0" falsecount="1"/>
      <line num="278" count="0" type="stmt"/>
      <line num="287" count="0" type="cond" truecount="0" falsecount="3"/>
      <line num="288" count="0" type="stmt"/>
      <line num="299" count="46" type="cond" truecount="0" falsecount="1"/>
      <line num="300" count="0" type="cond" truecount="0" falsecount="1"/>
      <line num="301" count="0" type="stmt"/>
      <line num="310" count="0" type="cond" truecount="0" falsecount="3"/>
      <line num="311" count="0" type="stmt"/>
      <line num="321" count="0" type="cond" truecount="0" falsecount="3"/>
      <line num="322" count="0" type="stmt"/>
      <line num="334" count="46" type="cond" truecount="0" falsecount="1"/>
      <line num="335" count="0" type="cond" truecount="0" falsecount="2"/>
      <line num="336" count="0" type="cond" truecount="0" falsecount="1"/>
      <line num="337" count="0" type="stmt"/>
      <line num="347" count="0" type="stmt"/>
      <line num="348" count="0" type="stmt"/>
      <line num="349" count="0" type="cond" truecount="0" falsecount="2"/>
      <line num="351" count="0" type="cond" truecount="0" falsecount="1"/>
      <line num="352" count="0" type="stmt"/>
      <line num="368" count="21" type="stmt"/>
      <line num="369" count="20" type="stmt"/>
      <line num="370" count="24" type="stmt"/>
      <line num="371" count="39" type="stmt"/>
      <line num="372" count="19" type="cond" truecount="2" falsecount="0"/>
      <line num="374" count="20" type="cond" truecount="1" falsecount="0"/>
      <line num="375" count="14" type="stmt"/>
      <line num="387" count="21" type="stmt"/>
      <line num="388" count="21" type="stmt"/>
      <line num="389" count="0" type="cond" truecount="0" falsecount="1"/>
      <line num="390" count="0" type="stmt"/>
      <line num="401" count="46" type="stmt"/>
      <line num="402" count="21" type="cond" truecount="1" falsecount="2"/>
      <line num="403" count="0" type="stmt"/>
      <line num="413" count="21" type="stmt"/>
      <line num="414" count="21" type="stmt"/>
      <line num="416" count="21" type="stmt"/>
      <line num="417" count="16" type="cond" truecount="1" falsecount="1"/>
      <line num="418" count="0" type="cond" truecount="0" falsecount="2"/>
      <line num="419" count="0" type="stmt"/>
      <line num="422" count="21" type="stmt"/>
      <line num="423" count="11" type="cond" truecount="1" falsecount="1"/>
      <line num="424" count="11" type="cond" truecount="1" falsecount="1"/>
      <line num="425" count="0" type="stmt"/>
      <line num="428" count="21" type="stmt"/>
      <line num="430" count="21" type="stmt"/>
      <line num="442" count="21" type="stmt"/>
      <line num="443" count="21" type="stmt"/>
      <line num="445" count="21" type="stmt"/>
      <line num="446" count="46" type="cond" truecount="3" falsecount="0"/>
      <line num="448" count="21" type="stmt"/>
      <line num="449" count="21" type="stmt"/>
      <line num="451" count="21" type="cond" truecount="3" falsecount="0"/>
      <line num="452" count="21" type="stmt"/>
      <line num="453" count="21" type="stmt"/>
      <line num="456" count="25" type="stmt"/>
      <line num="457" count="21" type="cond" truecount="1" falsecount="1"/>
      <line num="458" count="0" type="stmt"/>
      <line num="459" count="0" type="cond" truecount="0" falsecount="4"/>
      <line num="460" count="0" type="stmt"/>
      <line num="462" count="0" type="stmt"/>
      <line num="465" count="21" type="stmt"/>
      <line num="469" count="21" type="cond" truecount="0" falsecount="1"/>
      <line num="470" count="0" type="stmt"/>
      <line num="474" count="21" type="stmt"/>
      <line num="477" count="1" type="stmt"/>
      <line num="484" count="0" type="stmt"/>
      <line num="485" count="0" type="stmt"/>
      <line num="487" count="0" type="stmt"/>
      <line num="488" count="0" type="cond" truecount="0" falsecount="1"/>
      <line num="489" count="0" type="cond" truecount="0" falsecount="1"/>
      <line num="490" count="0" type="stmt"/>
      <line num="493" count="0" type="stmt"/>
      <line num="494" count="0" type="cond" truecount="0" falsecount="1"/>
      <line num="495" count="0" type="cond" truecount="0" falsecount="1"/>
      <line num="496" count="0" type="stmt"/>
      <line num="499" count="0" type="stmt"/>
      <line num="501" count="0" type="cond" truecount="0" falsecount="3"/>
      <line num="502" count="0" type="stmt"/>
      <line num="517" count="0" type="stmt"/>
      <line num="549" count="0" type="cond" truecount="0" falsecount="2"/>
      <line num="552" count="0" type="cond" truecount="0" falsecount="2"/>
      <line num="555" count="0" type="cond" truecount="0" falsecount="2"/>
      <line num="558" count="0" type="stmt"/>
      <line num="562" count="0" type="cond" truecount="0" falsecount="2"/>
      <line num="591" count="0" type="stmt"/>
      <line num="599" count="0" type="stmt"/>
      <line num="600" count="0" type="stmt"/>
      <line num="616" count="0" type="cond" truecount="0" falsecount="2"/>
      <line num="620" count="0" type="stmt"/>
      <line num="621" count="0" type="stmt"/>
    </file>
  </project>
</coverage>
