{"/Users/samschofield/atlas-fitness-onboarding/app/components/automation/NodeConfigPanel.tsx": {"path":"/Users/samschofield/atlas-fitness-onboarding/app/components/automation/NodeConfigPanel.tsx","statementMap":{"0":{"start":{"line":13,"column":0},"end":{"line":13,"column":24}},"1":{"start":{"line":3,"column":0},"end":{"line":3,"column":43}},"2":{"start":{"line":4,"column":0},"end":{"line":4,"column":38}},"3":{"start":{"line":14,"column":30},"end":{"line":14,"column":47}},"4":{"start":{"line":16,"column":2},"end":{"line":22,"column":null}},"5":{"start":{"line":17,"column":4},"end":{"line":21,"column":5}},"6":{"start":{"line":18,"column":6},"end":{"line":18,"column":null}},"7":{"start":{"line":20,"column":6},"end":{"line":20,"column":null}},"8":{"start":{"line":24,"column":2},"end":{"line":24,"column":null}},"9":{"start":{"line":24,"column":13},"end":{"line":24,"column":null}},"10":{"start":{"line":26,"column":21},"end":{"line":29,"column":3}},"11":{"start":{"line":27,"column":4},"end":{"line":27,"column":null}},"12":{"start":{"line":28,"column":4},"end":{"line":28,"column":null}},"13":{"start":{"line":31,"column":29},"end":{"line":217,"column":3}},"14":{"start":{"line":32,"column":4},"end":{"line":216,"column":5}},"15":{"start":{"line":34,"column":8},"end":{"line":67,"column":null}},"16":{"start":{"line":41,"column":33},"end":{"line":41,"column":77}},"17":{"start":{"line":51,"column":33},"end":{"line":51,"column":82}},"18":{"start":{"line":60,"column":33},"end":{"line":60,"column":79}},"19":{"start":{"line":71,"column":8},"end":{"line":94,"column":null}},"20":{"start":{"line":78,"column":33},"end":{"line":78,"column":77}},"21":{"start":{"line":87,"column":33},"end":{"line":87,"column":82}},"22":{"start":{"line":97,"column":8},"end":{"line":124,"column":null}},"23":{"start":{"line":103,"column":33},"end":{"line":103,"column":80}},"24":{"start":{"line":118,"column":33},"end":{"line":118,"column":80}},"25":{"start":{"line":127,"column":8},"end":{"line":138,"column":null}},"26":{"start":{"line":133,"column":31},"end":{"line":133,"column":76}},"27":{"start":{"line":141,"column":8},"end":{"line":167,"column":null}},"28":{"start":{"line":149,"column":35},"end":{"line":149,"column":95}},"29":{"start":{"line":156,"column":35},"end":{"line":156,"column":81}},"30":{"start":{"line":170,"column":8},"end":{"line":208,"column":null}},"31":{"start":{"line":177,"column":33},"end":{"line":177,"column":80}},"32":{"start":{"line":186,"column":33},"end":{"line":186,"column":83}},"33":{"start":{"line":202,"column":33},"end":{"line":202,"column":80}},"34":{"start":{"line":211,"column":8},"end":{"line":215,"column":null}},"35":{"start":{"line":219,"column":2},"end":{"line":253,"column":null}}},"fnMap":{"0":{"name":"NodeConfigPanel","decl":{"start":{"line":13,"column":24},"end":{"line":13,"column":39}},"loc":{"start":{"line":13,"column":87},"end":{"line":254,"column":1}}},"1":{"name":"(anonymous_1)","decl":{"start":{"line":16,"column":12},"end":{"line":16,"column":15}},"loc":{"start":{"line":16,"column":17},"end":{"line":22,"column":3}}},"2":{"name":"(anonymous_2)","decl":{"start":{"line":26,"column":21},"end":{"line":26,"column":24}},"loc":{"start":{"line":26,"column":26},"end":{"line":29,"column":3}}},"3":{"name":"(anonymous_3)","decl":{"start":{"line":31,"column":29},"end":{"line":31,"column":32}},"loc":{"start":{"line":31,"column":34},"end":{"line":217,"column":3}}},"4":{"name":"(anonymous_4)","decl":{"start":{"line":41,"column":26},"end":{"line":41,"column":27}},"loc":{"start":{"line":41,"column":33},"end":{"line":41,"column":77}}},"5":{"name":"(anonymous_5)","decl":{"start":{"line":51,"column":26},"end":{"line":51,"column":27}},"loc":{"start":{"line":51,"column":33},"end":{"line":51,"column":82}}},"6":{"name":"(anonymous_6)","decl":{"start":{"line":60,"column":26},"end":{"line":60,"column":27}},"loc":{"start":{"line":60,"column":33},"end":{"line":60,"column":79}}},"7":{"name":"(anonymous_7)","decl":{"start":{"line":78,"column":26},"end":{"line":78,"column":27}},"loc":{"start":{"line":78,"column":33},"end":{"line":78,"column":77}}},"8":{"name":"(anonymous_8)","decl":{"start":{"line":87,"column":26},"end":{"line":87,"column":27}},"loc":{"start":{"line":87,"column":33},"end":{"line":87,"column":82}}},"9":{"name":"(anonymous_9)","decl":{"start":{"line":103,"column":26},"end":{"line":103,"column":27}},"loc":{"start":{"line":103,"column":33},"end":{"line":103,"column":80}}},"10":{"name":"(anonymous_10)","decl":{"start":{"line":118,"column":26},"end":{"line":118,"column":27}},"loc":{"start":{"line":118,"column":33},"end":{"line":118,"column":80}}},"11":{"name":"(anonymous_11)","decl":{"start":{"line":133,"column":24},"end":{"line":133,"column":25}},"loc":{"start":{"line":133,"column":31},"end":{"line":133,"column":76}}},"12":{"name":"(anonymous_12)","decl":{"start":{"line":149,"column":28},"end":{"line":149,"column":29}},"loc":{"start":{"line":149,"column":35},"end":{"line":149,"column":95}}},"13":{"name":"(anonymous_13)","decl":{"start":{"line":156,"column":28},"end":{"line":156,"column":29}},"loc":{"start":{"line":156,"column":35},"end":{"line":156,"column":81}}},"14":{"name":"(anonymous_14)","decl":{"start":{"line":177,"column":26},"end":{"line":177,"column":27}},"loc":{"start":{"line":177,"column":33},"end":{"line":177,"column":80}}},"15":{"name":"(anonymous_15)","decl":{"start":{"line":186,"column":26},"end":{"line":186,"column":27}},"loc":{"start":{"line":186,"column":33},"end":{"line":186,"column":83}}},"16":{"name":"(anonymous_16)","decl":{"start":{"line":202,"column":26},"end":{"line":202,"column":27}},"loc":{"start":{"line":202,"column":33},"end":{"line":202,"column":80}}}},"branchMap":{"0":{"loc":{"start":{"line":17,"column":4},"end":{"line":21,"column":5}},"type":"if","locations":[{"start":{"line":17,"column":4},"end":{"line":21,"column":5}},{"start":{"line":19,"column":11},"end":{"line":21,"column":5}}]},"1":{"loc":{"start":{"line":24,"column":2},"end":{"line":24,"column":null}},"type":"if","locations":[{"start":{"line":24,"column":2},"end":{"line":24,"column":null}}]},"2":{"loc":{"start":{"line":32,"column":4},"end":{"line":216,"column":5}},"type":"switch","locations":[{"start":{"line":33,"column":6},"end":{"line":67,"column":null}},{"start":{"line":69,"column":6},"end":{"line":69,"column":22}},{"start":{"line":70,"column":6},"end":{"line":94,"column":null}},{"start":{"line":96,"column":6},"end":{"line":124,"column":null}},{"start":{"line":126,"column":6},"end":{"line":138,"column":null}},{"start":{"line":140,"column":6},"end":{"line":167,"column":null}},{"start":{"line":169,"column":6},"end":{"line":208,"column":null}},{"start":{"line":210,"column":6},"end":{"line":215,"column":null}}]},"3":{"loc":{"start":{"line":40,"column":23},"end":{"line":40,"column":38}},"type":"binary-expr","locations":[{"start":{"line":40,"column":23},"end":{"line":40,"column":32}},{"start":{"line":40,"column":36},"end":{"line":40,"column":38}}]},"4":{"loc":{"start":{"line":50,"column":23},"end":{"line":50,"column":43}},"type":"binary-expr","locations":[{"start":{"line":50,"column":23},"end":{"line":50,"column":37}},{"start":{"line":50,"column":41},"end":{"line":50,"column":43}}]},"5":{"loc":{"start":{"line":59,"column":23},"end":{"line":59,"column":40}},"type":"binary-expr","locations":[{"start":{"line":59,"column":23},"end":{"line":59,"column":34}},{"start":{"line":59,"column":38},"end":{"line":59,"column":40}}]},"6":{"loc":{"start":{"line":77,"column":23},"end":{"line":77,"column":38}},"type":"binary-expr","locations":[{"start":{"line":77,"column":23},"end":{"line":77,"column":32}},{"start":{"line":77,"column":36},"end":{"line":77,"column":38}}]},"7":{"loc":{"start":{"line":86,"column":23},"end":{"line":86,"column":43}},"type":"binary-expr","locations":[{"start":{"line":86,"column":23},"end":{"line":86,"column":37}},{"start":{"line":86,"column":41},"end":{"line":86,"column":43}}]},"8":{"loc":{"start":{"line":102,"column":23},"end":{"line":102,"column":41}},"type":"binary-expr","locations":[{"start":{"line":102,"column":23},"end":{"line":102,"column":35}},{"start":{"line":102,"column":39},"end":{"line":102,"column":41}}]},"9":{"loc":{"start":{"line":117,"column":23},"end":{"line":117,"column":41}},"type":"binary-expr","locations":[{"start":{"line":117,"column":23},"end":{"line":117,"column":35}},{"start":{"line":117,"column":39},"end":{"line":117,"column":41}}]},"10":{"loc":{"start":{"line":132,"column":21},"end":{"line":132,"column":37}},"type":"binary-expr","locations":[{"start":{"line":132,"column":21},"end":{"line":132,"column":31}},{"start":{"line":132,"column":35},"end":{"line":132,"column":37}}]},"11":{"loc":{"start":{"line":148,"column":25},"end":{"line":148,"column":46}},"type":"binary-expr","locations":[{"start":{"line":148,"column":25},"end":{"line":148,"column":40}},{"start":{"line":148,"column":44},"end":{"line":148,"column":46}}]},"12":{"loc":{"start":{"line":155,"column":25},"end":{"line":155,"column":49}},"type":"binary-expr","locations":[{"start":{"line":155,"column":25},"end":{"line":155,"column":36}},{"start":{"line":155,"column":40},"end":{"line":155,"column":49}}]},"13":{"loc":{"start":{"line":176,"column":23},"end":{"line":176,"column":41}},"type":"binary-expr","locations":[{"start":{"line":176,"column":23},"end":{"line":176,"column":35}},{"start":{"line":176,"column":39},"end":{"line":176,"column":41}}]},"14":{"loc":{"start":{"line":185,"column":23},"end":{"line":185,"column":44}},"type":"binary-expr","locations":[{"start":{"line":185,"column":23},"end":{"line":185,"column":38}},{"start":{"line":185,"column":42},"end":{"line":185,"column":44}}]},"15":{"loc":{"start":{"line":201,"column":23},"end":{"line":201,"column":41}},"type":"binary-expr","locations":[{"start":{"line":201,"column":23},"end":{"line":201,"column":35}},{"start":{"line":201,"column":39},"end":{"line":201,"column":41}}]}},"s":{"0":1,"1":1,"2":1,"3":188,"4":188,"5":17,"6":16,"7":1,"8":188,"9":2,"10":186,"11":3,"12":3,"13":186,"14":186,"15":113,"16":45,"17":24,"18":24,"19":31,"20":11,"21":16,"22":12,"23":1,"24":9,"25":0,"26":0,"27":5,"28":2,"29":1,"30":23,"31":11,"32":1,"33":9,"34":2,"35":186},"f":{"0":188,"1":17,"2":3,"3":186,"4":45,"5":24,"6":24,"7":11,"8":16,"9":1,"10":9,"11":0,"12":2,"13":1,"14":11,"15":1,"16":9},"b":{"0":[16,1],"1":[2],"2":[113,31,31,12,0,5,23,2],"3":[113,17],"4":[113,64],"5":[113,88],"6":[31,3],"7":[31,14],"8":[12,2],"9":[12,3],"10":[0,0],"11":[5,2],"12":[5,4],"13":[23,2],"14":[23,13],"15":[23,14]}}
,"/Users/samschofield/atlas-fitness-onboarding/app/components/automation/WorkflowValidator.tsx": {"path":"/Users/samschofield/atlas-fitness-onboarding/app/components/automation/WorkflowValidator.tsx","statementMap":{"0":{"start":{"line":36,"column":0},"end":{"line":36,"column":16}},"1":{"start":{"line":477,"column":0},"end":{"line":477,"column":24}},"2":{"start":{"line":3,"column":0},"end":{"line":3,"column":38}},"3":{"start":{"line":4,"column":0},"end":{"line":4,"column":101}},"4":{"start":{"line":37,"column":2},"end":{"line":438,"column":null}},"5":{"start":{"line":38,"column":38},"end":{"line":38,"column":40}},"6":{"start":{"line":39,"column":40},"end":{"line":39,"column":42}},"7":{"start":{"line":40,"column":43},"end":{"line":40,"column":45}},"8":{"start":{"line":43,"column":25},"end":{"line":43,"column":70}},"9":{"start":{"line":43,"column":46},"end":{"line":43,"column":69}},"10":{"start":{"line":44,"column":4},"end":{"line":60,"column":5}},"11":{"start":{"line":45,"column":6},"end":{"line":51,"column":null}},"12":{"start":{"line":52,"column":11},"end":{"line":60,"column":5}},"13":{"start":{"line":53,"column":6},"end":{"line":59,"column":null}},"14":{"start":{"line":63,"column":4},"end":{"line":91,"column":null}},"15":{"start":{"line":64,"column":30},"end":{"line":64,"column":73}},"16":{"start":{"line":64,"column":49},"end":{"line":64,"column":72}},"17":{"start":{"line":65,"column":30},"end":{"line":65,"column":73}},"18":{"start":{"line":65,"column":49},"end":{"line":65,"column":72}},"19":{"start":{"line":68,"column":6},"end":{"line":77,"column":7}},"20":{"start":{"line":69,"column":8},"end":{"line":76,"column":null}},"21":{"start":{"line":80,"column":24},"end":{"line":80,"column":54}},"22":{"start":{"line":81,"column":6},"end":{"line":90,"column":7}},"23":{"start":{"line":82,"column":8},"end":{"line":89,"column":null}},"24":{"start":{"line":94,"column":4},"end":{"line":363,"column":null}},"25":{"start":{"line":95,"column":21},"end":{"line":95,"column":43}},"26":{"start":{"line":98,"column":6},"end":{"line":127,"column":7}},"27":{"start":{"line":99,"column":24},"end":{"line":99,"column":56}},"28":{"start":{"line":101,"column":8},"end":{"line":126,"column":9}},"29":{"start":{"line":103,"column":12},"end":{"line":112,"column":13}},"30":{"start":{"line":104,"column":14},"end":{"line":111,"column":null}},"31":{"start":{"line":113,"column":12},"end":{"line":113,"column":17}},"32":{"start":{"line":115,"column":12},"end":{"line":124,"column":13}},"33":{"start":{"line":116,"column":14},"end":{"line":123,"column":null}},"34":{"start":{"line":125,"column":12},"end":{"line":125,"column":17}},"35":{"start":{"line":130,"column":6},"end":{"line":222,"column":7}},"36":{"start":{"line":131,"column":27},"end":{"line":131,"column":47}},"37":{"start":{"line":133,"column":8},"end":{"line":221,"column":9}},"38":{"start":{"line":135,"column":12},"end":{"line":144,"column":13}},"39":{"start":{"line":136,"column":14},"end":{"line":143,"column":null}},"40":{"start":{"line":145,"column":12},"end":{"line":164,"column":13}},"41":{"start":{"line":146,"column":14},"end":{"line":154,"column":15}},"42":{"start":{"line":147,"column":16},"end":{"line":153,"column":null}},"43":{"start":{"line":155,"column":14},"end":{"line":163,"column":15}},"44":{"start":{"line":156,"column":16},"end":{"line":162,"column":null}},"45":{"start":{"line":165,"column":12},"end":{"line":165,"column":17}},"46":{"start":{"line":168,"column":12},"end":{"line":186,"column":13}},"47":{"start":{"line":169,"column":14},"end":{"line":176,"column":null}},"48":{"start":{"line":177,"column":19},"end":{"line":186,"column":13}},"49":{"start":{"line":178,"column":14},"end":{"line":185,"column":null}},"50":{"start":{"line":187,"column":12},"end":{"line":187,"column":17}},"51":{"start":{"line":190,"column":12},"end":{"line":198,"column":13}},"52":{"start":{"line":191,"column":14},"end":{"line":197,"column":null}},"53":{"start":{"line":199,"column":12},"end":{"line":207,"column":13}},"54":{"start":{"line":200,"column":14},"end":{"line":206,"column":null}},"55":{"start":{"line":208,"column":12},"end":{"line":208,"column":17}},"56":{"start":{"line":211,"column":12},"end":{"line":219,"column":13}},"57":{"start":{"line":212,"column":14},"end":{"line":218,"column":null}},"58":{"start":{"line":220,"column":12},"end":{"line":220,"column":17}},"59":{"start":{"line":225,"column":6},"end":{"line":273,"column":7}},"60":{"start":{"line":226,"column":8},"end":{"line":234,"column":9}},"61":{"start":{"line":227,"column":10},"end":{"line":233,"column":null}},"62":{"start":{"line":236,"column":8},"end":{"line":246,"column":9}},"63":{"start":{"line":237,"column":10},"end":{"line":245,"column":11}},"64":{"start":{"line":238,"column":12},"end":{"line":244,"column":null}},"65":{"start":{"line":249,"column":25},"end":{"line":249,"column":100}},"66":{"start":{"line":249,"column":44},"end":{"line":249,"column":99}},"67":{"start":{"line":250,"column":26},"end":{"line":250,"column":102}},"68":{"start":{"line":250,"column":45},"end":{"line":250,"column":101}},"69":{"start":{"line":252,"column":8},"end":{"line":261,"column":9}},"70":{"start":{"line":253,"column":10},"end":{"line":260,"column":null}},"71":{"start":{"line":263,"column":8},"end":{"line":272,"column":9}},"72":{"start":{"line":264,"column":10},"end":{"line":271,"column":null}},"73":{"start":{"line":276,"column":6},"end":{"line":296,"column":7}},"74":{"start":{"line":277,"column":8},"end":{"line":285,"column":9}},"75":{"start":{"line":278,"column":10},"end":{"line":284,"column":null}},"76":{"start":{"line":287,"column":8},"end":{"line":295,"column":9}},"77":{"start":{"line":288,"column":10},"end":{"line":294,"column":null}},"78":{"start":{"line":299,"column":6},"end":{"line":331,"column":7}},"79":{"start":{"line":300,"column":8},"end":{"line":308,"column":9}},"80":{"start":{"line":301,"column":10},"end":{"line":307,"column":null}},"81":{"start":{"line":310,"column":8},"end":{"line":318,"column":9}},"82":{"start":{"line":311,"column":10},"end":{"line":317,"column":null}},"83":{"start":{"line":321,"column":8},"end":{"line":330,"column":9}},"84":{"start":{"line":322,"column":10},"end":{"line":329,"column":null}},"85":{"start":{"line":334,"column":6},"end":{"line":362,"column":7}},"86":{"start":{"line":335,"column":25},"end":{"line":335,"column":45}},"87":{"start":{"line":336,"column":8},"end":{"line":344,"column":9}},"88":{"start":{"line":337,"column":10},"end":{"line":343,"column":null}},"89":{"start":{"line":347,"column":8},"end":{"line":361,"column":9}},"90":{"start":{"line":347,"column":21},"end":{"line":347,"column":22}},"91":{"start":{"line":348,"column":29},"end":{"line":349,"column":null}},"92":{"start":{"line":349,"column":12},"end":{"line":349,"column":74}},"93":{"start":{"line":351,"column":10},"end":{"line":360,"column":11}},"94":{"start":{"line":352,"column":12},"end":{"line":359,"column":null}},"95":{"start":{"line":368,"column":4},"end":{"line":384,"column":null}},"96":{"start":{"line":369,"column":28},"end":{"line":372,"column":93}},"97":{"start":{"line":370,"column":24},"end":{"line":370,"column":54}},"98":{"start":{"line":371,"column":21},"end":{"line":371,"column":64}},"99":{"start":{"line":371,"column":40},"end":{"line":371,"column":63}},"100":{"start":{"line":372,"column":24},"end":{"line":372,"column":92}},"101":{"start":{"line":374,"column":6},"end":{"line":383,"column":7}},"102":{"start":{"line":375,"column":8},"end":{"line":382,"column":null}},"103":{"start":{"line":387,"column":28},"end":{"line":387,"column":65}},"104":{"start":{"line":388,"column":4},"end":{"line":398,"column":null}},"105":{"start":{"line":389,"column":6},"end":{"line":397,"column":7}},"106":{"start":{"line":390,"column":8},"end":{"line":396,"column":null}},"107":{"start":{"line":401,"column":24},"end":{"line":401,"column":68}},"108":{"start":{"line":401,"column":45},"end":{"line":401,"column":67}},"109":{"start":{"line":402,"column":4},"end":{"line":410,"column":5}},"110":{"start":{"line":402,"column":54},"end":{"line":402,"column":79}},"111":{"start":{"line":403,"column":6},"end":{"line":409,"column":null}},"112":{"start":{"line":413,"column":24},"end":{"line":413,"column":26}},"113":{"start":{"line":414,"column":23},"end":{"line":414,"column":34}},"114":{"start":{"line":416,"column":4},"end":{"line":420,"column":null}},"115":{"start":{"line":417,"column":6},"end":{"line":419,"column":null}},"116":{"start":{"line":417,"column":37},"end":{"line":417,"column":null}},"117":{"start":{"line":418,"column":11},"end":{"line":419,"column":null}},"118":{"start":{"line":418,"column":44},"end":{"line":418,"column":null}},"119":{"start":{"line":419,"column":11},"end":{"line":419,"column":null}},"120":{"start":{"line":422,"column":4},"end":{"line":426,"column":null}},"121":{"start":{"line":423,"column":6},"end":{"line":425,"column":null}},"122":{"start":{"line":423,"column":39},"end":{"line":423,"column":null}},"123":{"start":{"line":424,"column":11},"end":{"line":425,"column":null}},"124":{"start":{"line":424,"column":46},"end":{"line":424,"column":null}},"125":{"start":{"line":425,"column":11},"end":{"line":425,"column":null}},"126":{"start":{"line":428,"column":18},"end":{"line":428,"column":77}},"127":{"start":{"line":430,"column":4},"end":{"line":437,"column":null}},"128":{"start":{"line":442,"column":32},"end":{"line":442,"column":34}},"129":{"start":{"line":443,"column":18},"end":{"line":443,"column":35}},"130":{"start":{"line":445,"column":2},"end":{"line":472,"column":null}},"131":{"start":{"line":446,"column":4},"end":{"line":446,"column":62}},"132":{"start":{"line":446,"column":56},"end":{"line":446,"column":62}},"133":{"start":{"line":448,"column":31},"end":{"line":448,"column":33}},"134":{"start":{"line":449,"column":22},"end":{"line":449,"column":26}},"135":{"start":{"line":451,"column":4},"end":{"line":467,"column":5}},"136":{"start":{"line":452,"column":6},"end":{"line":452,"column":null}},"137":{"start":{"line":453,"column":6},"end":{"line":453,"column":null}},"138":{"start":{"line":456,"column":23},"end":{"line":456,"column":73}},"139":{"start":{"line":456,"column":42},"end":{"line":456,"column":72}},"140":{"start":{"line":457,"column":6},"end":{"line":466,"column":7}},"141":{"start":{"line":458,"column":25},"end":{"line":458,"column":66}},"142":{"start":{"line":458,"column":41},"end":{"line":458,"column":65}},"143":{"start":{"line":459,"column":8},"end":{"line":463,"column":9}},"144":{"start":{"line":460,"column":10},"end":{"line":460,"column":null}},"145":{"start":{"line":462,"column":10},"end":{"line":462,"column":15}},"146":{"start":{"line":465,"column":8},"end":{"line":465,"column":13}},"147":{"start":{"line":469,"column":4},"end":{"line":471,"column":5}},"148":{"start":{"line":470,"column":6},"end":{"line":470,"column":null}},"149":{"start":{"line":474,"column":2},"end":{"line":474,"column":null}},"150":{"start":{"line":484,"column":21},"end":{"line":484,"column":56}},"151":{"start":{"line":485,"column":60},"end":{"line":485,"column":70}},"152":{"start":{"line":487,"column":24},"end":{"line":491,"column":3}},"153":{"start":{"line":488,"column":4},"end":{"line":488,"column":null}},"154":{"start":{"line":488,"column":21},"end":{"line":488,"column":null}},"155":{"start":{"line":489,"column":4},"end":{"line":489,"column":null}},"156":{"start":{"line":489,"column":21},"end":{"line":489,"column":null}},"157":{"start":{"line":490,"column":4},"end":{"line":490,"column":null}},"158":{"start":{"line":493,"column":26},"end":{"line":497,"column":3}},"159":{"start":{"line":494,"column":4},"end":{"line":494,"column":null}},"160":{"start":{"line":494,"column":21},"end":{"line":494,"column":null}},"161":{"start":{"line":495,"column":4},"end":{"line":495,"column":null}},"162":{"start":{"line":495,"column":21},"end":{"line":495,"column":null}},"163":{"start":{"line":496,"column":4},"end":{"line":496,"column":null}},"164":{"start":{"line":499,"column":20},"end":{"line":499,"column":60}},"165":{"start":{"line":501,"column":2},"end":{"line":515,"column":3}},"166":{"start":{"line":502,"column":4},"end":{"line":514,"column":null}},"167":{"start":{"line":517,"column":2},"end":{"line":631,"column":null}},"168":{"start":{"line":549,"column":32},"end":{"line":550,"column":78}},"169":{"start":{"line":552,"column":29},"end":{"line":553,"column":90}},"170":{"start":{"line":555,"column":26},"end":{"line":556,"column":93}},"171":{"start":{"line":558,"column":10},"end":{"line":611,"column":null}},"172":{"start":{"line":562,"column":29},"end":{"line":562,"column":73}},"173":{"start":{"line":591,"column":49},"end":{"line":591,"column":70}},"174":{"start":{"line":599,"column":26},"end":{"line":599,"column":null}},"175":{"start":{"line":600,"column":26},"end":{"line":600,"column":null}},"176":{"start":{"line":616,"column":31},"end":{"line":616,"column":44}},"177":{"start":{"line":620,"column":28},"end":{"line":620,"column":97}},"178":{"start":{"line":620,"column":54},"end":{"line":620,"column":67}},"179":{"start":{"line":620,"column":82},"end":{"line":620,"column":96}},"180":{"start":{"line":621,"column":14},"end":{"line":621,"column":null}}},"fnMap":{"0":{"name":"useWorkflowValidation","decl":{"start":{"line":36,"column":16},"end":{"line":36,"column":37}},"loc":{"start":{"line":36,"column":74},"end":{"line":439,"column":1}}},"1":{"name":"(anonymous_10)","decl":{"start":{"line":37,"column":17},"end":{"line":37,"column":20}},"loc":{"start":{"line":37,"column":22},"end":{"line":438,"column":3}}},"2":{"name":"(anonymous_11)","decl":{"start":{"line":43,"column":38},"end":{"line":43,"column":42}},"loc":{"start":{"line":43,"column":46},"end":{"line":43,"column":69}}},"3":{"name":"(anonymous_12)","decl":{"start":{"line":63,"column":18},"end":{"line":63,"column":22}},"loc":{"start":{"line":63,"column":25},"end":{"line":91,"column":5}}},"4":{"name":"(anonymous_13)","decl":{"start":{"line":64,"column":41},"end":{"line":64,"column":45}},"loc":{"start":{"line":64,"column":49},"end":{"line":64,"column":72}}},"5":{"name":"(anonymous_14)","decl":{"start":{"line":65,"column":41},"end":{"line":65,"column":45}},"loc":{"start":{"line":65,"column":49},"end":{"line":65,"column":72}}},"6":{"name":"(anonymous_15)","decl":{"start":{"line":94,"column":18},"end":{"line":94,"column":22}},"loc":{"start":{"line":94,"column":25},"end":{"line":363,"column":5}}},"7":{"name":"(anonymous_16)","decl":{"start":{"line":249,"column":36},"end":{"line":249,"column":40}},"loc":{"start":{"line":249,"column":44},"end":{"line":249,"column":99}}},"8":{"name":"(anonymous_17)","decl":{"start":{"line":250,"column":37},"end":{"line":250,"column":41}},"loc":{"start":{"line":250,"column":45},"end":{"line":250,"column":101}}},"9":{"name":"(anonymous_18)","decl":{"start":{"line":348,"column":40},"end":{"line":348,"column":44}},"loc":{"start":{"line":349,"column":12},"end":{"line":349,"column":74}}},"10":{"name":"(anonymous_19)","decl":{"start":{"line":368,"column":25},"end":{"line":368,"column":36}},"loc":{"start":{"line":368,"column":39},"end":{"line":384,"column":5}}},"11":{"name":"(anonymous_20)","decl":{"start":{"line":370,"column":16},"end":{"line":370,"column":20}},"loc":{"start":{"line":370,"column":24},"end":{"line":370,"column":54}}},"12":{"name":"(anonymous_21)","decl":{"start":{"line":371,"column":13},"end":{"line":371,"column":17}},"loc":{"start":{"line":371,"column":21},"end":{"line":371,"column":64}}},"13":{"name":"(anonymous_22)","decl":{"start":{"line":371,"column":32},"end":{"line":371,"column":36}},"loc":{"start":{"line":371,"column":40},"end":{"line":371,"column":63}}},"14":{"name":"(anonymous_23)","decl":{"start":{"line":372,"column":16},"end":{"line":372,"column":20}},"loc":{"start":{"line":372,"column":24},"end":{"line":372,"column":92}}},"15":{"name":"(anonymous_24)","decl":{"start":{"line":388,"column":28},"end":{"line":388,"column":36}},"loc":{"start":{"line":388,"column":39},"end":{"line":398,"column":5}}},"16":{"name":"(anonymous_25)","decl":{"start":{"line":401,"column":37},"end":{"line":401,"column":41}},"loc":{"start":{"line":401,"column":45},"end":{"line":401,"column":67}}},"17":{"name":"(anonymous_26)","decl":{"start":{"line":402,"column":46},"end":{"line":402,"column":50}},"loc":{"start":{"line":402,"column":54},"end":{"line":402,"column":79}}},"18":{"name":"(anonymous_27)","decl":{"start":{"line":416,"column":19},"end":{"line":416,"column":24}},"loc":{"start":{"line":416,"column":27},"end":{"line":420,"column":5}}},"19":{"name":"(anonymous_28)","decl":{"start":{"line":422,"column":21},"end":{"line":422,"column":28}},"loc":{"start":{"line":422,"column":31},"end":{"line":426,"column":5}}},"20":{"name":"findLongActionSequences","decl":{"start":{"line":441,"column":9},"end":{"line":441,"column":32}},"loc":{"start":{"line":441,"column":69},"end":{"line":475,"column":1}}},"21":{"name":"(anonymous_30)","decl":{"start":{"line":445,"column":16},"end":{"line":445,"column":20}},"loc":{"start":{"line":445,"column":23},"end":{"line":472,"column":3}}},"22":{"name":"(anonymous_31)","decl":{"start":{"line":456,"column":34},"end":{"line":456,"column":38}},"loc":{"start":{"line":456,"column":42},"end":{"line":456,"column":72}}},"23":{"name":"(anonymous_32)","decl":{"start":{"line":458,"column":36},"end":{"line":458,"column":37}},"loc":{"start":{"line":458,"column":41},"end":{"line":458,"column":65}}},"24":{"name":"WorkflowValidator","decl":{"start":{"line":477,"column":24},"end":{"line":477,"column":41}},"loc":{"start":{"line":483,"column":25},"end":{"line":632,"column":1}}},"25":{"name":"(anonymous_34)","decl":{"start":{"line":487,"column":24},"end":{"line":487,"column":25}},"loc":{"start":{"line":487,"column":42},"end":{"line":491,"column":3}}},"26":{"name":"(anonymous_35)","decl":{"start":{"line":493,"column":26},"end":{"line":493,"column":27}},"loc":{"start":{"line":493,"column":44},"end":{"line":497,"column":3}}},"27":{"name":"(anonymous_36)","decl":{"start":{"line":548,"column":23},"end":{"line":548,"column":24}},"loc":{"start":{"line":548,"column":40},"end":{"line":612,"column":9}}},"28":{"name":"(anonymous_37)","decl":{"start":{"line":562,"column":23},"end":{"line":562,"column":26}},"loc":{"start":{"line":562,"column":29},"end":{"line":562,"column":73}}},"29":{"name":"(anonymous_38)","decl":{"start":{"line":591,"column":44},"end":{"line":591,"column":45}},"loc":{"start":{"line":591,"column":49},"end":{"line":591,"column":70}}},"30":{"name":"(anonymous_39)","decl":{"start":{"line":598,"column":33},"end":{"line":598,"column":34}},"loc":{"start":{"line":598,"column":39},"end":{"line":601,"column":25}}},"31":{"name":"(anonymous_40)","decl":{"start":{"line":616,"column":22},"end":{"line":616,"column":27}},"loc":{"start":{"line":616,"column":31},"end":{"line":616,"column":44}}},"32":{"name":"(anonymous_41)","decl":{"start":{"line":619,"column":21},"end":{"line":619,"column":24}},"loc":{"start":{"line":619,"column":26},"end":{"line":622,"column":13}}},"33":{"name":"(anonymous_42)","decl":{"start":{"line":620,"column":45},"end":{"line":620,"column":50}},"loc":{"start":{"line":620,"column":54},"end":{"line":620,"column":67}}},"34":{"name":"(anonymous_43)","decl":{"start":{"line":620,"column":73},"end":{"line":620,"column":78}},"loc":{"start":{"line":620,"column":82},"end":{"line":620,"column":96}}}},"branchMap":{"0":{"loc":{"start":{"line":44,"column":4},"end":{"line":60,"column":5}},"type":"if","locations":[{"start":{"line":44,"column":4},"end":{"line":60,"column":5}},{"start":{"line":52,"column":11},"end":{"line":60,"column":5}}]},"1":{"loc":{"start":{"line":52,"column":11},"end":{"line":60,"column":5}},"type":"if","locations":[{"start":{"line":52,"column":11},"end":{"line":60,"column":5}}]},"2":{"loc":{"start":{"line":68,"column":6},"end":{"line":77,"column":7}},"type":"if","locations":[{"start":{"line":68,"column":6},"end":{"line":77,"column":7}}]},"3":{"loc":{"start":{"line":68,"column":10},"end":{"line":68,"column":53}},"type":"binary-expr","locations":[{"start":{"line":68,"column":10},"end":{"line":68,"column":33}},{"start":{"line":68,"column":37},"end":{"line":68,"column":53}}]},"4":{"loc":{"start":{"line":81,"column":6},"end":{"line":90,"column":7}},"type":"if","locations":[{"start":{"line":81,"column":6},"end":{"line":90,"column":7}}]},"5":{"loc":{"start":{"line":81,"column":10},"end":{"line":81,"column":65}},"type":"binary-expr","locations":[{"start":{"line":81,"column":10},"end":{"line":81,"column":20}},{"start":{"line":81,"column":24},"end":{"line":81,"column":40}},{"start":{"line":81,"column":44},"end":{"line":81,"column":65}}]},"6":{"loc":{"start":{"line":95,"column":21},"end":{"line":95,"column":43}},"type":"binary-expr","locations":[{"start":{"line":95,"column":21},"end":{"line":95,"column":37}},{"start":{"line":95,"column":41},"end":{"line":95,"column":43}}]},"7":{"loc":{"start":{"line":98,"column":6},"end":{"line":127,"column":7}},"type":"if","locations":[{"start":{"line":98,"column":6},"end":{"line":127,"column":7}}]},"8":{"loc":{"start":{"line":99,"column":24},"end":{"line":99,"column":56}},"type":"binary-expr","locations":[{"start":{"line":99,"column":24},"end":{"line":99,"column":38}},{"start":{"line":99,"column":42},"end":{"line":99,"column":56}}]},"9":{"loc":{"start":{"line":101,"column":8},"end":{"line":126,"column":9}},"type":"switch","locations":[{"start":{"line":102,"column":10},"end":{"line":113,"column":17}},{"start":{"line":114,"column":10},"end":{"line":125,"column":17}}]},"10":{"loc":{"start":{"line":103,"column":12},"end":{"line":112,"column":13}},"type":"if","locations":[{"start":{"line":103,"column":12},"end":{"line":112,"column":13}}]},"11":{"loc":{"start":{"line":115,"column":12},"end":{"line":124,"column":13}},"type":"if","locations":[{"start":{"line":115,"column":12},"end":{"line":124,"column":13}}]},"12":{"loc":{"start":{"line":130,"column":6},"end":{"line":222,"column":7}},"type":"if","locations":[{"start":{"line":130,"column":6},"end":{"line":222,"column":7}}]},"13":{"loc":{"start":{"line":133,"column":8},"end":{"line":221,"column":9}},"type":"switch","locations":[{"start":{"line":134,"column":10},"end":{"line":165,"column":17}},{"start":{"line":167,"column":10},"end":{"line":187,"column":17}},{"start":{"line":189,"column":10},"end":{"line":208,"column":17}},{"start":{"line":210,"column":10},"end":{"line":220,"column":17}}]},"14":{"loc":{"start":{"line":135,"column":12},"end":{"line":144,"column":13}},"type":"if","locations":[{"start":{"line":135,"column":12},"end":{"line":144,"column":13}}]},"15":{"loc":{"start":{"line":135,"column":16},"end":{"line":135,"column":64}},"type":"binary-expr","locations":[{"start":{"line":135,"column":16},"end":{"line":135,"column":42}},{"start":{"line":135,"column":46},"end":{"line":135,"column":64}}]},"16":{"loc":{"start":{"line":145,"column":12},"end":{"line":164,"column":13}},"type":"if","locations":[{"start":{"line":145,"column":12},"end":{"line":164,"column":13}}]},"17":{"loc":{"start":{"line":146,"column":14},"end":{"line":154,"column":15}},"type":"if","locations":[{"start":{"line":146,"column":14},"end":{"line":154,"column":15}}]},"18":{"loc":{"start":{"line":155,"column":14},"end":{"line":163,"column":15}},"type":"if","locations":[{"start":{"line":155,"column":14},"end":{"line":163,"column":15}}]},"19":{"loc":{"start":{"line":168,"column":12},"end":{"line":186,"column":13}},"type":"if","locations":[{"start":{"line":168,"column":12},"end":{"line":186,"column":13}},{"start":{"line":177,"column":19},"end":{"line":186,"column":13}}]},"20":{"loc":{"start":{"line":177,"column":19},"end":{"line":186,"column":13}},"type":"if","locations":[{"start":{"line":177,"column":19},"end":{"line":186,"column":13}}]},"21":{"loc":{"start":{"line":190,"column":12},"end":{"line":198,"column":13}},"type":"if","locations":[{"start":{"line":190,"column":12},"end":{"line":198,"column":13}}]},"22":{"loc":{"start":{"line":190,"column":16},"end":{"line":190,"column":64}},"type":"binary-expr","locations":[{"start":{"line":190,"column":16},"end":{"line":190,"column":42}},{"start":{"line":190,"column":46},"end":{"line":190,"column":64}}]},"23":{"loc":{"start":{"line":199,"column":12},"end":{"line":207,"column":13}},"type":"if","locations":[{"start":{"line":199,"column":12},"end":{"line":207,"column":13}}]},"24":{"loc":{"start":{"line":199,"column":16},"end":{"line":199,"column":61}},"type":"binary-expr","locations":[{"start":{"line":199,"column":16},"end":{"line":199,"column":42}},{"start":{"line":199,"column":46},"end":{"line":199,"column":61}}]},"25":{"loc":{"start":{"line":211,"column":12},"end":{"line":219,"column":13}},"type":"if","locations":[{"start":{"line":211,"column":12},"end":{"line":219,"column":13}}]},"26":{"loc":{"start":{"line":225,"column":6},"end":{"line":273,"column":7}},"type":"if","locations":[{"start":{"line":225,"column":6},"end":{"line":273,"column":7}}]},"27":{"loc":{"start":{"line":226,"column":8},"end":{"line":234,"column":9}},"type":"if","locations":[{"start":{"line":226,"column":8},"end":{"line":234,"column":9}}]},"28":{"loc":{"start":{"line":236,"column":8},"end":{"line":246,"column":9}},"type":"if","locations":[{"start":{"line":236,"column":8},"end":{"line":246,"column":9}}]},"29":{"loc":{"start":{"line":237,"column":10},"end":{"line":245,"column":11}},"type":"if","locations":[{"start":{"line":237,"column":10},"end":{"line":245,"column":11}}]},"30":{"loc":{"start":{"line":237,"column":14},"end":{"line":237,"column":77}},"type":"binary-expr","locations":[{"start":{"line":237,"column":14},"end":{"line":237,"column":27}},{"start":{"line":237,"column":31},"end":{"line":237,"column":47}},{"start":{"line":237,"column":51},"end":{"line":237,"column":77}}]},"31":{"loc":{"start":{"line":249,"column":44},"end":{"line":249,"column":99}},"type":"binary-expr","locations":[{"start":{"line":249,"column":44},"end":{"line":249,"column":67}},{"start":{"line":249,"column":71},"end":{"line":249,"column":99}}]},"32":{"loc":{"start":{"line":250,"column":45},"end":{"line":250,"column":101}},"type":"binary-expr","locations":[{"start":{"line":250,"column":45},"end":{"line":250,"column":68}},{"start":{"line":250,"column":72},"end":{"line":250,"column":101}}]},"33":{"loc":{"start":{"line":252,"column":8},"end":{"line":261,"column":9}},"type":"if","locations":[{"start":{"line":252,"column":8},"end":{"line":261,"column":9}}]},"34":{"loc":{"start":{"line":263,"column":8},"end":{"line":272,"column":9}},"type":"if","locations":[{"start":{"line":263,"column":8},"end":{"line":272,"column":9}}]},"35":{"loc":{"start":{"line":276,"column":6},"end":{"line":296,"column":7}},"type":"if","locations":[{"start":{"line":276,"column":6},"end":{"line":296,"column":7}}]},"36":{"loc":{"start":{"line":277,"column":8},"end":{"line":285,"column":9}},"type":"if","locations":[{"start":{"line":277,"column":8},"end":{"line":285,"column":9}}]},"37":{"loc":{"start":{"line":287,"column":8},"end":{"line":295,"column":9}},"type":"if","locations":[{"start":{"line":287,"column":8},"end":{"line":295,"column":9}}]},"38":{"loc":{"start":{"line":287,"column":12},"end":{"line":287,"column":62}},"type":"binary-expr","locations":[{"start":{"line":287,"column":12},"end":{"line":287,"column":42}},{"start":{"line":287,"column":46},"end":{"line":287,"column":62}}]},"39":{"loc":{"start":{"line":299,"column":6},"end":{"line":331,"column":7}},"type":"if","locations":[{"start":{"line":299,"column":6},"end":{"line":331,"column":7}}]},"40":{"loc":{"start":{"line":300,"column":8},"end":{"line":308,"column":9}},"type":"if","locations":[{"start":{"line":300,"column":8},"end":{"line":308,"column":9}}]},"41":{"loc":{"start":{"line":310,"column":8},"end":{"line":318,"column":9}},"type":"if","locations":[{"start":{"line":310,"column":8},"end":{"line":318,"column":9}}]},"42":{"loc":{"start":{"line":310,"column":12},"end":{"line":310,"column":64}},"type":"binary-expr","locations":[{"start":{"line":310,"column":12},"end":{"line":310,"column":39}},{"start":{"line":310,"column":43},"end":{"line":310,"column":64}}]},"43":{"loc":{"start":{"line":321,"column":8},"end":{"line":330,"column":9}},"type":"if","locations":[{"start":{"line":321,"column":8},"end":{"line":330,"column":9}}]},"44":{"loc":{"start":{"line":321,"column":12},"end":{"line":321,"column":65}},"type":"binary-expr","locations":[{"start":{"line":321,"column":12},"end":{"line":321,"column":39}},{"start":{"line":321,"column":43},"end":{"line":321,"column":65}}]},"45":{"loc":{"start":{"line":334,"column":6},"end":{"line":362,"column":7}},"type":"if","locations":[{"start":{"line":334,"column":6},"end":{"line":362,"column":7}}]},"46":{"loc":{"start":{"line":335,"column":25},"end":{"line":335,"column":45}},"type":"binary-expr","locations":[{"start":{"line":335,"column":25},"end":{"line":335,"column":40}},{"start":{"line":335,"column":44},"end":{"line":335,"column":45}}]},"47":{"loc":{"start":{"line":336,"column":8},"end":{"line":344,"column":9}},"type":"if","locations":[{"start":{"line":336,"column":8},"end":{"line":344,"column":9}}]},"48":{"loc":{"start":{"line":349,"column":12},"end":{"line":349,"column":74}},"type":"binary-expr","locations":[{"start":{"line":349,"column":12},"end":{"line":349,"column":35}},{"start":{"line":349,"column":39},"end":{"line":349,"column":74}}]},"49":{"loc":{"start":{"line":351,"column":10},"end":{"line":360,"column":11}},"type":"if","locations":[{"start":{"line":351,"column":10},"end":{"line":360,"column":11}}]},"50":{"loc":{"start":{"line":372,"column":24},"end":{"line":372,"column":92}},"type":"binary-expr","locations":[{"start":{"line":372,"column":24},"end":{"line":372,"column":47}},{"start":{"line":372,"column":51},"end":{"line":372,"column":92}}]},"51":{"loc":{"start":{"line":374,"column":6},"end":{"line":383,"column":7}},"type":"if","locations":[{"start":{"line":374,"column":6},"end":{"line":383,"column":7}}]},"52":{"loc":{"start":{"line":389,"column":6},"end":{"line":397,"column":7}},"type":"if","locations":[{"start":{"line":389,"column":6},"end":{"line":397,"column":7}}]},"53":{"loc":{"start":{"line":402,"column":4},"end":{"line":410,"column":5}},"type":"if","locations":[{"start":{"line":402,"column":4},"end":{"line":410,"column":5}}]},"54":{"loc":{"start":{"line":402,"column":8},"end":{"line":402,"column":80}},"type":"binary-expr","locations":[{"start":{"line":402,"column":8},"end":{"line":402,"column":30}},{"start":{"line":402,"column":34},"end":{"line":402,"column":80}}]},"55":{"loc":{"start":{"line":417,"column":6},"end":{"line":419,"column":null}},"type":"if","locations":[{"start":{"line":417,"column":6},"end":{"line":419,"column":null}},{"start":{"line":418,"column":11},"end":{"line":419,"column":null}}]},"56":{"loc":{"start":{"line":418,"column":11},"end":{"line":419,"column":null}},"type":"if","locations":[{"start":{"line":418,"column":11},"end":{"line":419,"column":null}},{"start":{"line":419,"column":11},"end":{"line":419,"column":null}}]},"57":{"loc":{"start":{"line":423,"column":6},"end":{"line":425,"column":null}},"type":"if","locations":[{"start":{"line":423,"column":6},"end":{"line":425,"column":null}},{"start":{"line":424,"column":11},"end":{"line":425,"column":null}}]},"58":{"loc":{"start":{"line":424,"column":11},"end":{"line":425,"column":null}},"type":"if","locations":[{"start":{"line":424,"column":11},"end":{"line":425,"column":null}},{"start":{"line":425,"column":11},"end":{"line":425,"column":null}}]},"59":{"loc":{"start":{"line":446,"column":4},"end":{"line":446,"column":62}},"type":"if","locations":[{"start":{"line":446,"column":4},"end":{"line":446,"column":62}}]},"60":{"loc":{"start":{"line":446,"column":8},"end":{"line":446,"column":54}},"type":"binary-expr","locations":[{"start":{"line":446,"column":8},"end":{"line":446,"column":28}},{"start":{"line":446,"column":32},"end":{"line":446,"column":54}}]},"61":{"loc":{"start":{"line":451,"column":11},"end":{"line":451,"column":87}},"type":"binary-expr","locations":[{"start":{"line":451,"column":11},"end":{"line":451,"column":22}},{"start":{"line":451,"column":26},"end":{"line":451,"column":55}},{"start":{"line":451,"column":59},"end":{"line":451,"column":87}}]},"62":{"loc":{"start":{"line":457,"column":6},"end":{"line":466,"column":7}},"type":"if","locations":[{"start":{"line":457,"column":6},"end":{"line":466,"column":7}},{"start":{"line":464,"column":13},"end":{"line":466,"column":7}}]},"63":{"loc":{"start":{"line":459,"column":8},"end":{"line":463,"column":9}},"type":"if","locations":[{"start":{"line":459,"column":8},"end":{"line":463,"column":9}},{"start":{"line":461,"column":15},"end":{"line":463,"column":9}}]},"64":{"loc":{"start":{"line":459,"column":12},"end":{"line":459,"column":50}},"type":"binary-expr","locations":[{"start":{"line":459,"column":12},"end":{"line":459,"column":20}},{"start":{"line":459,"column":24},"end":{"line":459,"column":50}}]},"65":{"loc":{"start":{"line":469,"column":4},"end":{"line":471,"column":5}},"type":"if","locations":[{"start":{"line":469,"column":4},"end":{"line":471,"column":5}}]},"66":{"loc":{"start":{"line":482,"column":2},"end":{"line":482,"column":16}},"type":"default-arg","locations":[{"start":{"line":482,"column":14},"end":{"line":482,"column":16}}]},"67":{"loc":{"start":{"line":488,"column":4},"end":{"line":488,"column":null}},"type":"if","locations":[{"start":{"line":488,"column":4},"end":{"line":488,"column":null}}]},"68":{"loc":{"start":{"line":489,"column":4},"end":{"line":489,"column":null}},"type":"if","locations":[{"start":{"line":489,"column":4},"end":{"line":489,"column":null}}]},"69":{"loc":{"start":{"line":494,"column":4},"end":{"line":494,"column":null}},"type":"if","locations":[{"start":{"line":494,"column":4},"end":{"line":494,"column":null}}]},"70":{"loc":{"start":{"line":495,"column":4},"end":{"line":495,"column":null}},"type":"if","locations":[{"start":{"line":495,"column":4},"end":{"line":495,"column":null}}]},"71":{"loc":{"start":{"line":501,"column":2},"end":{"line":515,"column":3}},"type":"if","locations":[{"start":{"line":501,"column":2},"end":{"line":515,"column":3}}]},"72":{"loc":{"start":{"line":501,"column":6},"end":{"line":501,"column":39}},"type":"binary-expr","locations":[{"start":{"line":501,"column":6},"end":{"line":501,"column":28}},{"start":{"line":501,"column":32},"end":{"line":501,"column":39}}]},"73":{"loc":{"start":{"line":523,"column":13},"end":{"line":526,"column":null}},"type":"cond-expr","locations":[{"start":{"line":524,"column":14},"end":{"line":524,"column":69}},{"start":{"line":526,"column":14},"end":{"line":526,"column":69}}]},"74":{"loc":{"start":{"line":549,"column":32},"end":{"line":550,"column":78}},"type":"cond-expr","locations":[{"start":{"line":549,"column":57},"end":{"line":549,"column":64}},{"start":{"line":550,"column":31},"end":{"line":550,"column":78}}]},"75":{"loc":{"start":{"line":550,"column":31},"end":{"line":550,"column":78}},"type":"cond-expr","locations":[{"start":{"line":550,"column":58},"end":{"line":550,"column":71}},{"start":{"line":550,"column":74},"end":{"line":550,"column":78}}]},"76":{"loc":{"start":{"line":552,"column":29},"end":{"line":553,"column":90}},"type":"cond-expr","locations":[{"start":{"line":552,"column":54},"end":{"line":552,"column":68}},{"start":{"line":553,"column":28},"end":{"line":553,"column":90}}]},"77":{"loc":{"start":{"line":553,"column":28},"end":{"line":553,"column":90}},"type":"cond-expr","locations":[{"start":{"line":553,"column":55},"end":{"line":553,"column":72}},{"start":{"line":553,"column":75},"end":{"line":553,"column":90}}]},"78":{"loc":{"start":{"line":555,"column":26},"end":{"line":556,"column":93}},"type":"cond-expr","locations":[{"start":{"line":555,"column":51},"end":{"line":555,"column":68}},{"start":{"line":556,"column":25},"end":{"line":556,"column":93}}]},"79":{"loc":{"start":{"line":556,"column":25},"end":{"line":556,"column":93}},"type":"cond-expr","locations":[{"start":{"line":556,"column":52},"end":{"line":556,"column":72}},{"start":{"line":556,"column":75},"end":{"line":556,"column":93}}]},"80":{"loc":{"start":{"line":562,"column":29},"end":{"line":562,"column":73}},"type":"binary-expr","locations":[{"start":{"line":562,"column":29},"end":{"line":562,"column":41}},{"start":{"line":562,"column":45},"end":{"line":562,"column":73}}]},"81":{"loc":{"start":{"line":572,"column":22},"end":{"line":574,"column":null}},"type":"cond-expr","locations":[{"start":{"line":572,"column":50},"end":{"line":572,"column":75}},{"start":{"line":573,"column":22},"end":{"line":574,"column":null}}]},"82":{"loc":{"start":{"line":573,"column":22},"end":{"line":574,"column":null}},"type":"cond-expr","locations":[{"start":{"line":573,"column":52},"end":{"line":573,"column":83}},{"start":{"line":574,"column":22},"end":{"line":574,"column":null}}]},"83":{"loc":{"start":{"line":580,"column":19},"end":{"line":583,"column":null}},"type":"binary-expr","locations":[{"start":{"line":580,"column":19},"end":{"line":580,"column":35}},{"start":{"line":581,"column":20},"end":{"line":582,"column":null}}]},"84":{"loc":{"start":{"line":589,"column":23},"end":{"line":592,"column":null}},"type":"binary-expr","locations":[{"start":{"line":589,"column":23},"end":{"line":589,"column":35}},{"start":{"line":590,"column":24},"end":{"line":591,"column":null}}]},"85":{"loc":{"start":{"line":596,"column":21},"end":{"line":605,"column":null}},"type":"binary-expr","locations":[{"start":{"line":596,"column":21},"end":{"line":596,"column":34}},{"start":{"line":597,"column":22},"end":{"line":602,"column":null}}]},"86":{"loc":{"start":{"line":616,"column":7},"end":{"line":628,"column":null}},"type":"binary-expr","locations":[{"start":{"line":616,"column":7},"end":{"line":616,"column":45}},{"start":{"line":617,"column":8},"end":{"line":627,"column":null}}]}},"s":{"0":1,"1":1,"2":1,"3":1,"4":21,"5":21,"6":21,"7":21,"8":21,"9":46,"10":21,"11":2,"12":19,"13":1,"14":21,"15":46,"16":53,"17":46,"18":53,"19":46,"20":3,"21":46,"22":46,"23":3,"24":21,"25":46,"26":46,"27":20,"28":20,"29":0,"30":0,"31":0,"32":0,"33":0,"34":0,"35":46,"36":21,"37":21,"38":14,"39":1,"40":14,"41":13,"42":2,"43":13,"44":2,"45":14,"46":5,"47":2,"48":3,"49":1,"50":5,"51":2,"52":1,"53":2,"54":1,"55":2,"56":0,"57":0,"58":0,"59":46,"60":5,"61":1,"62":5,"63":4,"64":1,"65":5,"66":8,"67":5,"68":9,"69":5,"70":3,"71":5,"72":3,"73":46,"74":0,"75":0,"76":0,"77":0,"78":46,"79":0,"80":0,"81":0,"82":0,"83":0,"84":0,"85":46,"86":0,"87":0,"88":0,"89":0,"90":0,"91":0,"92":0,"93":0,"94":0,"95":21,"96":20,"97":24,"98":19,"99":39,"100":19,"101":20,"102":14,"103":21,"104":21,"105":0,"106":0,"107":21,"108":46,"109":21,"110":0,"111":0,"112":21,"113":21,"114":21,"115":16,"116":16,"117":0,"118":0,"119":0,"120":21,"121":11,"122":0,"123":11,"124":11,"125":0,"126":21,"127":21,"128":21,"129":21,"130":21,"131":46,"132":25,"133":21,"134":21,"135":21,"136":21,"137":21,"138":21,"139":25,"140":21,"141":0,"142":0,"143":0,"144":0,"145":0,"146":21,"147":21,"148":0,"149":21,"150":0,"151":0,"152":0,"153":0,"154":0,"155":0,"156":0,"157":0,"158":0,"159":0,"160":0,"161":0,"162":0,"163":0,"164":0,"165":0,"166":0,"167":0,"168":0,"169":0,"170":0,"171":0,"172":0,"173":0,"174":0,"175":0,"176":0,"177":0,"178":0,"179":0,"180":0},"f":{"0":21,"1":21,"2":46,"3":46,"4":53,"5":53,"6":46,"7":8,"8":9,"9":0,"10":20,"11":24,"12":19,"13":39,"14":19,"15":0,"16":46,"17":0,"18":16,"19":11,"20":21,"21":46,"22":25,"23":0,"24":0,"25":0,"26":0,"27":0,"28":0,"29":0,"30":0,"31":0,"32":0,"33":0,"34":0},"b":{"0":[2,19],"1":[1],"2":[3],"3":[46,26],"4":[3],"5":[46,25,3],"6":[46,0],"7":[20],"8":[20,20],"9":[0,0],"10":[0],"11":[0],"12":[21],"13":[14,5,2,0],"14":[1],"15":[14,1],"16":[13],"17":[2],"18":[2],"19":[2,3],"20":[1],"21":[1],"22":[2,1],"23":[1],"24":[2,1],"25":[0],"26":[5],"27":[1],"28":[4],"29":[1],"30":[4,4,3],"31":[8,3],"32":[9,4],"33":[3],"34":[3],"35":[0],"36":[0],"37":[0],"38":[0,0],"39":[0],"40":[0],"41":[0],"42":[0,0],"43":[0],"44":[0,0],"45":[0],"46":[0,0],"47":[0],"48":[0,0],"49":[0],"50":[19,14],"51":[14],"52":[0],"53":[0],"54":[21,0],"55":[16,0],"56":[0,0],"57":[0,11],"58":[11,0],"59":[25],"60":[46,46],"61":[21,21,21],"62":[0,21],"63":[0,0],"64":[0,0],"65":[0],"66":[0],"67":[0],"68":[0],"69":[0],"70":[0],"71":[0],"72":[0,0],"73":[0,0],"74":[0,0],"75":[0,0],"76":[0,0],"77":[0,0],"78":[0,0],"79":[0,0],"80":[0,0],"81":[0,0],"82":[0,0],"83":[0,0],"84":[0,0],"85":[0,0],"86":[0,0]}}
}
