{"/workspace/atlas-fitness-onboarding/app/api/cron/weekly-brief/route.ts": {"path":"/workspace/atlas-fitness-onboarding/app/api/cron/weekly-brief/route.ts","statementMap":{"0":{"start":{"line":8,"column":0},"end":{"line":8,"column":7}},"1":{"start":{"line":2,"column":0},"end":{"line":2,"column":31}},"2":{"start":{"line":4,"column":13},"end":{"line":4,"column":32}},"3":{"start":{"line":5,"column":13},"end":{"line":5,"column":39}},"4":{"start":{"line":9,"column":2},"end":{"line":137,"column":3}},"5":{"start":{"line":11,"column":23},"end":{"line":11,"column":59}},"6":{"start":{"line":12,"column":23},"end":{"line":12,"column":74}},"7":{"start":{"line":14,"column":4},"end":{"line":16,"column":5}},"8":{"start":{"line":15,"column":6},"end":{"line":15,"column":86}},"9":{"start":{"line":18,"column":24},"end":{"line":18,"column":60}},"10":{"start":{"line":19,"column":31},"end":{"line":19,"column":68}},"11":{"start":{"line":20,"column":4},"end":{"line":22,"column":5}},"12":{"start":{"line":21,"column":6},"end":{"line":21,"column":93}},"13":{"start":{"line":23,"column":29},"end":{"line":23,"column":66}},"14":{"start":{"line":24,"column":21},"end":{"line":24,"column":66}},"15":{"start":{"line":26,"column":4},"end":{"line":26,"column":52}},"16":{"start":{"line":29,"column":16},"end":{"line":29,"column":26}},"17":{"start":{"line":30,"column":58},"end":{"line":34,"column":44}},"18":{"start":{"line":36,"column":4},"end":{"line":38,"column":5}},"19":{"start":{"line":37,"column":6},"end":{"line":37,"column":27}},"20":{"start":{"line":40,"column":4},"end":{"line":47,"column":5}},"21":{"start":{"line":41,"column":6},"end":{"line":41,"column":52}},"22":{"start":{"line":42,"column":6},"end":{"line":46,"column":10}},"23":{"start":{"line":49,"column":4},"end":{"line":49,"column":76}},"24":{"start":{"line":51,"column":25},"end":{"line":51,"column":26}},"25":{"start":{"line":52,"column":27},"end":{"line":52,"column":29}},"26":{"start":{"line":54,"column":4},"end":{"line":115,"column":5}},"27":{"start":{"line":55,"column":6},"end":{"line":114,"column":7}},"28":{"start":{"line":56,"column":8},"end":{"line":56,"column":61}},"29":{"start":{"line":59,"column":26},"end":{"line":59,"column":57}},"30":{"start":{"line":62,"column":57},"end":{"line":70,"column":19}},"31":{"start":{"line":72,"column":8},"end":{"line":74,"column":9}},"32":{"start":{"line":73,"column":10},"end":{"line":73,"column":27}},"33":{"start":{"line":77,"column":8},"end":{"line":77,"column":75}},"34":{"start":{"line":80,"column":24},"end":{"line":80,"column":64}},"35":{"start":{"line":82,"column":8},"end":{"line":89,"column":33}},"36":{"start":{"line":91,"column":8},"end":{"line":91,"column":25}},"37":{"start":{"line":92,"column":8},"end":{"line":92,"column":73}},"38":{"start":{"line":95,"column":29},"end":{"line":95,"column":150}},"39":{"start":{"line":96,"column":8},"end":{"line":96,"column":36}},"40":{"start":{"line":97,"column":8},"end":{"line":97,"column":34}},"41":{"start":{"line":100,"column":8},"end":{"line":113,"column":9}},"42":{"start":{"line":101,"column":10},"end":{"line":110,"column":15}},"43":{"start":{"line":112,"column":10},"end":{"line":112,"column":69}},"44":{"start":{"line":117,"column":21},"end":{"line":123,"column":6}},"45":{"start":{"line":125,"column":4},"end":{"line":125,"column":49}},"46":{"start":{"line":126,"column":4},"end":{"line":126,"column":50}},"47":{"start":{"line":129,"column":4},"end":{"line":129,"column":60}},"48":{"start":{"line":130,"column":4},"end":{"line":136,"column":6}},"49":{"start":{"line":141,"column":2},"end":{"line":151,"column":3}},"50":{"start":{"line":142,"column":21},"end":{"line":142,"column":55}},"51":{"start":{"line":143,"column":4},"end":{"line":143,"column":36}},"52":{"start":{"line":145,"column":4},"end":{"line":145,"column":56}},"53":{"start":{"line":147,"column":23},"end":{"line":147,"column":33}},"54":{"start":{"line":148,"column":4},"end":{"line":148,"column":88}},"55":{"start":{"line":149,"column":4},"end":{"line":149,"column":36}},"56":{"start":{"line":150,"column":4},"end":{"line":150,"column":22}},"57":{"start":{"line":155,"column":2},"end":{"line":188,"column":3}},"58":{"start":{"line":157,"column":19},"end":{"line":157,"column":44}},"59":{"start":{"line":158,"column":4},"end":{"line":158,"column":52}},"60":{"start":{"line":160,"column":25},"end":{"line":160,"column":53}},"61":{"start":{"line":162,"column":16},"end":{"line":168,"column":6}},"62":{"start":{"line":170,"column":4},"end":{"line":170,"column":27}},"63":{"start":{"line":173,"column":4},"end":{"line":181,"column":9}},"64":{"start":{"line":183,"column":4},"end":{"line":183,"column":71}},"65":{"start":{"line":186,"column":4},"end":{"line":186,"column":59}},"66":{"start":{"line":187,"column":4},"end":{"line":187,"column":16}},"67":{"start":{"line":193,"column":14},"end":{"line":193,"column":24}},"68":{"start":{"line":194,"column":21},"end":{"line":194,"column":70}},"69":{"start":{"line":195,"column":22},"end":{"line":195,"column":72}},"70":{"start":{"line":197,"column":2},"end":{"line":287,"column":3}},"71":{"start":{"line":206,"column":8},"end":{"line":213,"column":6}},"72":{"start":{"line":216,"column":27},"end":{"line":216,"column":56}},"73":{"start":{"line":217,"column":27},"end":{"line":217,"column":57}},"74":{"start":{"line":218,"column":25},"end":{"line":218,"column":108}},"75":{"start":{"line":220,"column":25},"end":{"line":220,"column":55}},"76":{"start":{"line":221,"column":25},"end":{"line":221,"column":56}},"77":{"start":{"line":222,"column":23},"end":{"line":222,"column":98}},"78":{"start":{"line":225,"column":34},"end":{"line":228,"column":55}},"79":{"start":{"line":230,"column":28},"end":{"line":230,"column":52}},"80":{"start":{"line":233,"column":30},"end":{"line":235,"column":56}},"81":{"start":{"line":238,"column":24},"end":{"line":238,"column":69}},"82":{"start":{"line":239,"column":23},"end":{"line":242,"column":9}},"83":{"start":{"line":240,"column":20},"end":{"line":240,"column":87}},"84":{"start":{"line":241,"column":6},"end":{"line":241,"column":27}},"85":{"start":{"line":244,"column":4},"end":{"line":282,"column":6}},"86":{"start":{"line":285,"column":4},"end":{"line":285,"column":57}},"87":{"start":{"line":286,"column":4},"end":{"line":286,"column":16}},"88":{"start":{"line":291,"column":17},"end":{"line":291,"column":19}},"89":{"start":{"line":292,"column":19},"end":{"line":292,"column":29}},"90":{"start":{"line":294,"column":2},"end":{"line":305,"column":3}},"91":{"start":{"line":294,"column":15},"end":{"line":294,"column":17}},"92":{"start":{"line":295,"column":17},"end":{"line":295,"column":71}},"93":{"start":{"line":296,"column":22},"end":{"line":296,"column":49}},"94":{"start":{"line":297,"column":19},"end":{"line":297,"column":59}},"95":{"start":{"line":298,"column":21},"end":{"line":298,"column":66}},"96":{"start":{"line":300,"column":4},"end":{"line":304,"column":7}},"97":{"start":{"line":307,"column":2},"end":{"line":307,"column":16}},"98":{"start":{"line":311,"column":2},"end":{"line":329,"column":3}},"99":{"start":{"line":312,"column":27},"end":{"line":316,"column":16}},"100":{"start":{"line":318,"column":24},"end":{"line":318,"column":69}},"101":{"start":{"line":320,"column":4},"end":{"line":325,"column":8}},"102":{"start":{"line":320,"column":48},"end":{"line":325,"column":6}},"103":{"start":{"line":327,"column":4},"end":{"line":327,"column":55}},"104":{"start":{"line":328,"column":4},"end":{"line":328,"column":14}},"105":{"start":{"line":333,"column":2},"end":{"line":352,"column":3}},"106":{"start":{"line":334,"column":27},"end":{"line":338,"column":16}},"107":{"start":{"line":340,"column":19},"end":{"line":340,"column":95}},"108":{"start":{"line":341,"column":23},"end":{"line":341,"column":57}},"109":{"start":{"line":343,"column":4},"end":{"line":348,"column":8}},"110":{"start":{"line":343,"column":48},"end":{"line":348,"column":6}},"111":{"start":{"line":350,"column":4},"end":{"line":350,"column":59}},"112":{"start":{"line":351,"column":4},"end":{"line":351,"column":14}},"113":{"start":{"line":357,"column":2},"end":{"line":369,"column":4}},"114":{"start":{"line":373,"column":2},"end":{"line":381,"column":4}}},"fnMap":{"0":{"name":"POST","decl":{"start":{"line":8,"column":22},"end":{"line":8,"column":26}},"loc":{"start":{"line":8,"column":47},"end":{"line":138,"column":1}}},"1":{"name":"(anonymous_11)","decl":{"start":{"line":23,"column":29},"end":{"line":23,"column":42}},"loc":{"start":{"line":23,"column":29},"end":{"line":23,"column":66}}},"2":{"name":"calculateNextRun","decl":{"start":{"line":140,"column":9},"end":{"line":140,"column":25}},"loc":{"start":{"line":140,"column":46},"end":{"line":152,"column":1}}},"3":{"name":"sendScheduledEmail","decl":{"start":{"line":154,"column":15},"end":{"line":154,"column":33}},"loc":{"start":{"line":154,"column":113},"end":{"line":189,"column":1}}},"4":{"name":"generateWeeklyBriefData","decl":{"start":{"line":192,"column":15},"end":{"line":192,"column":38}},"loc":{"start":{"line":192,"column":38},"end":{"line":288,"column":1}}},"5":{"name":"(anonymous_15)","decl":{"start":{"line":239,"column":46},"end":{"line":239,"column":47}},"loc":{"start":{"line":239,"column":61},"end":{"line":242,"column":5}}},"6":{"name":"generateRevenueTrends","decl":{"start":{"line":290,"column":9},"end":{"line":290,"column":30}},"loc":{"start":{"line":290,"column":49},"end":{"line":308,"column":1}}},"7":{"name":"getTopPerformingTenants","decl":{"start":{"line":310,"column":15},"end":{"line":310,"column":38}},"loc":{"start":{"line":310,"column":38},"end":{"line":330,"column":1}}},"8":{"name":"(anonymous_18)","decl":{"start":{"line":320,"column":40},"end":{"line":320,"column":43}},"loc":{"start":{"line":320,"column":48},"end":{"line":325,"column":6}}},"9":{"name":"getAtRiskTenants","decl":{"start":{"line":332,"column":15},"end":{"line":332,"column":31}},"loc":{"start":{"line":332,"column":31},"end":{"line":353,"column":1}}},"10":{"name":"(anonymous_20)","decl":{"start":{"line":343,"column":40},"end":{"line":343,"column":43}},"loc":{"start":{"line":343,"column":48},"end":{"line":348,"column":6}}},"11":{"name":"generateEmailHTML","decl":{"start":{"line":355,"column":9},"end":{"line":355,"column":26}},"loc":{"start":{"line":355,"column":41},"end":{"line":370,"column":1}}},"12":{"name":"generateEmailText","decl":{"start":{"line":372,"column":9},"end":{"line":372,"column":26}},"loc":{"start":{"line":372,"column":41},"end":{"line":382,"column":1}}}},"branchMap":{"0":{"loc":{"start":{"line":12,"column":23},"end":{"line":12,"column":74}},"type":"binary-expr","locations":[{"start":{"line":12,"column":23},"end":{"line":12,"column":46}},{"start":{"line":12,"column":50},"end":{"line":12,"column":74}}]},"1":{"loc":{"start":{"line":14,"column":4},"end":{"line":16,"column":5}},"type":"if","locations":[{"start":{"line":14,"column":4},"end":{"line":16,"column":5}}]},"2":{"loc":{"start":{"line":14,"column":8},"end":{"line":14,"column":60}},"type":"binary-expr","locations":[{"start":{"line":14,"column":8},"end":{"line":14,"column":19}},{"start":{"line":14,"column":23},"end":{"line":14,"column":60}}]},"3":{"loc":{"start":{"line":20,"column":4},"end":{"line":22,"column":5}},"type":"if","locations":[{"start":{"line":20,"column":4},"end":{"line":22,"column":5}}]},"4":{"loc":{"start":{"line":20,"column":8},"end":{"line":20,"column":43}},"type":"binary-expr","locations":[{"start":{"line":20,"column":8},"end":{"line":20,"column":20}},{"start":{"line":20,"column":24},"end":{"line":20,"column":43}}]},"5":{"loc":{"start":{"line":36,"column":4},"end":{"line":38,"column":5}},"type":"if","locations":[{"start":{"line":36,"column":4},"end":{"line":38,"column":5}}]},"6":{"loc":{"start":{"line":40,"column":4},"end":{"line":47,"column":5}},"type":"if","locations":[{"start":{"line":40,"column":4},"end":{"line":47,"column":5}}]},"7":{"loc":{"start":{"line":40,"column":8},"end":{"line":40,"column":50}},"type":"binary-expr","locations":[{"start":{"line":40,"column":8},"end":{"line":40,"column":21}},{"start":{"line":40,"column":25},"end":{"line":40,"column":50}}]},"8":{"loc":{"start":{"line":72,"column":8},"end":{"line":74,"column":9}},"type":"if","locations":[{"start":{"line":72,"column":8},"end":{"line":74,"column":9}}]},"9":{"loc":{"start":{"line":95,"column":76},"end":{"line":95,"column":148}},"type":"cond-expr","locations":[{"start":{"line":95,"column":109},"end":{"line":95,"column":130}},{"start":{"line":95,"column":133},"end":{"line":95,"column":148}}]},"10":{"loc":{"start":{"line":121,"column":14},"end":{"line":121,"column":52}},"type":"cond-expr","locations":[{"start":{"line":121,"column":34},"end":{"line":121,"column":40}},{"start":{"line":121,"column":43},"end":{"line":121,"column":52}}]},"11":{"loc":{"start":{"line":133,"column":17},"end":{"line":133,"column":73}},"type":"cond-expr","locations":[{"start":{"line":133,"column":42},"end":{"line":133,"column":55}},{"start":{"line":133,"column":58},"end":{"line":133,"column":73}}]},"12":{"loc":{"start":{"line":148,"column":47},"end":{"line":148,"column":85}},"type":"binary-expr","locations":[{"start":{"line":148,"column":47},"end":{"line":148,"column":80}},{"start":{"line":148,"column":84},"end":{"line":148,"column":85}}]},"13":{"loc":{"start":{"line":216,"column":27},"end":{"line":216,"column":56}},"type":"binary-expr","locations":[{"start":{"line":216,"column":27},"end":{"line":216,"column":51}},{"start":{"line":216,"column":55},"end":{"line":216,"column":56}}]},"14":{"loc":{"start":{"line":217,"column":27},"end":{"line":217,"column":57}},"type":"binary-expr","locations":[{"start":{"line":217,"column":27},"end":{"line":217,"column":52}},{"start":{"line":217,"column":56},"end":{"line":217,"column":57}}]},"15":{"loc":{"start":{"line":218,"column":25},"end":{"line":218,"column":108}},"type":"cond-expr","locations":[{"start":{"line":218,"column":46},"end":{"line":218,"column":104}},{"start":{"line":218,"column":107},"end":{"line":218,"column":108}}]},"16":{"loc":{"start":{"line":220,"column":25},"end":{"line":220,"column":55}},"type":"binary-expr","locations":[{"start":{"line":220,"column":25},"end":{"line":220,"column":50}},{"start":{"line":220,"column":54},"end":{"line":220,"column":55}}]},"17":{"loc":{"start":{"line":221,"column":25},"end":{"line":221,"column":56}},"type":"binary-expr","locations":[{"start":{"line":221,"column":25},"end":{"line":221,"column":51}},{"start":{"line":221,"column":55},"end":{"line":221,"column":56}}]},"18":{"loc":{"start":{"line":222,"column":23},"end":{"line":222,"column":98}},"type":"cond-expr","locations":[{"start":{"line":222,"column":42},"end":{"line":222,"column":94}},{"start":{"line":222,"column":97},"end":{"line":222,"column":98}}]},"19":{"loc":{"start":{"line":230,"column":28},"end":{"line":230,"column":52}},"type":"binary-expr","locations":[{"start":{"line":230,"column":28},"end":{"line":230,"column":47}},{"start":{"line":230,"column":51},"end":{"line":230,"column":52}}]},"20":{"loc":{"start":{"line":239,"column":24},"end":{"line":239,"column":37}},"type":"binary-expr","locations":[{"start":{"line":239,"column":24},"end":{"line":239,"column":31}},{"start":{"line":239,"column":35},"end":{"line":239,"column":37}}]},"21":{"loc":{"start":{"line":240,"column":20},"end":{"line":240,"column":87}},"type":"binary-expr","locations":[{"start":{"line":240,"column":20},"end":{"line":240,"column":82}},{"start":{"line":240,"column":86},"end":{"line":240,"column":87}}]},"22":{"loc":{"start":{"line":248,"column":76},"end":{"line":248,"column":127}},"type":"cond-expr","locations":[{"start":{"line":248,"column":96},"end":{"line":248,"column":109}},{"start":{"line":248,"column":112},"end":{"line":248,"column":127}}]},"23":{"loc":{"start":{"line":249,"column":76},"end":{"line":249,"column":125}},"type":"cond-expr","locations":[{"start":{"line":249,"column":94},"end":{"line":249,"column":107}},{"start":{"line":249,"column":110},"end":{"line":249,"column":125}}]},"24":{"loc":{"start":{"line":298,"column":21},"end":{"line":298,"column":66}},"type":"cond-expr","locations":[{"start":{"line":298,"column":29},"end":{"line":298,"column":54}},{"start":{"line":298,"column":57},"end":{"line":298,"column":66}}]},"25":{"loc":{"start":{"line":320,"column":12},"end":{"line":320,"column":22}},"type":"binary-expr","locations":[{"start":{"line":320,"column":12},"end":{"line":320,"column":16}},{"start":{"line":320,"column":20},"end":{"line":320,"column":22}}]},"26":{"loc":{"start":{"line":323,"column":15},"end":{"line":323,"column":83}},"type":"binary-expr","locations":[{"start":{"line":323,"column":15},"end":{"line":323,"column":77}},{"start":{"line":323,"column":81},"end":{"line":323,"column":83}}]},"27":{"loc":{"start":{"line":343,"column":12},"end":{"line":343,"column":22}},"type":"binary-expr","locations":[{"start":{"line":343,"column":12},"end":{"line":343,"column":16}},{"start":{"line":343,"column":20},"end":{"line":343,"column":22}}]},"28":{"loc":{"start":{"line":363,"column":61},"end":{"line":363,"column":101}},"type":"cond-expr","locations":[{"start":{"line":363,"column":93},"end":{"line":363,"column":96}},{"start":{"line":363,"column":99},"end":{"line":363,"column":101}}]},"29":{"loc":{"start":{"line":364,"column":59},"end":{"line":364,"column":101}},"type":"cond-expr","locations":[{"start":{"line":364,"column":93},"end":{"line":364,"column":96}},{"start":{"line":364,"column":99},"end":{"line":364,"column":101}}]},"30":{"loc":{"start":{"line":365,"column":58},"end":{"line":365,"column":105}},"type":"cond-expr","locations":[{"start":{"line":365,"column":97},"end":{"line":365,"column":100}},{"start":{"line":365,"column":103},"end":{"line":365,"column":105}}]},"31":{"loc":{"start":{"line":366,"column":77},"end":{"line":366,"column":125}},"type":"cond-expr","locations":[{"start":{"line":366,"column":117},"end":{"line":366,"column":120}},{"start":{"line":366,"column":123},"end":{"line":366,"column":125}}]},"32":{"loc":{"start":{"line":377,"column":56},"end":{"line":377,"column":96}},"type":"cond-expr","locations":[{"start":{"line":377,"column":88},"end":{"line":377,"column":91}},{"start":{"line":377,"column":94},"end":{"line":377,"column":96}}]},"33":{"loc":{"start":{"line":378,"column":54},"end":{"line":378,"column":96}},"type":"cond-expr","locations":[{"start":{"line":378,"column":88},"end":{"line":378,"column":91}},{"start":{"line":378,"column":94},"end":{"line":378,"column":96}}]},"34":{"loc":{"start":{"line":379,"column":53},"end":{"line":379,"column":100}},"type":"cond-expr","locations":[{"start":{"line":379,"column":92},"end":{"line":379,"column":95}},{"start":{"line":379,"column":98},"end":{"line":379,"column":100}}]},"35":{"loc":{"start":{"line":380,"column":72},"end":{"line":380,"column":120}},"type":"cond-expr","locations":[{"start":{"line":380,"column":112},"end":{"line":380,"column":115}},{"start":{"line":380,"column":118},"end":{"line":380,"column":120}}]}},"s":{"0":1,"1":1,"2":1,"3":1,"4":1,"5":1,"6":1,"7":1,"8":0,"9":1,"10":1,"11":1,"12":1,"13":0,"14":0,"15":0,"16":0,"17":0,"18":0,"19":0,"20":0,"21":0,"22":0,"23":0,"24":0,"25":0,"26":0,"27":0,"28":0,"29":0,"30":0,"31":0,"32":0,"33":0,"34":0,"35":0,"36":0,"37":0,"38":0,"39":0,"40":0,"41":0,"42":0,"43":0,"44":0,"45":0,"46":0,"47":0,"48":0,"49":0,"50":0,"51":0,"52":0,"53":0,"54":0,"55":0,"56":0,"57":0,"58":0,"59":0,"60":0,"61":0,"62":0,"63":0,"64":0,"65":0,"66":0,"67":0,"68":0,"69":0,"70":0,"71":0,"72":0,"73":0,"74":0,"75":0,"76":0,"77":0,"78":0,"79":0,"80":0,"81":0,"82":0,"83":0,"84":0,"85":0,"86":0,"87":0,"88":0,"89":0,"90":0,"91":0,"92":0,"93":0,"94":0,"95":0,"96":0,"97":0,"98":0,"99":0,"100":0,"101":0,"102":0,"103":0,"104":0,"105":0,"106":0,"107":0,"108":0,"109":0,"110":0,"111":0,"112":0,"113":0,"114":0},"f":{"0":1,"1":0,"2":0,"3":0,"4":0,"5":0,"6":0,"7":0,"8":0,"9":0,"10":0,"11":0,"12":0},"b":{"0":[1,0],"1":[0],"2":[1,1],"3":[1],"4":[1,0],"5":[0],"6":[0],"7":[0,0],"8":[0],"9":[0,0],"10":[0,0],"11":[0,0],"12":[0,0],"13":[0,0],"14":[0,0],"15":[0,0],"16":[0,0],"17":[0,0],"18":[0,0],"19":[0,0],"20":[0,0],"21":[0,0],"22":[0,0],"23":[0,0],"24":[0,0],"25":[0,0],"26":[0,0],"27":[0,0],"28":[0,0],"29":[0,0],"30":[0,0],"31":[0,0],"32":[0,0],"33":[0,0],"34":[0,0],"35":[0,0]}}
,"/workspace/atlas-fitness-onboarding/app/components/automation/config/ConfigPanelErrorBoundary.tsx": {"path":"/workspace/atlas-fitness-onboarding/app/components/automation/config/ConfigPanelErrorBoundary.tsx","statementMap":{"0":{"start":{"line":3,"column":0},"end":{"line":3,"column":62}},"1":{"start":{"line":4,"column":0},"end":{"line":4,"column":53}},"2":{"start":{"line":17,"column":9},"end":{"line":20,"column":null}},"3":{"start":{"line":30,"column":10},"end":{"line":35,"column":null}},"4":{"start":{"line":31,"column":4},"end":{"line":31,"column":null}},"5":{"start":{"line":32,"column":4},"end":{"line":34,"column":5}},"6":{"start":{"line":33,"column":6},"end":{"line":33,"column":null}},"7":{"start":{"line":23,"column":4},"end":{"line":23,"column":null}},"8":{"start":{"line":27,"column":4},"end":{"line":27,"column":null}},"9":{"start":{"line":38,"column":4},"end":{"line":71,"column":5}},"10":{"start":{"line":39,"column":6},"end":{"line":70,"column":null}},"11":{"start":{"line":73,"column":4},"end":{"line":73,"column":null}},"12":{"start":{"line":16,"column":0},"end":{"line":16,"column":13}}},"fnMap":{"0":{"name":"(anonymous_9)","decl":{"start":{"line":16,"column":0},"end":{"line":16,"column":13}},"loc":{"start":{"line":16,"column":0},"end":{"line":75,"column":1}}},"1":{"name":"(anonymous_10)","decl":{"start":{"line":30,"column":24},"end":{"line":30,"column":27}},"loc":{"start":{"line":30,"column":29},"end":{"line":35,"column":3}}},"2":{"name":"(anonymous_11)","decl":{"start":{"line":22,"column":9},"end":{"line":22,"column":15}},"loc":{"start":{"line":22,"column":53},"end":{"line":24,"column":3}}},"3":{"name":"(anonymous_12)","decl":{"start":{"line":26,"column":9},"end":{"line":26,"column":26}},"loc":{"start":{"line":26,"column":61},"end":{"line":28,"column":3}}},"4":{"name":"(anonymous_13)","decl":{"start":{"line":37,"column":9},"end":{"line":37,"column":15}},"loc":{"start":{"line":37,"column":15},"end":{"line":74,"column":3}}}},"branchMap":{"0":{"loc":{"start":{"line":32,"column":4},"end":{"line":34,"column":5}},"type":"if","locations":[{"start":{"line":32,"column":4},"end":{"line":34,"column":5}}]},"1":{"loc":{"start":{"line":38,"column":4},"end":{"line":71,"column":5}},"type":"if","locations":[{"start":{"line":38,"column":4},"end":{"line":71,"column":5}}]},"2":{"loc":{"start":{"line":50,"column":15},"end":{"line":58,"column":null}},"type":"binary-expr","locations":[{"start":{"line":50,"column":15},"end":{"line":50,"column":31}},{"start":{"line":51,"column":16},"end":{"line":57,"column":null}}]}},"s":{"0":1,"1":1,"2":4,"3":4,"4":1,"5":1,"6":1,"7":4,"8":2,"9":10,"10":4,"11":6,"12":1},"f":{"0":5,"1":1,"2":4,"3":2,"4":10},"b":{"0":[1],"1":[4],"2":[4,4]}}
,"/workspace/atlas-fitness-onboarding/app/components/automation/config/DynamicConfigPanelEnhanced.tsx": {"path":"/workspace/atlas-fitness-onboarding/app/components/automation/config/DynamicConfigPanelEnhanced.tsx","statementMap":{"0":{"start":{"line":738,"column":0},"end":{"line":738,"column":24}},"1":{"start":{"line":3,"column":0},"end":{"line":3,"column":71}},"2":{"start":{"line":4,"column":0},"end":{"line":4,"column":116}},"3":{"start":{"line":6,"column":0},"end":{"line":6,"column":56}},"4":{"start":{"line":8,"column":0},"end":{"line":8,"column":39}},"5":{"start":{"line":41,"column":26},"end":{"line":52,"column":null}},"6":{"start":{"line":55,"column":22},"end":{"line":62,"column":null}},"7":{"start":{"line":64,"column":28},"end":{"line":128,"column":1}},"8":{"start":{"line":65,"column":34},"end":{"line":81,"column":null}},"9":{"start":{"line":84,"column":2},"end":{"line":127,"column":3}},"10":{"start":{"line":87,"column":26},"end":{"line":99,"column":56}},"11":{"start":{"line":100,"column":6},"end":{"line":103,"column":null}},"12":{"start":{"line":107,"column":25},"end":{"line":107,"column":95}},"13":{"start":{"line":108,"column":6},"end":{"line":111,"column":null}},"14":{"start":{"line":114,"column":6},"end":{"line":117,"column":null}},"15":{"start":{"line":120,"column":6},"end":{"line":123,"column":null}},"16":{"start":{"line":126,"column":6},"end":{"line":126,"column":null}},"17":{"start":{"line":130,"column":25},"end":{"line":423,"column":1}},"18":{"start":{"line":132,"column":23},"end":{"line":132,"column":119}},"19":{"start":{"line":134,"column":23},"end":{"line":149,"column":null}},"20":{"start":{"line":151,"column":2},"end":{"line":422,"column":3}},"21":{"start":{"line":153,"column":86},"end":{"line":153,"column":103}},"22":{"start":{"line":156,"column":6},"end":{"line":161,"column":null}},"23":{"start":{"line":164,"column":29},"end":{"line":164,"column":56}},"24":{"start":{"line":165,"column":29},"end":{"line":167,"column":12}},"25":{"start":{"line":166,"column":43},"end":{"line":166,"column":70}},"26":{"start":{"line":169,"column":6},"end":{"line":230,"column":null}},"27":{"start":{"line":195,"column":37},"end":{"line":195,"column":134}},"28":{"start":{"line":210,"column":37},"end":{"line":210,"column":144}},"29":{"start":{"line":217,"column":25},"end":{"line":217,"column":56}},"30":{"start":{"line":219,"column":37},"end":{"line":219,"column":74}},"31":{"start":{"line":226,"column":25},"end":{"line":226,"column":72}},"32":{"start":{"line":228,"column":37},"end":{"line":228,"column":87}},"33":{"start":{"line":233,"column":51},"end":{"line":233,"column":68}},"34":{"start":{"line":235,"column":6},"end":{"line":259,"column":null}},"35":{"start":{"line":255,"column":25},"end":{"line":255,"column":99}},"36":{"start":{"line":257,"column":37},"end":{"line":257,"column":72}},"37":{"start":{"line":263,"column":6},"end":{"line":322,"column":null}},"38":{"start":{"line":294,"column":37},"end":{"line":294,"column":76}},"39":{"start":{"line":326,"column":6},"end":{"line":418,"column":null}},"40":{"start":{"line":363,"column":37},"end":{"line":363,"column":56}},"41":{"start":{"line":372,"column":37},"end":{"line":372,"column":69}},"42":{"start":{"line":381,"column":37},"end":{"line":381,"column":69}},"43":{"start":{"line":388,"column":25},"end":{"line":388,"column":64}},"44":{"start":{"line":390,"column":37},"end":{"line":390,"column":56}},"45":{"start":{"line":399,"column":12},"end":{"line":413,"column":null}},"46":{"start":{"line":408,"column":14},"end":{"line":412,"column":15}},"47":{"start":{"line":409,"column":16},"end":{"line":409,"column":null}},"48":{"start":{"line":411,"column":16},"end":{"line":411,"column":null}},"49":{"start":{"line":416,"column":37},"end":{"line":416,"column":77}},"50":{"start":{"line":421,"column":6},"end":{"line":421,"column":null}},"51":{"start":{"line":425,"column":24},"end":{"line":574,"column":1}},"52":{"start":{"line":426,"column":48},"end":{"line":426,"column":65}},"53":{"start":{"line":428,"column":2},"end":{"line":573,"column":3}},"54":{"start":{"line":430,"column":6},"end":{"line":474,"column":null}},"55":{"start":{"line":470,"column":25},"end":{"line":470,"column":75}},"56":{"start":{"line":472,"column":37},"end":{"line":472,"column":87}},"57":{"start":{"line":477,"column":6},"end":{"line":522,"column":null}},"58":{"start":{"line":518,"column":25},"end":{"line":518,"column":73}},"59":{"start":{"line":520,"column":37},"end":{"line":520,"column":84}},"60":{"start":{"line":525,"column":6},"end":{"line":569,"column":null}},"61":{"start":{"line":565,"column":25},"end":{"line":565,"column":78}},"62":{"start":{"line":567,"column":37},"end":{"line":567,"column":90}},"63":{"start":{"line":572,"column":6},"end":{"line":572,"column":null}},"64":{"start":{"line":576,"column":27},"end":{"line":609,"column":null}},"65":{"start":{"line":576,"column":46},"end":{"line":609,"column":null}},"66":{"start":{"line":611,"column":22},"end":{"line":633,"column":null}},"67":{"start":{"line":611,"column":41},"end":{"line":633,"column":null}},"68":{"start":{"line":641,"column":5},"end":{"line":736,"column":1}},"69":{"start":{"line":642,"column":22},"end":{"line":642,"column":55}},"70":{"start":{"line":643,"column":44},"end":{"line":643,"column":59}},"71":{"start":{"line":645,"column":25},"end":{"line":670,"column":3}},"72":{"start":{"line":646,"column":4},"end":{"line":646,"column":36}},"73":{"start":{"line":646,"column":30},"end":{"line":646,"column":36}},"74":{"start":{"line":649,"column":30},"end":{"line":655,"column":70}},"75":{"start":{"line":657,"column":21},"end":{"line":657,"column":40}},"76":{"start":{"line":658,"column":18},"end":{"line":658,"column":41}},"77":{"start":{"line":659,"column":16},"end":{"line":659,"column":37}},"78":{"start":{"line":660,"column":21},"end":{"line":660,"column":89}},"79":{"start":{"line":662,"column":4},"end":{"line":662,"column":null}},"80":{"start":{"line":665,"column":4},"end":{"line":669,"column":null}},"81":{"start":{"line":666,"column":6},"end":{"line":666,"column":null}},"82":{"start":{"line":667,"column":6},"end":{"line":667,"column":null}},"83":{"start":{"line":668,"column":6},"end":{"line":668,"column":null}},"84":{"start":{"line":672,"column":2},"end":{"line":735,"column":null}},"85":{"start":{"line":679,"column":29},"end":{"line":679,"column":53}},"86":{"start":{"line":689,"column":29},"end":{"line":689,"column":53}},"87":{"start":{"line":699,"column":27},"end":{"line":699,"column":59}},"88":{"start":{"line":713,"column":14},"end":{"line":714,"column":null}},"89":{"start":{"line":717,"column":18},"end":{"line":717,"column":null}},"90":{"start":{"line":718,"column":18},"end":{"line":718,"column":null}},"91":{"start":{"line":740,"column":2},"end":{"line":745,"column":3}},"92":{"start":{"line":741,"column":4},"end":{"line":741,"column":null}},"93":{"start":{"line":742,"column":4},"end":{"line":742,"column":null}},"94":{"start":{"line":743,"column":4},"end":{"line":743,"column":null}},"95":{"start":{"line":744,"column":4},"end":{"line":744,"column":null}},"96":{"start":{"line":747,"column":2},"end":{"line":752,"column":3}},"97":{"start":{"line":748,"column":4},"end":{"line":748,"column":null}},"98":{"start":{"line":749,"column":4},"end":{"line":749,"column":null}},"99":{"start":{"line":750,"column":4},"end":{"line":750,"column":null}},"100":{"start":{"line":751,"column":4},"end":{"line":751,"column":null}},"101":{"start":{"line":754,"column":2},"end":{"line":754,"column":null}},"102":{"start":{"line":757,"column":2},"end":{"line":759,"column":3}},"103":{"start":{"line":758,"column":4},"end":{"line":758,"column":null}},"104":{"start":{"line":761,"column":30},"end":{"line":761,"column":63}},"105":{"start":{"line":762,"column":30},"end":{"line":762,"column":66}},"106":{"start":{"line":763,"column":32},"end":{"line":763,"column":47}},"107":{"start":{"line":764,"column":44},"end":{"line":764,"column":97}},"108":{"start":{"line":765,"column":44},"end":{"line":765,"column":114}},"109":{"start":{"line":766,"column":56},"end":{"line":766,"column":71}},"110":{"start":{"line":767,"column":28},"end":{"line":767,"column":81}},"111":{"start":{"line":768,"column":42},"end":{"line":768,"column":57}},"112":{"start":{"line":769,"column":36},"end":{"line":769,"column":48}},"113":{"start":{"line":770,"column":42},"end":{"line":770,"column":54}},"114":{"start":{"line":773,"column":30},"end":{"line":773,"column":81}},"115":{"start":{"line":776,"column":2},"end":{"line":790,"column":27}},"116":{"start":{"line":778,"column":22},"end":{"line":778,"column":45}},"117":{"start":{"line":779,"column":4},"end":{"line":779,"column":null}},"118":{"start":{"line":780,"column":4},"end":{"line":780,"column":18}},"119":{"start":{"line":781,"column":4},"end":{"line":781,"column":22}},"120":{"start":{"line":784,"column":4},"end":{"line":786,"column":5}},"121":{"start":{"line":785,"column":6},"end":{"line":785,"column":null}},"122":{"start":{"line":785,"column":25},"end":{"line":785,"column":60}},"123":{"start":{"line":787,"column":4},"end":{"line":789,"column":5}},"124":{"start":{"line":788,"column":6},"end":{"line":788,"column":null}},"125":{"start":{"line":788,"column":25},"end":{"line":788,"column":72}},"126":{"start":{"line":793,"column":2},"end":{"line":795,"column":null}},"127":{"start":{"line":794,"column":4},"end":{"line":794,"column":null}},"128":{"start":{"line":797,"column":27},"end":{"line":808,"column":3}},"129":{"start":{"line":798,"column":4},"end":{"line":807,"column":5}},"130":{"start":{"line":799,"column":23},"end":{"line":799,"column":55}},"131":{"start":{"line":800,"column":6},"end":{"line":804,"column":7}},"132":{"start":{"line":801,"column":21},"end":{"line":801,"column":42}},"133":{"start":{"line":802,"column":8},"end":{"line":802,"column":null}},"134":{"start":{"line":803,"column":8},"end":{"line":803,"column":null}},"135":{"start":{"line":806,"column":6},"end":{"line":806,"column":null}},"136":{"start":{"line":811,"column":28},"end":{"line":892,"column":3}},"137":{"start":{"line":812,"column":4},"end":{"line":812,"column":null}},"138":{"start":{"line":813,"column":4},"end":{"line":813,"column":null}},"139":{"start":{"line":814,"column":4},"end":{"line":891,"column":5}},"140":{"start":{"line":816,"column":28},"end":{"line":816,"column":75}},"141":{"start":{"line":817,"column":6},"end":{"line":817,"column":null}},"142":{"start":{"line":819,"column":6},"end":{"line":885,"column":7}},"143":{"start":{"line":820,"column":26},"end":{"line":820,"column":52}},"144":{"start":{"line":821,"column":8},"end":{"line":821,"column":null}},"145":{"start":{"line":823,"column":8},"end":{"line":830,"column":9}},"146":{"start":{"line":825,"column":10},"end":{"line":825,"column":null}},"147":{"start":{"line":826,"column":10},"end":{"line":826,"column":null}},"148":{"start":{"line":827,"column":10},"end":{"line":827,"column":null}},"149":{"start":{"line":828,"column":10},"end":{"line":828,"column":null}},"150":{"start":{"line":829,"column":10},"end":{"line":829,"column":16}},"151":{"start":{"line":832,"column":8},"end":{"line":880,"column":9}},"152":{"start":{"line":833,"column":30},"end":{"line":836,"column":13}},"153":{"start":{"line":833,"column":66},"end":{"line":836,"column":12}},"154":{"start":{"line":837,"column":10},"end":{"line":837,"column":null}},"155":{"start":{"line":840,"column":26},"end":{"line":840,"column":73}},"156":{"start":{"line":840,"column":58},"end":{"line":840,"column":62}},"157":{"start":{"line":841,"column":10},"end":{"line":841,"column":null}},"158":{"start":{"line":843,"column":10},"end":{"line":876,"column":11}},"159":{"start":{"line":844,"column":34},"end":{"line":844,"column":105}},"160":{"start":{"line":845,"column":12},"end":{"line":872,"column":13}},"161":{"start":{"line":846,"column":32},"end":{"line":846,"column":58}},"162":{"start":{"line":847,"column":14},"end":{"line":847,"column":null}},"163":{"start":{"line":849,"column":88},"end":{"line":849,"column":90}},"164":{"start":{"line":851,"column":14},"end":{"line":863,"column":15}},"165":{"start":{"line":852,"column":16},"end":{"line":862,"column":null}},"166":{"start":{"line":854,"column":31},"end":{"line":854,"column":85}},"167":{"start":{"line":854,"column":64},"end":{"line":854,"column":84}},"168":{"start":{"line":855,"column":35},"end":{"line":855,"column":63}},"169":{"start":{"line":857,"column":18},"end":{"line":861,"column":null}},"170":{"start":{"line":865,"column":14},"end":{"line":865,"column":null}},"171":{"start":{"line":866,"column":14},"end":{"line":866,"column":null}},"172":{"start":{"line":868,"column":32},"end":{"line":868,"column":58}},"173":{"start":{"line":869,"column":14},"end":{"line":869,"column":null}},"174":{"start":{"line":871,"column":14},"end":{"line":871,"column":null}},"175":{"start":{"line":874,"column":12},"end":{"line":874,"column":null}},"176":{"start":{"line":875,"column":12},"end":{"line":875,"column":null}},"177":{"start":{"line":878,"column":10},"end":{"line":878,"column":null}},"178":{"start":{"line":879,"column":10},"end":{"line":879,"column":null}},"179":{"start":{"line":882,"column":26},"end":{"line":882,"column":52}},"180":{"start":{"line":883,"column":8},"end":{"line":883,"column":null}},"181":{"start":{"line":884,"column":8},"end":{"line":884,"column":null}},"182":{"start":{"line":887,"column":6},"end":{"line":887,"column":null}},"183":{"start":{"line":888,"column":6},"end":{"line":888,"column":null}},"184":{"start":{"line":890,"column":6},"end":{"line":890,"column":null}},"185":{"start":{"line":895,"column":21},"end":{"line":922,"column":3}},"186":{"start":{"line":896,"column":4},"end":{"line":896,"column":null}},"187":{"start":{"line":897,"column":4},"end":{"line":921,"column":5}},"188":{"start":{"line":898,"column":23},"end":{"line":898,"column":53}},"189":{"start":{"line":899,"column":6},"end":{"line":914,"column":7}},"190":{"start":{"line":900,"column":21},"end":{"line":900,"column":42}},"191":{"start":{"line":901,"column":8},"end":{"line":913,"column":9}},"192":{"start":{"line":902,"column":30},"end":{"line":908,"column":null}},"193":{"start":{"line":904,"column":46},"end":{"line":907,"column":14}},"194":{"start":{"line":909,"column":10},"end":{"line":909,"column":null}},"195":{"start":{"line":912,"column":10},"end":{"line":912,"column":null}},"196":{"start":{"line":916,"column":6},"end":{"line":916,"column":null}},"197":{"start":{"line":918,"column":6},"end":{"line":918,"column":null}},"198":{"start":{"line":920,"column":6},"end":{"line":920,"column":null}},"199":{"start":{"line":925,"column":2},"end":{"line":934,"column":58}},"200":{"start":{"line":926,"column":4},"end":{"line":930,"column":5}},"201":{"start":{"line":927,"column":6},"end":{"line":927,"column":null}},"202":{"start":{"line":928,"column":6},"end":{"line":928,"column":null}},"203":{"start":{"line":929,"column":6},"end":{"line":929,"column":null}},"204":{"start":{"line":931,"column":4},"end":{"line":933,"column":5}},"205":{"start":{"line":932,"column":6},"end":{"line":932,"column":null}},"206":{"start":{"line":937,"column":2},"end":{"line":942,"column":null}},"207":{"start":{"line":938,"column":4},"end":{"line":941,"column":5}},"208":{"start":{"line":939,"column":6},"end":{"line":939,"column":null}},"209":{"start":{"line":940,"column":6},"end":{"line":940,"column":null}},"210":{"start":{"line":945,"column":24},"end":{"line":1001,"column":3}},"211":{"start":{"line":946,"column":4},"end":{"line":949,"column":5}},"212":{"start":{"line":947,"column":6},"end":{"line":947,"column":null}},"213":{"start":{"line":948,"column":6},"end":{"line":948,"column":12}},"214":{"start":{"line":952,"column":25},"end":{"line":952,"column":63}},"215":{"start":{"line":954,"column":4},"end":{"line":1000,"column":5}},"216":{"start":{"line":955,"column":23},"end":{"line":964,"column":8}},"217":{"start":{"line":966,"column":6},"end":{"line":966,"column":null}},"218":{"start":{"line":968,"column":6},"end":{"line":988,"column":7}},"219":{"start":{"line":969,"column":21},"end":{"line":969,"column":42}},"220":{"start":{"line":970,"column":8},"end":{"line":977,"column":null}},"221":{"start":{"line":979,"column":26},"end":{"line":979,"column":65}},"222":{"start":{"line":979,"column":61},"end":{"line":979,"column":63}},"223":{"start":{"line":980,"column":8},"end":{"line":987,"column":null}},"224":{"start":{"line":990,"column":6},"end":{"line":990,"column":null}},"225":{"start":{"line":991,"column":6},"end":{"line":991,"column":null}},"226":{"start":{"line":992,"column":6},"end":{"line":999,"column":null}},"227":{"start":{"line":1003,"column":22},"end":{"line":1049,"column":3}},"228":{"start":{"line":1004,"column":4},"end":{"line":1007,"column":5}},"229":{"start":{"line":1005,"column":6},"end":{"line":1005,"column":null}},"230":{"start":{"line":1006,"column":6},"end":{"line":1006,"column":12}},"231":{"start":{"line":1009,"column":25},"end":{"line":1009,"column":61}},"232":{"start":{"line":1011,"column":4},"end":{"line":1048,"column":5}},"233":{"start":{"line":1012,"column":23},"end":{"line":1020,"column":8}},"234":{"start":{"line":1022,"column":6},"end":{"line":1022,"column":null}},"235":{"start":{"line":1024,"column":6},"end":{"line":1043,"column":7}},"236":{"start":{"line":1025,"column":8},"end":{"line":1032,"column":null}},"237":{"start":{"line":1034,"column":26},"end":{"line":1034,"column":65}},"238":{"start":{"line":1034,"column":61},"end":{"line":1034,"column":63}},"239":{"start":{"line":1035,"column":8},"end":{"line":1042,"column":null}},"240":{"start":{"line":1045,"column":6},"end":{"line":1045,"column":null}},"241":{"start":{"line":1046,"column":6},"end":{"line":1046,"column":null}},"242":{"start":{"line":1047,"column":6},"end":{"line":1047,"column":null}},"243":{"start":{"line":1051,"column":27},"end":{"line":1097,"column":3}},"244":{"start":{"line":1052,"column":4},"end":{"line":1055,"column":5}},"245":{"start":{"line":1053,"column":6},"end":{"line":1053,"column":null}},"246":{"start":{"line":1054,"column":6},"end":{"line":1054,"column":12}},"247":{"start":{"line":1057,"column":25},"end":{"line":1057,"column":74}},"248":{"start":{"line":1059,"column":4},"end":{"line":1096,"column":5}},"249":{"start":{"line":1060,"column":23},"end":{"line":1068,"column":8}},"250":{"start":{"line":1070,"column":6},"end":{"line":1070,"column":null}},"251":{"start":{"line":1072,"column":6},"end":{"line":1091,"column":7}},"252":{"start":{"line":1073,"column":8},"end":{"line":1080,"column":null}},"253":{"start":{"line":1082,"column":26},"end":{"line":1082,"column":65}},"254":{"start":{"line":1082,"column":61},"end":{"line":1082,"column":63}},"255":{"start":{"line":1083,"column":8},"end":{"line":1090,"column":null}},"256":{"start":{"line":1093,"column":6},"end":{"line":1093,"column":null}},"257":{"start":{"line":1094,"column":6},"end":{"line":1094,"column":null}},"258":{"start":{"line":1095,"column":6},"end":{"line":1095,"column":null}},"259":{"start":{"line":1099,"column":21},"end":{"line":1112,"column":4}},"260":{"start":{"line":1114,"column":23},"end":{"line":1135,"column":3}},"261":{"start":{"line":1115,"column":46},"end":{"line":1115,"column":48}},"262":{"start":{"line":1116,"column":16},"end":{"line":1116,"column":20}},"263":{"start":{"line":1118,"column":4},"end":{"line":1131,"column":null}},"264":{"start":{"line":1119,"column":6},"end":{"line":1122,"column":7}},"265":{"start":{"line":1120,"column":8},"end":{"line":1120,"column":null}},"266":{"start":{"line":1121,"column":8},"end":{"line":1121,"column":null}},"267":{"start":{"line":1124,"column":6},"end":{"line":1130,"column":7}},"268":{"start":{"line":1125,"column":22},"end":{"line":1125,"column":64}},"269":{"start":{"line":1126,"column":8},"end":{"line":1129,"column":9}},"270":{"start":{"line":1127,"column":10},"end":{"line":1127,"column":null}},"271":{"start":{"line":1128,"column":10},"end":{"line":1128,"column":null}},"272":{"start":{"line":1133,"column":4},"end":{"line":1133,"column":null}},"273":{"start":{"line":1134,"column":4},"end":{"line":1134,"column":null}},"274":{"start":{"line":1137,"column":2},"end":{"line":1139,"column":null}},"275":{"start":{"line":1138,"column":4},"end":{"line":1138,"column":null}},"276":{"start":{"line":1141,"column":28},"end":{"line":1156,"column":3}},"277":{"start":{"line":1143,"column":23},"end":{"line":1143,"column":35}},"278":{"start":{"line":1144,"column":22},"end":{"line":1144,"column":53}},"279":{"start":{"line":1147,"column":4},"end":{"line":1150,"column":5}},"280":{"start":{"line":1148,"column":6},"end":{"line":1148,"column":null}},"281":{"start":{"line":1149,"column":6},"end":{"line":1149,"column":null}},"282":{"start":{"line":1152,"column":4},"end":{"line":1152,"column":null}},"283":{"start":{"line":1153,"column":4},"end":{"line":1155,"column":5}},"284":{"start":{"line":1154,"column":6},"end":{"line":1154,"column":null}},"285":{"start":{"line":1159,"column":25},"end":{"line":1164,"column":3}},"286":{"start":{"line":1160,"column":4},"end":{"line":1162,"column":5}},"287":{"start":{"line":1161,"column":6},"end":{"line":1161,"column":null}},"288":{"start":{"line":1163,"column":4},"end":{"line":1163,"column":null}},"289":{"start":{"line":1166,"column":21},"end":{"line":1190,"column":3}},"290":{"start":{"line":1167,"column":4},"end":{"line":1189,"column":5}},"291":{"start":{"line":1169,"column":28},"end":{"line":1178,"column":null}},"292":{"start":{"line":1180,"column":6},"end":{"line":1185,"column":null}},"293":{"start":{"line":1187,"column":6},"end":{"line":1187,"column":null}},"294":{"start":{"line":1188,"column":6},"end":{"line":1188,"column":null}},"295":{"start":{"line":1192,"column":22},"end":{"line":1320,"column":3}},"296":{"start":{"line":1193,"column":4},"end":{"line":1195,"column":5}},"297":{"start":{"line":1194,"column":6},"end":{"line":1194,"column":null}},"298":{"start":{"line":1197,"column":4},"end":{"line":1212,"column":5}},"299":{"start":{"line":1198,"column":6},"end":{"line":1211,"column":null}},"300":{"start":{"line":1214,"column":4},"end":{"line":1229,"column":5}},"301":{"start":{"line":1215,"column":6},"end":{"line":1228,"column":null}},"302":{"start":{"line":1224,"column":33},"end":{"line":1224,"column":68}},"303":{"start":{"line":1232,"column":4},"end":{"line":1319,"column":null}},"304":{"start":{"line":1242,"column":29},"end":{"line":1242,"column":73}},"305":{"start":{"line":1248,"column":14},"end":{"line":1248,"column":41}},"306":{"start":{"line":1258,"column":14},"end":{"line":1258,"column":40}},"307":{"start":{"line":1263,"column":36},"end":{"line":1263,"column":59}},"308":{"start":{"line":1264,"column":37},"end":{"line":1266,"column":73}},"309":{"start":{"line":1266,"column":54},"end":{"line":1266,"column":72}},"310":{"start":{"line":1267,"column":20},"end":{"line":1267,"column":null}},"311":{"start":{"line":1281,"column":29},"end":{"line":1281,"column":73}},"312":{"start":{"line":1291,"column":29},"end":{"line":1291,"column":73}},"313":{"start":{"line":1304,"column":31},"end":{"line":1304,"column":77}},"314":{"start":{"line":1322,"column":2},"end":{"line":1365,"column":null}}},"fnMap":{"0":{"name":"(anonymous_9)","decl":{"start":{"line":64,"column":28},"end":{"line":64,"column":29}},"loc":{"start":{"line":64,"column":83},"end":{"line":128,"column":1}}},"1":{"name":"(anonymous_10)","decl":{"start":{"line":130,"column":25},"end":{"line":130,"column":26}},"loc":{"start":{"line":130,"column":77},"end":{"line":423,"column":1}}},"2":{"name":"(anonymous_11)","decl":{"start":{"line":166,"column":31},"end":{"line":166,"column":32}},"loc":{"start":{"line":166,"column":43},"end":{"line":166,"column":70}}},"3":{"name":"(anonymous_12)","decl":{"start":{"line":195,"column":20},"end":{"line":195,"column":21}},"loc":{"start":{"line":195,"column":37},"end":{"line":195,"column":134}}},"4":{"name":"(anonymous_13)","decl":{"start":{"line":210,"column":20},"end":{"line":210,"column":21}},"loc":{"start":{"line":210,"column":37},"end":{"line":210,"column":144}}},"5":{"name":"(anonymous_14)","decl":{"start":{"line":217,"column":19},"end":{"line":217,"column":22}},"loc":{"start":{"line":217,"column":25},"end":{"line":217,"column":56}}},"6":{"name":"(anonymous_15)","decl":{"start":{"line":219,"column":20},"end":{"line":219,"column":21}},"loc":{"start":{"line":219,"column":37},"end":{"line":219,"column":74}}},"7":{"name":"(anonymous_16)","decl":{"start":{"line":226,"column":19},"end":{"line":226,"column":22}},"loc":{"start":{"line":226,"column":25},"end":{"line":226,"column":72}}},"8":{"name":"(anonymous_17)","decl":{"start":{"line":228,"column":20},"end":{"line":228,"column":21}},"loc":{"start":{"line":228,"column":37},"end":{"line":228,"column":87}}},"9":{"name":"(anonymous_18)","decl":{"start":{"line":255,"column":19},"end":{"line":255,"column":22}},"loc":{"start":{"line":255,"column":25},"end":{"line":255,"column":99}}},"10":{"name":"(anonymous_19)","decl":{"start":{"line":257,"column":20},"end":{"line":257,"column":21}},"loc":{"start":{"line":257,"column":37},"end":{"line":257,"column":72}}},"11":{"name":"(anonymous_20)","decl":{"start":{"line":294,"column":20},"end":{"line":294,"column":21}},"loc":{"start":{"line":294,"column":37},"end":{"line":294,"column":76}}},"12":{"name":"(anonymous_21)","decl":{"start":{"line":363,"column":20},"end":{"line":363,"column":21}},"loc":{"start":{"line":363,"column":37},"end":{"line":363,"column":56}}},"13":{"name":"(anonymous_22)","decl":{"start":{"line":372,"column":20},"end":{"line":372,"column":21}},"loc":{"start":{"line":372,"column":37},"end":{"line":372,"column":69}}},"14":{"name":"(anonymous_23)","decl":{"start":{"line":381,"column":20},"end":{"line":381,"column":21}},"loc":{"start":{"line":381,"column":37},"end":{"line":381,"column":69}}},"15":{"name":"(anonymous_24)","decl":{"start":{"line":388,"column":19},"end":{"line":388,"column":22}},"loc":{"start":{"line":388,"column":25},"end":{"line":388,"column":64}}},"16":{"name":"(anonymous_25)","decl":{"start":{"line":390,"column":20},"end":{"line":390,"column":21}},"loc":{"start":{"line":390,"column":37},"end":{"line":390,"column":56}}},"17":{"name":"(anonymous_26)","decl":{"start":{"line":397,"column":19},"end":{"line":397,"column":22}},"loc":{"start":{"line":397,"column":24},"end":{"line":414,"column":11}}},"18":{"name":"(anonymous_27)","decl":{"start":{"line":407,"column":20},"end":{"line":407,"column":23}},"loc":{"start":{"line":407,"column":26},"end":{"line":413,"column":13}}},"19":{"name":"(anonymous_28)","decl":{"start":{"line":416,"column":20},"end":{"line":416,"column":21}},"loc":{"start":{"line":416,"column":37},"end":{"line":416,"column":77}}},"20":{"name":"(anonymous_29)","decl":{"start":{"line":425,"column":24},"end":{"line":425,"column":25}},"loc":{"start":{"line":425,"column":79},"end":{"line":574,"column":1}}},"21":{"name":"(anonymous_30)","decl":{"start":{"line":470,"column":19},"end":{"line":470,"column":22}},"loc":{"start":{"line":470,"column":25},"end":{"line":470,"column":75}}},"22":{"name":"(anonymous_31)","decl":{"start":{"line":472,"column":20},"end":{"line":472,"column":21}},"loc":{"start":{"line":472,"column":37},"end":{"line":472,"column":87}}},"23":{"name":"(anonymous_32)","decl":{"start":{"line":518,"column":19},"end":{"line":518,"column":22}},"loc":{"start":{"line":518,"column":25},"end":{"line":518,"column":73}}},"24":{"name":"(anonymous_33)","decl":{"start":{"line":520,"column":20},"end":{"line":520,"column":21}},"loc":{"start":{"line":520,"column":37},"end":{"line":520,"column":84}}},"25":{"name":"(anonymous_34)","decl":{"start":{"line":565,"column":19},"end":{"line":565,"column":22}},"loc":{"start":{"line":565,"column":25},"end":{"line":565,"column":78}}},"26":{"name":"(anonymous_35)","decl":{"start":{"line":567,"column":20},"end":{"line":567,"column":21}},"loc":{"start":{"line":567,"column":37},"end":{"line":567,"column":90}}},"27":{"name":"(anonymous_36)","decl":{"start":{"line":576,"column":27},"end":{"line":576,"column":43}},"loc":{"start":{"line":576,"column":46},"end":{"line":609,"column":null}}},"28":{"name":"(anonymous_37)","decl":{"start":{"line":611,"column":22},"end":{"line":611,"column":38}},"loc":{"start":{"line":611,"column":41},"end":{"line":633,"column":null}}},"29":{"name":"(anonymous_38)","decl":{"start":{"line":641,"column":5},"end":{"line":641,"column":6}},"loc":{"start":{"line":641,"column":43},"end":{"line":736,"column":1}}},"30":{"name":"(anonymous_39)","decl":{"start":{"line":645,"column":25},"end":{"line":645,"column":26}},"loc":{"start":{"line":645,"column":46},"end":{"line":670,"column":3}}},"31":{"name":"(anonymous_40)","decl":{"start":{"line":665,"column":15},"end":{"line":665,"column":18}},"loc":{"start":{"line":665,"column":20},"end":{"line":669,"column":5}}},"32":{"name":"(anonymous_41)","decl":{"start":{"line":679,"column":22},"end":{"line":679,"column":23}},"loc":{"start":{"line":679,"column":29},"end":{"line":679,"column":53}}},"33":{"name":"(anonymous_42)","decl":{"start":{"line":689,"column":22},"end":{"line":689,"column":23}},"loc":{"start":{"line":689,"column":29},"end":{"line":689,"column":53}}},"34":{"name":"(anonymous_43)","decl":{"start":{"line":699,"column":21},"end":{"line":699,"column":24}},"loc":{"start":{"line":699,"column":27},"end":{"line":699,"column":59}}},"35":{"name":"(anonymous_44)","decl":{"start":{"line":712,"column":33},"end":{"line":712,"column":34}},"loc":{"start":{"line":713,"column":14},"end":{"line":714,"column":null}}},"36":{"name":"(anonymous_45)","decl":{"start":{"line":716,"column":25},"end":{"line":716,"column":28}},"loc":{"start":{"line":716,"column":30},"end":{"line":719,"column":17}}},"37":{"name":"DynamicConfigPanelEnhanced","decl":{"start":{"line":738,"column":24},"end":{"line":738,"column":50}},"loc":{"start":{"line":738,"column":127},"end":{"line":1366,"column":1}}},"38":{"name":"(anonymous_47)","decl":{"start":{"line":776,"column":12},"end":{"line":776,"column":15}},"loc":{"start":{"line":776,"column":17},"end":{"line":790,"column":3}}},"39":{"name":"(anonymous_48)","decl":{"start":{"line":785,"column":16},"end":{"line":785,"column":20}},"loc":{"start":{"line":785,"column":25},"end":{"line":785,"column":60}}},"40":{"name":"(anonymous_49)","decl":{"start":{"line":788,"column":16},"end":{"line":788,"column":20}},"loc":{"start":{"line":788,"column":25},"end":{"line":788,"column":72}}},"41":{"name":"(anonymous_50)","decl":{"start":{"line":793,"column":12},"end":{"line":793,"column":15}},"loc":{"start":{"line":793,"column":17},"end":{"line":795,"column":3}}},"42":{"name":"(anonymous_51)","decl":{"start":{"line":797,"column":27},"end":{"line":797,"column":32}},"loc":{"start":{"line":797,"column":38},"end":{"line":808,"column":3}}},"43":{"name":"(anonymous_52)","decl":{"start":{"line":811,"column":28},"end":{"line":811,"column":33}},"loc":{"start":{"line":811,"column":39},"end":{"line":892,"column":3}}},"44":{"name":"(anonymous_53)","decl":{"start":{"line":833,"column":50},"end":{"line":833,"column":51}},"loc":{"start":{"line":833,"column":66},"end":{"line":836,"column":12}}},"45":{"name":"(anonymous_54)","decl":{"start":{"line":840,"column":46},"end":{"line":840,"column":47}},"loc":{"start":{"line":840,"column":58},"end":{"line":840,"column":62}}},"46":{"name":"(anonymous_55)","decl":{"start":{"line":852,"column":40},"end":{"line":852,"column":41}},"loc":{"start":{"line":852,"column":54},"end":{"line":862,"column":17}}},"47":{"name":"(anonymous_56)","decl":{"start":{"line":854,"column":52},"end":{"line":854,"column":53}},"loc":{"start":{"line":854,"column":64},"end":{"line":854,"column":84}}},"48":{"name":"(anonymous_57)","decl":{"start":{"line":895,"column":21},"end":{"line":895,"column":26}},"loc":{"start":{"line":895,"column":32},"end":{"line":922,"column":3}}},"49":{"name":"(anonymous_58)","decl":{"start":{"line":904,"column":30},"end":{"line":904,"column":31}},"loc":{"start":{"line":904,"column":46},"end":{"line":907,"column":14}}},"50":{"name":"(anonymous_59)","decl":{"start":{"line":925,"column":12},"end":{"line":925,"column":15}},"loc":{"start":{"line":925,"column":17},"end":{"line":934,"column":3}}},"51":{"name":"(anonymous_60)","decl":{"start":{"line":937,"column":12},"end":{"line":937,"column":15}},"loc":{"start":{"line":937,"column":17},"end":{"line":942,"column":3}}},"52":{"name":"(anonymous_61)","decl":{"start":{"line":945,"column":24},"end":{"line":945,"column":29}},"loc":{"start":{"line":945,"column":46},"end":{"line":1001,"column":3}}},"53":{"name":"(anonymous_62)","decl":{"start":{"line":979,"column":54},"end":{"line":979,"column":57}},"loc":{"start":{"line":979,"column":61},"end":{"line":979,"column":63}}},"54":{"name":"(anonymous_63)","decl":{"start":{"line":1003,"column":22},"end":{"line":1003,"column":27}},"loc":{"start":{"line":1003,"column":44},"end":{"line":1049,"column":3}}},"55":{"name":"(anonymous_64)","decl":{"start":{"line":1034,"column":54},"end":{"line":1034,"column":57}},"loc":{"start":{"line":1034,"column":61},"end":{"line":1034,"column":63}}},"56":{"name":"(anonymous_65)","decl":{"start":{"line":1051,"column":27},"end":{"line":1051,"column":32}},"loc":{"start":{"line":1051,"column":49},"end":{"line":1097,"column":3}}},"57":{"name":"(anonymous_66)","decl":{"start":{"line":1082,"column":54},"end":{"line":1082,"column":57}},"loc":{"start":{"line":1082,"column":61},"end":{"line":1082,"column":63}}},"58":{"name":"(anonymous_67)","decl":{"start":{"line":1114,"column":23},"end":{"line":1114,"column":26}},"loc":{"start":{"line":1114,"column":28},"end":{"line":1135,"column":3}}},"59":{"name":"(anonymous_68)","decl":{"start":{"line":1118,"column":23},"end":{"line":1118,"column":28}},"loc":{"start":{"line":1118,"column":31},"end":{"line":1131,"column":5}}},"60":{"name":"(anonymous_69)","decl":{"start":{"line":1137,"column":12},"end":{"line":1137,"column":15}},"loc":{"start":{"line":1137,"column":17},"end":{"line":1139,"column":3}}},"61":{"name":"(anonymous_70)","decl":{"start":{"line":1141,"column":28},"end":{"line":1141,"column":29}},"loc":{"start":{"line":1141,"column":56},"end":{"line":1156,"column":3}}},"62":{"name":"(anonymous_71)","decl":{"start":{"line":1159,"column":25},"end":{"line":1159,"column":26}},"loc":{"start":{"line":1159,"column":65},"end":{"line":1164,"column":3}}},"63":{"name":"(anonymous_72)","decl":{"start":{"line":1166,"column":21},"end":{"line":1166,"column":24}},"loc":{"start":{"line":1166,"column":26},"end":{"line":1190,"column":3}}},"64":{"name":"(anonymous_73)","decl":{"start":{"line":1192,"column":22},"end":{"line":1192,"column":23}},"loc":{"start":{"line":1192,"column":43},"end":{"line":1320,"column":3}}},"65":{"name":"(anonymous_74)","decl":{"start":{"line":1224,"column":22},"end":{"line":1224,"column":23}},"loc":{"start":{"line":1224,"column":33},"end":{"line":1224,"column":68}}},"66":{"name":"(anonymous_75)","decl":{"start":{"line":1242,"column":22},"end":{"line":1242,"column":23}},"loc":{"start":{"line":1242,"column":29},"end":{"line":1242,"column":73}}},"67":{"name":"(anonymous_76)","decl":{"start":{"line":1247,"column":32},"end":{"line":1247,"column":38}},"loc":{"start":{"line":1248,"column":14},"end":{"line":1248,"column":41}}},"68":{"name":"(anonymous_77)","decl":{"start":{"line":1257,"column":32},"end":{"line":1257,"column":38}},"loc":{"start":{"line":1258,"column":14},"end":{"line":1258,"column":40}}},"69":{"name":"(anonymous_78)","decl":{"start":{"line":1262,"column":28},"end":{"line":1262,"column":29}},"loc":{"start":{"line":1262,"column":34},"end":{"line":1268,"column":19}}},"70":{"name":"(anonymous_79)","decl":{"start":{"line":1266,"column":39},"end":{"line":1266,"column":40}},"loc":{"start":{"line":1266,"column":54},"end":{"line":1266,"column":72}}},"71":{"name":"(anonymous_80)","decl":{"start":{"line":1281,"column":22},"end":{"line":1281,"column":23}},"loc":{"start":{"line":1281,"column":29},"end":{"line":1281,"column":73}}},"72":{"name":"(anonymous_81)","decl":{"start":{"line":1291,"column":22},"end":{"line":1291,"column":23}},"loc":{"start":{"line":1291,"column":29},"end":{"line":1291,"column":73}}},"73":{"name":"(anonymous_82)","decl":{"start":{"line":1304,"column":24},"end":{"line":1304,"column":25}},"loc":{"start":{"line":1304,"column":31},"end":{"line":1304,"column":77}}}},"branchMap":{"0":{"loc":{"start":{"line":84,"column":2},"end":{"line":127,"column":3}},"type":"switch","locations":[{"start":{"line":85,"column":4},"end":{"line":103,"column":null}},{"start":{"line":105,"column":4},"end":{"line":111,"column":null}},{"start":{"line":113,"column":4},"end":{"line":117,"column":null}},{"start":{"line":119,"column":4},"end":{"line":123,"column":null}},{"start":{"line":125,"column":4},"end":{"line":126,"column":null}}]},"1":{"loc":{"start":{"line":87,"column":26},"end":{"line":99,"column":56}},"type":"cond-expr","locations":[{"start":{"line":88,"column":10},"end":{"line":88,"column":30}},{"start":{"line":89,"column":10},"end":{"line":99,"column":56}}]},"2":{"loc":{"start":{"line":89,"column":10},"end":{"line":99,"column":56}},"type":"cond-expr","locations":[{"start":{"line":90,"column":10},"end":{"line":90,"column":26}},{"start":{"line":91,"column":10},"end":{"line":99,"column":56}}]},"3":{"loc":{"start":{"line":91,"column":10},"end":{"line":99,"column":56}},"type":"cond-expr","locations":[{"start":{"line":92,"column":10},"end":{"line":92,"column":26}},{"start":{"line":93,"column":10},"end":{"line":99,"column":56}}]},"4":{"loc":{"start":{"line":93,"column":10},"end":{"line":99,"column":56}},"type":"cond-expr","locations":[{"start":{"line":94,"column":10},"end":{"line":94,"column":26}},{"start":{"line":95,"column":10},"end":{"line":99,"column":56}}]},"5":{"loc":{"start":{"line":95,"column":10},"end":{"line":99,"column":56}},"type":"cond-expr","locations":[{"start":{"line":96,"column":10},"end":{"line":96,"column":28}},{"start":{"line":97,"column":10},"end":{"line":99,"column":56}}]},"6":{"loc":{"start":{"line":97,"column":10},"end":{"line":99,"column":56}},"type":"cond-expr","locations":[{"start":{"line":98,"column":10},"end":{"line":98,"column":28}},{"start":{"line":99,"column":11},"end":{"line":99,"column":55}}]},"7":{"loc":{"start":{"line":99,"column":11},"end":{"line":99,"column":55}},"type":"binary-expr","locations":[{"start":{"line":99,"column":11},"end":{"line":99,"column":37}},{"start":{"line":99,"column":41},"end":{"line":99,"column":55}}]},"8":{"loc":{"start":{"line":107,"column":25},"end":{"line":107,"column":95}},"type":"binary-expr","locations":[{"start":{"line":107,"column":25},"end":{"line":107,"column":46}},{"start":{"line":107,"column":50},"end":{"line":107,"column":79}},{"start":{"line":107,"column":83},"end":{"line":107,"column":95}}]},"9":{"loc":{"start":{"line":134,"column":23},"end":{"line":149,"column":null}},"type":"cond-expr","locations":[{"start":{"line":134,"column":38},"end":{"line":134,"column":40}},{"start":{"line":134,"column":43},"end":{"line":149,"column":null}}]},"10":{"loc":{"start":{"line":151,"column":2},"end":{"line":422,"column":3}},"type":"switch","locations":[{"start":{"line":152,"column":4},"end":{"line":230,"column":null}},{"start":{"line":232,"column":4},"end":{"line":259,"column":null}},{"start":{"line":261,"column":4},"end":{"line":322,"column":null}},{"start":{"line":324,"column":4},"end":{"line":418,"column":null}},{"start":{"line":420,"column":4},"end":{"line":421,"column":null}}]},"11":{"loc":{"start":{"line":153,"column":14},"end":{"line":153,"column":32}},"type":"default-arg","locations":[{"start":{"line":153,"column":30},"end":{"line":153,"column":32}}]},"12":{"loc":{"start":{"line":153,"column":34},"end":{"line":153,"column":52}},"type":"default-arg","locations":[{"start":{"line":153,"column":50},"end":{"line":153,"column":52}}]},"13":{"loc":{"start":{"line":153,"column":54},"end":{"line":153,"column":81}},"type":"default-arg","locations":[{"start":{"line":153,"column":76},"end":{"line":153,"column":81}}]},"14":{"loc":{"start":{"line":153,"column":86},"end":{"line":153,"column":103}},"type":"binary-expr","locations":[{"start":{"line":153,"column":86},"end":{"line":153,"column":97}},{"start":{"line":153,"column":101},"end":{"line":153,"column":103}}]},"15":{"loc":{"start":{"line":165,"column":29},"end":{"line":167,"column":12}},"type":"cond-expr","locations":[{"start":{"line":166,"column":10},"end":{"line":166,"column":71}},{"start":{"line":167,"column":10},"end":{"line":167,"column":12}}]},"16":{"loc":{"start":{"line":165,"column":29},"end":{"line":165,"column":68}},"type":"binary-expr","locations":[{"start":{"line":165,"column":29},"end":{"line":165,"column":43}},{"start":{"line":165,"column":47},"end":{"line":165,"column":68}}]},"17":{"loc":{"start":{"line":175,"column":19},"end":{"line":179,"column":113}},"type":"cond-expr","locations":[{"start":{"line":176,"column":14},"end":{"line":176,"column":63}},{"start":{"line":177,"column":14},"end":{"line":179,"column":113}}]},"18":{"loc":{"start":{"line":177,"column":14},"end":{"line":179,"column":113}},"type":"cond-expr","locations":[{"start":{"line":178,"column":16},"end":{"line":178,"column":29}},{"start":{"line":179,"column":16},"end":{"line":179,"column":113}}]},"19":{"loc":{"start":{"line":180,"column":23},"end":{"line":182,"column":127}},"type":"cond-expr","locations":[{"start":{"line":181,"column":14},"end":{"line":181,"column":66}},{"start":{"line":182,"column":14},"end":{"line":182,"column":127}}]},"20":{"loc":{"start":{"line":195,"column":37},"end":{"line":195,"column":134}},"type":"binary-expr","locations":[{"start":{"line":195,"column":37},"end":{"line":195,"column":50}},{"start":{"line":195,"column":54},"end":{"line":195,"column":81}},{"start":{"line":195,"column":85},"end":{"line":195,"column":105}},{"start":{"line":195,"column":109},"end":{"line":195,"column":134}}]},"21":{"loc":{"start":{"line":202,"column":19},"end":{"line":206,"column":95}},"type":"cond-expr","locations":[{"start":{"line":203,"column":14},"end":{"line":203,"column":63}},{"start":{"line":204,"column":14},"end":{"line":206,"column":95}}]},"22":{"loc":{"start":{"line":204,"column":14},"end":{"line":206,"column":95}},"type":"cond-expr","locations":[{"start":{"line":205,"column":16},"end":{"line":205,"column":30}},{"start":{"line":206,"column":16},"end":{"line":206,"column":95}}]},"23":{"loc":{"start":{"line":207,"column":23},"end":{"line":209,"column":94}},"type":"cond-expr","locations":[{"start":{"line":208,"column":14},"end":{"line":208,"column":100}},{"start":{"line":209,"column":14},"end":{"line":209,"column":94}}]},"24":{"loc":{"start":{"line":210,"column":37},"end":{"line":210,"column":144}},"type":"binary-expr","locations":[{"start":{"line":210,"column":37},"end":{"line":210,"column":50}},{"start":{"line":210,"column":54},"end":{"line":210,"column":81}},{"start":{"line":210,"column":85},"end":{"line":210,"column":105}},{"start":{"line":210,"column":109},"end":{"line":210,"column":144}}]},"25":{"loc":{"start":{"line":219,"column":37},"end":{"line":219,"column":74}},"type":"binary-expr","locations":[{"start":{"line":219,"column":37},"end":{"line":219,"column":50}},{"start":{"line":219,"column":54},"end":{"line":219,"column":74}}]},"26":{"loc":{"start":{"line":228,"column":37},"end":{"line":228,"column":87}},"type":"binary-expr","locations":[{"start":{"line":228,"column":37},"end":{"line":228,"column":63}},{"start":{"line":228,"column":67},"end":{"line":228,"column":87}}]},"27":{"loc":{"start":{"line":233,"column":14},"end":{"line":233,"column":24}},"type":"default-arg","locations":[{"start":{"line":233,"column":22},"end":{"line":233,"column":24}}]},"28":{"loc":{"start":{"line":233,"column":26},"end":{"line":233,"column":46}},"type":"default-arg","locations":[{"start":{"line":233,"column":41},"end":{"line":233,"column":46}}]},"29":{"loc":{"start":{"line":233,"column":51},"end":{"line":233,"column":68}},"type":"binary-expr","locations":[{"start":{"line":233,"column":51},"end":{"line":233,"column":62}},{"start":{"line":233,"column":66},"end":{"line":233,"column":68}}]},"30":{"loc":{"start":{"line":241,"column":19},"end":{"line":245,"column":60}},"type":"cond-expr","locations":[{"start":{"line":242,"column":14},"end":{"line":242,"column":63}},{"start":{"line":243,"column":14},"end":{"line":245,"column":60}}]},"31":{"loc":{"start":{"line":243,"column":14},"end":{"line":245,"column":60}},"type":"cond-expr","locations":[{"start":{"line":244,"column":16},"end":{"line":244,"column":21}},{"start":{"line":245,"column":16},"end":{"line":245,"column":60}}]},"32":{"loc":{"start":{"line":246,"column":23},"end":{"line":248,"column":75}},"type":"cond-expr","locations":[{"start":{"line":247,"column":14},"end":{"line":247,"column":61}},{"start":{"line":248,"column":14},"end":{"line":248,"column":75}}]},"33":{"loc":{"start":{"line":246,"column":23},"end":{"line":246,"column":58}},"type":"binary-expr","locations":[{"start":{"line":246,"column":23},"end":{"line":246,"column":41}},{"start":{"line":246,"column":45},"end":{"line":246,"column":58}}]},"34":{"loc":{"start":{"line":257,"column":37},"end":{"line":257,"column":72}},"type":"binary-expr","locations":[{"start":{"line":257,"column":37},"end":{"line":257,"column":55}},{"start":{"line":257,"column":59},"end":{"line":257,"column":72}}]},"35":{"loc":{"start":{"line":362,"column":27},"end":{"line":362,"column":86}},"type":"cond-expr","locations":[{"start":{"line":362,"column":59},"end":{"line":362,"column":81}},{"start":{"line":362,"column":84},"end":{"line":362,"column":86}}]},"36":{"loc":{"start":{"line":362,"column":114},"end":{"line":362,"column":146}},"type":"binary-expr","locations":[{"start":{"line":362,"column":114},"end":{"line":362,"column":137}},{"start":{"line":362,"column":141},"end":{"line":362,"column":146}}]},"37":{"loc":{"start":{"line":408,"column":14},"end":{"line":412,"column":15}},"type":"if","locations":[{"start":{"line":408,"column":14},"end":{"line":412,"column":15}},{"start":{"line":410,"column":21},"end":{"line":412,"column":15}}]},"38":{"loc":{"start":{"line":416,"column":37},"end":{"line":416,"column":77}},"type":"binary-expr","locations":[{"start":{"line":416,"column":37},"end":{"line":416,"column":56}},{"start":{"line":416,"column":60},"end":{"line":416,"column":77}}]},"39":{"loc":{"start":{"line":426,"column":10},"end":{"line":426,"column":24}},"type":"default-arg","locations":[{"start":{"line":426,"column":22},"end":{"line":426,"column":24}}]},"40":{"loc":{"start":{"line":426,"column":26},"end":{"line":426,"column":43}},"type":"default-arg","locations":[{"start":{"line":426,"column":41},"end":{"line":426,"column":43}}]},"41":{"loc":{"start":{"line":426,"column":48},"end":{"line":426,"column":65}},"type":"binary-expr","locations":[{"start":{"line":426,"column":48},"end":{"line":426,"column":59}},{"start":{"line":426,"column":63},"end":{"line":426,"column":65}}]},"42":{"loc":{"start":{"line":428,"column":2},"end":{"line":573,"column":3}},"type":"switch","locations":[{"start":{"line":429,"column":4},"end":{"line":474,"column":null}},{"start":{"line":476,"column":4},"end":{"line":522,"column":null}},{"start":{"line":524,"column":4},"end":{"line":569,"column":null}},{"start":{"line":571,"column":4},"end":{"line":572,"column":null}}]},"43":{"loc":{"start":{"line":472,"column":37},"end":{"line":472,"column":87}},"type":"binary-expr","locations":[{"start":{"line":472,"column":37},"end":{"line":472,"column":53}},{"start":{"line":472,"column":57},"end":{"line":472,"column":87}}]},"44":{"loc":{"start":{"line":484,"column":23},"end":{"line":484,"column":55}},"type":"binary-expr","locations":[{"start":{"line":484,"column":23},"end":{"line":484,"column":32}},{"start":{"line":484,"column":36},"end":{"line":484,"column":55}}]},"45":{"loc":{"start":{"line":520,"column":37},"end":{"line":520,"column":84}},"type":"binary-expr","locations":[{"start":{"line":520,"column":37},"end":{"line":520,"column":53}},{"start":{"line":520,"column":57},"end":{"line":520,"column":84}}]},"46":{"loc":{"start":{"line":532,"column":23},"end":{"line":532,"column":70}},"type":"binary-expr","locations":[{"start":{"line":532,"column":23},"end":{"line":532,"column":35}},{"start":{"line":532,"column":39},"end":{"line":532,"column":70}}]},"47":{"loc":{"start":{"line":567,"column":37},"end":{"line":567,"column":90}},"type":"binary-expr","locations":[{"start":{"line":567,"column":37},"end":{"line":567,"column":56}},{"start":{"line":567,"column":60},"end":{"line":567,"column":90}}]},"48":{"loc":{"start":{"line":646,"column":4},"end":{"line":646,"column":36}},"type":"if","locations":[{"start":{"line":646,"column":4},"end":{"line":646,"column":36}}]},"49":{"loc":{"start":{"line":675,"column":9},"end":{"line":693,"column":null}},"type":"cond-expr","locations":[{"start":{"line":676,"column":10},"end":{"line":683,"column":null}},{"start":{"line":686,"column":10},"end":{"line":692,"column":null}}]},"50":{"loc":{"start":{"line":675,"column":9},"end":{"line":675,"column":64}},"type":"binary-expr","locations":[{"start":{"line":675,"column":9},"end":{"line":675,"column":34}},{"start":{"line":675,"column":38},"end":{"line":675,"column":64}}]},"51":{"loc":{"start":{"line":681,"column":62},"end":{"line":681,"column":106}},"type":"cond-expr","locations":[{"start":{"line":681,"column":70},"end":{"line":681,"column":86}},{"start":{"line":681,"column":89},"end":{"line":681,"column":106}}]},"52":{"loc":{"start":{"line":682,"column":18},"end":{"line":682,"column":46}},"type":"cond-expr","locations":[{"start":{"line":682,"column":41},"end":{"line":682,"column":42}},{"start":{"line":682,"column":45},"end":{"line":682,"column":46}}]},"53":{"loc":{"start":{"line":691,"column":62},"end":{"line":691,"column":106}},"type":"cond-expr","locations":[{"start":{"line":691,"column":70},"end":{"line":691,"column":86}},{"start":{"line":691,"column":89},"end":{"line":691,"column":106}}]},"54":{"loc":{"start":{"line":696,"column":9},"end":{"line":704,"column":null}},"type":"binary-expr","locations":[{"start":{"line":696,"column":9},"end":{"line":696,"column":24}},{"start":{"line":696,"column":28},"end":{"line":696,"column":54}},{"start":{"line":697,"column":10},"end":{"line":703,"column":null}}]},"55":{"loc":{"start":{"line":703,"column":68},"end":{"line":703,"column":101}},"type":"cond-expr","locations":[{"start":{"line":703,"column":84},"end":{"line":703,"column":96}},{"start":{"line":703,"column":99},"end":{"line":703,"column":101}}]},"56":{"loc":{"start":{"line":708,"column":7},"end":{"line":727,"column":null}},"type":"binary-expr","locations":[{"start":{"line":708,"column":7},"end":{"line":708,"column":20}},{"start":{"line":708,"column":24},"end":{"line":708,"column":39}},{"start":{"line":709,"column":8},"end":{"line":726,"column":null}}]},"57":{"loc":{"start":{"line":730,"column":7},"end":{"line":730,"column":63}},"type":"binary-expr","locations":[{"start":{"line":730,"column":7},"end":{"line":730,"column":12}},{"start":{"line":730,"column":16},"end":{"line":730,"column":63}}]},"58":{"loc":{"start":{"line":731,"column":7},"end":{"line":732,"column":null}},"type":"binary-expr","locations":[{"start":{"line":731,"column":7},"end":{"line":731,"column":24}},{"start":{"line":731,"column":28},"end":{"line":731,"column":34}},{"start":{"line":732,"column":8},"end":{"line":732,"column":68}}]},"59":{"loc":{"start":{"line":740,"column":2},"end":{"line":745,"column":3}},"type":"if","locations":[{"start":{"line":740,"column":2},"end":{"line":745,"column":3}}]},"60":{"loc":{"start":{"line":747,"column":2},"end":{"line":752,"column":3}},"type":"if","locations":[{"start":{"line":747,"column":2},"end":{"line":752,"column":3}}]},"61":{"loc":{"start":{"line":747,"column":6},"end":{"line":747,"column":28}},"type":"binary-expr","locations":[{"start":{"line":747,"column":6},"end":{"line":747,"column":14}},{"start":{"line":747,"column":18},"end":{"line":747,"column":28}}]},"62":{"loc":{"start":{"line":757,"column":2},"end":{"line":759,"column":3}},"type":"if","locations":[{"start":{"line":757,"column":2},"end":{"line":759,"column":3}}]},"63":{"loc":{"start":{"line":761,"column":39},"end":{"line":761,"column":62}},"type":"binary-expr","locations":[{"start":{"line":761,"column":39},"end":{"line":761,"column":56}},{"start":{"line":761,"column":60},"end":{"line":761,"column":62}}]},"64":{"loc":{"start":{"line":778,"column":22},"end":{"line":778,"column":45}},"type":"binary-expr","locations":[{"start":{"line":778,"column":22},"end":{"line":778,"column":39}},{"start":{"line":778,"column":43},"end":{"line":778,"column":45}}]},"65":{"loc":{"start":{"line":784,"column":4},"end":{"line":786,"column":5}},"type":"if","locations":[{"start":{"line":784,"column":4},"end":{"line":786,"column":5}}]},"66":{"loc":{"start":{"line":787,"column":4},"end":{"line":789,"column":5}},"type":"if","locations":[{"start":{"line":787,"column":4},"end":{"line":789,"column":5}}]},"67":{"loc":{"start":{"line":800,"column":6},"end":{"line":804,"column":7}},"type":"if","locations":[{"start":{"line":800,"column":6},"end":{"line":804,"column":7}}]},"68":{"loc":{"start":{"line":802,"column":21},"end":{"line":802,"column":37}},"type":"binary-expr","locations":[{"start":{"line":802,"column":21},"end":{"line":802,"column":31}},{"start":{"line":802,"column":35},"end":{"line":802,"column":37}}]},"69":{"loc":{"start":{"line":803,"column":24},"end":{"line":803,"column":57}},"type":"binary-expr","locations":[{"start":{"line":803,"column":24},"end":{"line":803,"column":37}},{"start":{"line":803,"column":41},"end":{"line":803,"column":51}},{"start":{"line":803,"column":55},"end":{"line":803,"column":57}}]},"70":{"loc":{"start":{"line":819,"column":6},"end":{"line":885,"column":7}},"type":"if","locations":[{"start":{"line":819,"column":6},"end":{"line":885,"column":7}},{"start":{"line":881,"column":13},"end":{"line":885,"column":7}}]},"71":{"loc":{"start":{"line":823,"column":8},"end":{"line":830,"column":9}},"type":"if","locations":[{"start":{"line":823,"column":8},"end":{"line":830,"column":9}}]},"72":{"loc":{"start":{"line":832,"column":8},"end":{"line":880,"column":9}},"type":"if","locations":[{"start":{"line":832,"column":8},"end":{"line":880,"column":9}},{"start":{"line":877,"column":15},"end":{"line":880,"column":9}}]},"73":{"loc":{"start":{"line":832,"column":12},"end":{"line":832,"column":57}},"type":"binary-expr","locations":[{"start":{"line":832,"column":12},"end":{"line":832,"column":27}},{"start":{"line":832,"column":31},"end":{"line":832,"column":57}}]},"74":{"loc":{"start":{"line":845,"column":12},"end":{"line":872,"column":13}},"type":"if","locations":[{"start":{"line":845,"column":12},"end":{"line":872,"column":13}},{"start":{"line":867,"column":19},"end":{"line":872,"column":13}}]},"75":{"loc":{"start":{"line":851,"column":14},"end":{"line":863,"column":15}},"type":"if","locations":[{"start":{"line":851,"column":14},"end":{"line":863,"column":15}}]},"76":{"loc":{"start":{"line":851,"column":18},"end":{"line":851,"column":63}},"type":"binary-expr","locations":[{"start":{"line":851,"column":18},"end":{"line":851,"column":33}},{"start":{"line":851,"column":37},"end":{"line":851,"column":63}}]},"77":{"loc":{"start":{"line":855,"column":35},"end":{"line":855,"column":63}},"type":"binary-expr","locations":[{"start":{"line":855,"column":35},"end":{"line":855,"column":45}},{"start":{"line":855,"column":49},"end":{"line":855,"column":63}}]},"78":{"loc":{"start":{"line":884,"column":20},"end":{"line":884,"column":72}},"type":"binary-expr","locations":[{"start":{"line":884,"column":20},"end":{"line":884,"column":37}},{"start":{"line":884,"column":41},"end":{"line":884,"column":72}}]},"79":{"loc":{"start":{"line":899,"column":6},"end":{"line":914,"column":7}},"type":"if","locations":[{"start":{"line":899,"column":6},"end":{"line":914,"column":7}}]},"80":{"loc":{"start":{"line":901,"column":8},"end":{"line":913,"column":9}},"type":"if","locations":[{"start":{"line":901,"column":8},"end":{"line":913,"column":9}},{"start":{"line":910,"column":15},"end":{"line":913,"column":9}}]},"81":{"loc":{"start":{"line":906,"column":21},"end":{"line":906,"column":65}},"type":"binary-expr","locations":[{"start":{"line":906,"column":21},"end":{"line":906,"column":31}},{"start":{"line":906,"column":35},"end":{"line":906,"column":44}},{"start":{"line":906,"column":48},"end":{"line":906,"column":65}}]},"82":{"loc":{"start":{"line":926,"column":4},"end":{"line":930,"column":5}},"type":"if","locations":[{"start":{"line":926,"column":4},"end":{"line":930,"column":5}}]},"83":{"loc":{"start":{"line":926,"column":8},"end":{"line":926,"column":81}},"type":"binary-expr","locations":[{"start":{"line":926,"column":8},"end":{"line":926,"column":31}},{"start":{"line":926,"column":35},"end":{"line":926,"column":81}}]},"84":{"loc":{"start":{"line":931,"column":4},"end":{"line":933,"column":5}},"type":"if","locations":[{"start":{"line":931,"column":4},"end":{"line":933,"column":5}}]},"85":{"loc":{"start":{"line":931,"column":8},"end":{"line":931,"column":163}},"type":"binary-expr","locations":[{"start":{"line":931,"column":8},"end":{"line":931,"column":31}},{"start":{"line":931,"column":36},"end":{"line":931,"column":78}},{"start":{"line":931,"column":82},"end":{"line":931,"column":122}},{"start":{"line":931,"column":126},"end":{"line":931,"column":162}}]},"86":{"loc":{"start":{"line":938,"column":4},"end":{"line":941
[...]
09,"column":16},"end":{"line":109,"column":102}},"31":{"start":{"line":111,"column":2},"end":{"line":111,"column":null}},"32":{"start":{"line":113,"column":2},"end":{"line":136,"column":3}},"33":{"start":{"line":114,"column":21},"end":{"line":118,"column":6}},"34":{"start":{"line":120,"column":17},"end":{"line":120,"column":38}},"35":{"start":{"line":122,"column":4},"end":{"line":127,"column":5}},"36":{"start":{"line":123,"column":6},"end":{"line":123,"column":null}},"37":{"start":{"line":124,"column":6},"end":{"line":126,"column":null}},"38":{"start":{"line":129,"column":4},"end":{"line":129,"column":null}},"39":{"start":{"line":130,"column":4},"end":{"line":130,"column":null}},"40":{"start":{"line":132,"column":4},"end":{"line":132,"column":null}},"41":{"start":{"line":133,"column":4},"end":{"line":135,"column":null}},"42":{"start":{"line":143,"column":50},"end":{"line":143,"column":56}},"43":{"start":{"line":145,"column":2},"end":{"line":145,"column":null}},"44":{"start":{"line":148,"column":19},"end":{"line":148,"column":40}},"45":{"start":{"line":149,"column":2},"end":{"line":155,"column":3}},"46":{"start":{"line":150,"column":4},"end":{"line":150,"column":null}},"47":{"start":{"line":151,"column":4},"end":{"line":154,"column":null}},"48":{"start":{"line":158,"column":2},"end":{"line":164,"column":3}},"49":{"start":{"line":159,"column":4},"end":{"line":159,"column":null}},"50":{"start":{"line":160,"column":4},"end":{"line":163,"column":null}},"51":{"start":{"line":167,"column":22},"end":{"line":167,"column":54}},"52":{"start":{"line":168,"column":2},"end":{"line":173,"column":3}},"53":{"start":{"line":169,"column":4},"end":{"line":172,"column":null}},"54":{"start":{"line":176,"column":19},"end":{"line":176,"column":68}},"55":{"start":{"line":177,"column":2},"end":{"line":182,"column":3}},"56":{"start":{"line":178,"column":4},"end":{"line":181,"column":null}},"57":{"start":{"line":185,"column":25},"end":{"line":185,"column":77}},"58":{"start":{"line":188,"column":19},"end":{"line":188,"column":39}},"59":{"start":{"line":190,"column":26},"end":{"line":202,"column":null}},"60":{"start":{"line":204,"column":2},"end":{"line":204,"column":null}},"61":{"start":{"line":206,"column":26},"end":{"line":213,"column":13}},"62":{"start":{"line":215,"column":2},"end":{"line":230,"column":3}},"63":{"start":{"line":216,"column":4},"end":{"line":216,"column":null}},"64":{"start":{"line":219,"column":4},"end":{"line":224,"column":5}},"65":{"start":{"line":220,"column":6},"end":{"line":223,"column":null}},"66":{"start":{"line":226,"column":4},"end":{"line":229,"column":null}},"67":{"start":{"line":232,"column":2},"end":{"line":232,"column":null}},"68":{"start":{"line":234,"column":2},"end":{"line":240,"column":null}}},"fnMap":{"0":{"name":"validateFacebookEnv","decl":{"start":{"line":24,"column":16},"end":{"line":24,"column":35}},"loc":{"start":{"line":24,"column":35},"end":{"line":43,"column":1}}},"1":{"name":"(anonymous_10)","decl":{"start":{"line":32,"column":12},"end":{"line":32,"column":13}},"loc":{"start":{"line":32,"column":30},"end":{"line":32,"column":69}}},"2":{"name":"(anonymous_11)","decl":{"start":{"line":33,"column":9},"end":{"line":33,"column":10}},"loc":{"start":{"line":33,"column":20},"end":{"line":33,"column":23}}},"3":{"name":"exchangeCodeForToken","decl":{"start":{"line":48,"column":15},"end":{"line":48,"column":35}},"loc":{"start":{"line":48,"column":48},"end":{"line":98,"column":1}}},"4":{"name":"(anonymous_13)","decl":{"start":{"line":53,"column":77},"end":{"line":53,"column":90}},"loc":{"start":{"line":53,"column":77},"end":{"line":53,"column":101}}},"5":{"name":"fetchFacebookUser","decl":{"start":{"line":103,"column":15},"end":{"line":103,"column":32}},"loc":{"start":{"line":103,"column":52},"end":{"line":137,"column":1}}},"6":{"name":"handleFacebookCallback","decl":{"start":{"line":142,"column":22},"end":{"line":142,"column":44}},"loc":{"start":{"line":142,"column":67},"end":{"line":241,"column":1}}}},"branchMap":{"0":{"loc":{"start":{"line":27,"column":33},"end":{"line":27,"column":93}},"type":"binary-expr","locations":[{"start":{"line":27,"column":33},"end":{"line":27,"column":72}},{"start":{"line":27,"column":76},"end":{"line":27,"column":93}}]},"1":{"loc":{"start":{"line":28,"column":26},"end":{"line":28,"column":85}},"type":"binary-expr","locations":[{"start":{"line":28,"column":26},"end":{"line":28,"column":58}},{"start":{"line":28,"column":62},"end":{"line":28,"column":85}}]},"2":{"loc":{"start":{"line":32,"column":30},"end":{"line":32,"column":69}},"type":"binary-expr","locations":[{"start":{"line":32,"column":30},"end":{"line":32,"column":36}},{"start":{"line":32,"column":40},"end":{"line":32,"column":69}}]},"3":{"loc":{"start":{"line":35,"column":2},"end":{"line":40,"column":3}},"type":"if","locations":[{"start":{"line":35,"column":2},"end":{"line":40,"column":3}}]},"4":{"loc":{"start":{"line":76,"column":4},"end":{"line":83,"column":5}},"type":"if","locations":[{"start":{"line":76,"column":4},"end":{"line":83,"column":5}}]},"5":{"loc":{"start":{"line":81,"column":15},"end":{"line":81,"column":73}},"type":"binary-expr","locations":[{"start":{"line":81,"column":15},"end":{"line":81,"column":34}},{"start":{"line":81,"column":38},"end":{"line":81,"column":73}}]},"6":{"loc":{"start":{"line":88,"column":18},"end":{"line":88,"column":44}},"type":"binary-expr","locations":[{"start":{"line":88,"column":18},"end":{"line":88,"column":33}},{"start":{"line":88,"column":37},"end":{"line":88,"column":44}}]},"7":{"loc":{"start":{"line":95,"column":13},"end":{"line":95,"column":91}},"type":"cond-expr","locations":[{"start":{"line":95,"column":38},"end":{"line":95,"column":51}},{"start":{"line":95,"column":54},"end":{"line":95,"column":91}}]},"8":{"loc":{"start":{"line":122,"column":4},"end":{"line":127,"column":5}},"type":"if","locations":[{"start":{"line":122,"column":4},"end":{"line":127,"column":5}}]},"9":{"loc":{"start":{"line":125,"column":15},"end":{"line":125,"column":65}},"type":"binary-expr","locations":[{"start":{"line":125,"column":15},"end":{"line":125,"column":34}},{"start":{"line":125,"column":38},"end":{"line":125,"column":65}}]},"10":{"loc":{"start":{"line":134,"column":13},"end":{"line":134,"column":88}},"type":"cond-expr","locations":[{"start":{"line":134,"column":38},"end":{"line":134,"column":51}},{"start":{"line":134,"column":54},"end":{"line":134,"column":88}}]},"11":{"loc":{"start":{"line":149,"column":2},"end":{"line":155,"column":3}},"type":"if","locations":[{"start":{"line":149,"column":2},"end":{"line":155,"column":3}}]},"12":{"loc":{"start":{"line":158,"column":2},"end":{"line":164,"column":3}},"type":"if","locations":[{"start":{"line":158,"column":2},"end":{"line":164,"column":3}}]},"13":{"loc":{"start":{"line":168,"column":2},"end":{"line":173,"column":3}},"type":"if","locations":[{"start":{"line":168,"column":2},"end":{"line":173,"column":3}}]},"14":{"loc":{"start":{"line":177,"column":2},"end":{"line":182,"column":3}},"type":"if","locations":[{"start":{"line":177,"column":2},"end":{"line":182,"column":3}}]},"15":{"loc":{"start":{"line":177,"column":6},"end":{"line":177,"column":36}},"type":"binary-expr","locations":[{"start":{"line":177,"column":6},"end":{"line":177,"column":20}},{"start":{"line":177,"column":24},"end":{"line":177,"column":36}}]},"16":{"loc":{"start":{"line":180,"column":13},"end":{"line":180,"column":54}},"type":"binary-expr","locations":[{"start":{"line":180,"column":13},"end":{"line":180,"column":27}},{"start":{"line":180,"column":31},"end":{"line":180,"column":54}}]},"17":{"loc":{"start":{"line":194,"column":24},"end":{"line":194,"column":45}},"type":"binary-expr","locations":[{"start":{"line":194,"column":24},"end":{"line":194,"column":37}},{"start":{"line":194,"column":41},"end":{"line":194,"column":45}}]},"18":{"loc":{"start":{"line":195,"column":25},"end":{"line":195,"column":47}},"type":"binary-expr","locations":[{"start":{"line":195,"column":25},"end":{"line":195,"column":39}},{"start":{"line":195,"column":43},"end":{"line":195,"column":47}}]},"19":{"loc":{"start":{"line":215,"column":2},"end":{"line":230,"column":3}},"type":"if","locations":[{"start":{"line":215,"column":2},"end":{"line":230,"column":3}}]},"20":{"loc":{"start":{"line":219,"column":4},"end":{"line":224,"column":5}},"type":"if","locations":[{"start":{"line":219,"column":4},"end":{"line":224,"column":5}}]},"21":{"loc":{"start":{"line":219,"column":8},"end":{"line":219,"column":79}},"type":"binary-expr","locations":[{"start":{"line":219,"column":8},"end":{"line":219,"column":30}},{"start":{"line":219,"column":34},"end":{"line":219,"column":79}}]}},"s":{"0":1,"1":1,"2":1,"3":5,"4":5,"5":15,"6":1,"7":5,"8":1,"9":4,"10":6,"11":3,"12":3,"13":3,"14":3,"15":3,"16":3,"17":3,"18":3,"19":3,"20":3,"21":3,"22":3,"23":3,"24":1,"25":1,"26":2,"27":2,"28":0,"29":0,"30":2,"31":2,"32":2,"33":2,"34":2,"35":2,"36":0,"37":0,"38":2,"39":2,"40":0,"41":0,"42":5,"43":5,"44":5,"45":5,"46":1,"47":1,"48":4,"49":1,"50":1,"51":3,"52":3,"53":1,"54":2,"55":2,"56":1,"57":1,"58":1,"59":1,"60":1,"61":1,"62":1,"63":0,"64":0,"65":0,"66":0,"67":1,"68":1},"f":{"0":5,"1":15,"2":1,"3":3,"4":3,"5":2,"6":5},"b":{"0":[5,0],"1":[5,0],"2":[15,1],"3":[1],"4":[1],"5":[1,0],"6":[2,0],"7":[0,0],"8":[0],"9":[0,0],"10":[0,0],"11":[1],"12":[1],"13":[1],"14":[1],"15":[2,2],"16":[1,1],"17":[1,0],"18":[1,0],"19":[0],"20":[0],"21":[0,0]}}
,"/workspace/atlas-fitness-onboarding/app/lib/facebook/config.ts": {"path":"/workspace/atlas-fitness-onboarding/app/lib/facebook/config.ts","statementMap":{"0":{"start":{"line":6,"column":0},"end":{"line":6,"column":16}},"1":{"start":{"line":23,"column":0},"end":{"line":23,"column":16}},"2":{"start":{"line":27,"column":0},"end":{"line":27,"column":16}},"3":{"start":{"line":35,"column":0},"end":{"line":35,"column":16}},"4":{"start":{"line":8,"column":18},"end":{"line":10,"column":63}},"5":{"start":{"line":12,"column":23},"end":{"line":13,"column":52}},"6":{"start":{"line":16,"column":20},"end":{"line":16,"column":46}},"7":{"start":{"line":17,"column":20},"end":{"line":17,"column":84}},"8":{"start":{"line":20,"column":2},"end":{"line":20,"column":null}},"9":{"start":{"line":24,"column":2},"end":{"line":24,"column":null}},"10":{"start":{"line":28,"column":17},"end":{"line":28,"column":48}},"11":{"start":{"line":29,"column":2},"end":{"line":31,"column":3}},"12":{"start":{"line":30,"column":4},"end":{"line":30,"column":null}},"13":{"start":{"line":32,"column":2},"end":{"line":32,"column":null}},"14":{"start":{"line":39,"column":27},"end":{"line":39,"column":29}},"15":{"start":{"line":41,"column":2},"end":{"line":43,"column":3}},"16":{"start":{"line":42,"column":4},"end":{"line":42,"column":null}},"17":{"start":{"line":45,"column":2},"end":{"line":47,"column":3}},"18":{"start":{"line":46,"column":4},"end":{"line":46,"column":null}},"19":{"start":{"line":49,"column":22},"end":{"line":49,"column":46}},"20":{"start":{"line":50,"column":2},"end":{"line":52,"column":3}},"21":{"start":{"line":51,"column":4},"end":{"line":51,"column":null}},"22":{"start":{"line":54,"column":2},"end":{"line":57,"column":null}}},"fnMap":{"0":{"name":"getFacebookRedirectUri","decl":{"start":{"line":6,"column":16},"end":{"line":6,"column":38}},"loc":{"start":{"line":6,"column":38},"end":{"line":21,"column":1}}},"1":{"name":"getFacebookAppId","decl":{"start":{"line":23,"column":16},"end":{"line":23,"column":32}},"loc":{"start":{"line":23,"column":32},"end":{"line":25,"column":1}}},"2":{"name":"getFacebookAppSecret","decl":{"start":{"line":27,"column":16},"end":{"line":27,"column":36}},"loc":{"start":{"line":27,"column":36},"end":{"line":33,"column":1}}},"3":{"name":"validateFacebookConfig","decl":{"start":{"line":35,"column":16},"end":{"line":35,"column":38}},"loc":{"start":{"line":35,"column":38},"end":{"line":58,"column":1}}}},"branchMap":{"0":{"loc":{"start":{"line":8,"column":18},"end":{"line":10,"column":63}},"type":"binary-expr","locations":[{"start":{"line":8,"column":18},"end":{"line":8,"column":52}},{"start":{"line":9,"column":18},"end":{"line":9,"column":50}},{"start":{"line":10,"column":18},"end":{"line":10,"column":63}}]},"1":{"loc":{"start":{"line":12,"column":23},"end":{"line":13,"column":52}},"type":"binary-expr","locations":[{"start":{"line":12,"column":23},"end":{"line":12,"column":57}},{"start":{"line":13,"column":23},"end":{"line":13,"column":52}}]},"2":{"loc":{"start":{"line":17,"column":20},"end":{"line":17,"column":84}},"type":"cond-expr","locations":[{"start":{"line":17,"column":51},"end":{"line":17,"column":63}},{"start":{"line":17,"column":66},"end":{"line":17,"column":84}}]},"3":{"loc":{"start":{"line":24,"column":9},"end":{"line":24,"column":69}},"type":"binary-expr","locations":[{"start":{"line":24,"column":9},"end":{"line":24,"column":48}},{"start":{"line":24,"column":52},"end":{"line":24,"column":69}}]},"4":{"loc":{"start":{"line":29,"column":2},"end":{"line":31,"column":3}},"type":"if","locations":[{"start":{"line":29,"column":2},"end":{"line":31,"column":3}}]},"5":{"loc":{"start":{"line":41,"column":2},"end":{"line":43,"column":3}},"type":"if","locations":[{"start":{"line":41,"column":2},"end":{"line":43,"column":3}}]},"6":{"loc":{"start":{"line":45,"column":2},"end":{"line":47,"column":3}},"type":"if","locations":[{"start":{"line":45,"column":2},"end":{"line":47,"column":3}}]},"7":{"loc":{"start":{"line":50,"column":2},"end":{"line":52,"column":3}},"type":"if","locations":[{"start":{"line":50,"column":2},"end":{"line":52,"column":3}}]},"8":{"loc":{"start":{"line":50,"column":6},"end":{"line":50,"column":82}},"type":"binary-expr","locations":[{"start":{"line":50,"column":6},"end":{"line":50,"column":41}},{"start":{"line":50,"column":45},"end":{"line":50,"column":82}}]}},"s":{"0":1,"1":1,"2":1,"3":1,"4":3,"5":3,"6":3,"7":3,"8":3,"9":3,"10":3,"11":3,"12":0,"13":3,"14":0,"15":0,"16":0,"17":0,"18":0,"19":0,"20":0,"21":0,"22":0},"f":{"0":3,"1":3,"2":3,"3":0},"b":{"0":[3,3,0],"1":[3,3],"2":[3,0],"3":[3,0],"4":[0],"5":[0],"6":[0],"7":[0],"8":[0,0]}}
,"/workspace/atlas-fitness-onboarding/app/lib/facebook/status-checker.ts": {"path":"/workspace/atlas-fitness-onboarding/app/lib/facebook/status-checker.ts","statementMap":{"0":{"start":{"line":30,"column":0},"end":{"line":30,"column":7}},"1":{"start":{"line":132,"column":0},"end":{"line":132,"column":7}},"2":{"start":{"line":6,"column":0},"end":{"line":6,"column":56}},"3":{"start":{"line":31,"column":37},"end":{"line":31,"column":43}},"4":{"start":{"line":33,"column":2},"end":{"line":33,"column":null}},"5":{"start":{"line":35,"column":2},"end":{"line":126,"column":3}},"6":{"start":{"line":36,"column":21},"end":{"line":36,"column":41}},"7":{"start":{"line":39,"column":41},"end":{"line":53,"column":15}},"8":{"start":{"line":55,"column":4},"end":{"line":78,"column":5}},"9":{"start":{"line":57,"column":6},"end":{"line":63,"column":7}},"10":{"start":{"line":58,"column":8},"end":{"line":58,"column":null}},"11":{"start":{"line":59,"column":8},"end":{"line":62,"column":null}},"12":{"start":{"line":66,"column":6},"end":{"line":71,"column":7}},"13":{"start":{"line":67,"column":8},"end":{"line":67,"column":null}},"14":{"start":{"line":68,"column":8},"end":{"line":70,"column":null}},"15":{"start":{"line":73,"column":6},"end":{"line":73,"column":null}},"16":{"start":{"line":74,"column":6},"end":{"line":77,"column":null}},"17":{"start":{"line":80,"column":4},"end":{"line":85,"column":5}},"18":{"start":{"line":81,"column":6},"end":{"line":81,"column":null}},"19":{"start":{"line":82,"column":6},"end":{"line":84,"column":null}},"20":{"start":{"line":88,"column":4},"end":{"line":112,"column":5}},"21":{"start":{"line":89,"column":26},"end":{"line":89,"column":64}},"22":{"start":{"line":90,"column":18},"end":{"line":90,"column":28}},"23":{"start":{"line":92,"column":6},"end":{"line":99,"column":7}},"24":{"start":{"line":93,"column":8},"end":{"line":93,"column":null}},"25":{"start":{"line":94,"column":8},"end":{"line":98,"column":null}},"26":{"start":{"line":102,"column":28},"end":{"line":102,"column":77}},"27":{"start":{"line":103,"column":6},"end":{"line":111,"column":7}},"28":{"start":{"line":104,"column":8},"end":{"line":104,"column":null}},"29":{"start":{"line":106,"column":8},"end":{"line":110,"column":null}},"30":{"start":{"line":114,"column":4},"end":{"line":114,"column":null}},"31":{"start":{"line":115,"column":4},"end":{"line":118,"column":null}},"32":{"start":{"line":121,"column":4},"end":{"line":121,"column":null}},"33":{"start":{"line":122,"column":4},"end":{"line":125,"column":null}},"34":{"start":{"line":133,"column":29},"end":{"line":133,"column":35}},"35":{"start":{"line":135,"column":2},"end":{"line":135,"column":null}},"36":{"start":{"line":137,"column":2},"end":{"line":159,"column":3}},"37":{"start":{"line":138,"column":21},"end":{"line":138,"column":41}},"38":{"start":{"line":140,"column":22},"end":{"line":146,"column":44}},"39":{"start":{"line":148,"column":4},"end":{"line":151,"column":5}},"40":{"start":{"line":149,"column":6},"end":{"line":149,"column":null}},"41":{"start":{"line":150,"column":6},"end":{"line":150,"column":null}},"42":{"start":{"line":153,"column":4},"end":{"line":153,"column":null}},"43":{"start":{"line":154,"column":4},"end":{"line":154,"column":null}},"44":{"start":{"line":157,"column":4},"end":{"line":157,"column":null}},"45":{"start":{"line":158,"column":4},"end":{"line":158,"column":null}}},"fnMap":{"0":{"name":"checkFacebookStatus","decl":{"start":{"line":30,"column":22},"end":{"line":30,"column":41}},"loc":{"start":{"line":30,"column":67},"end":{"line":127,"column":1}}},"1":{"name":"invalidateFacebookIntegration","decl":{"start":{"line":132,"column":22},"end":{"line":132,"column":51}},"loc":{"start":{"line":132,"column":77},"end":{"line":160,"column":1}}}},"branchMap":{"0":{"loc":{"start":{"line":55,"column":4},"end":{"line":78,"column":5}},"type":"if","locations":[{"start":{"line":55,"column":4},"end":{"line":78,"column":5}}]},"1":{"loc":{"start":{"line":57,"column":6},"end":{"line":63,"column":7}},"type":"if","locations":[{"start":{"line":57,"column":6},"end":{"line":63,"column":7}}]},"2":{"loc":{"start":{"line":57,"column":10},"end":{"line":57,"column":81}},"type":"binary-expr","locations":[{"start":{"line":57,"column":10},"end":{"line":57,"column":32}},{"start":{"line":57,"column":36},"end":{"line":57,"column":81}}]},"3":{"loc":{"start":{"line":66,"column":6},"end":{"line":71,"column":7}},"type":"if","locations":[{"start":{"line":66,"column":6},"end":{"line":71,"column":7}}]},"4":{"loc":{"start":{"line":80,"column":4},"end":{"line":85,"column":5}},"type":"if","locations":[{"start":{"line":80,"column":4},"end":{"line":85,"column":5}}]},"5":{"loc":{"start":{"line":88,"column":4},"end":{"line":112,"column":5}},"type":"if","locations":[{"start":{"line":88,"column":4},"end":{"line":112,"column":5}}]},"6":{"loc":{"start":{"line":92,"column":6},"end":{"line":99,"column":7}},"type":"if","locations":[{"start":{"line":92,"column":6},"end":{"line":99,"column":7}}]},"7":{"loc":{"start":{"line":103,"column":6},"end":{"line":111,"column":7}},"type":"if","locations":[{"start":{"line":103,"column":6},"end":{"line":111,"column":7}}]},"8":{"loc":{"start":{"line":124,"column":13},"end":{"line":124,"column":69}},"type":"cond-expr","locations":[{"start":{"line":124,"column":38},"end":{"line":124,"column":51}},{"start":{"line":124,"column":54},"end":{"line":124,"column":69}}]},"9":{"loc":{"start":{"line":148,"column":4},"end":{"line":151,"column":5}},"type":"if","locations":[{"start":{"line":148,"column":4},"end":{"line":151,"column":5}}]}},"s":{"0":1,"1":1,"2":1,"3":3,"4":3,"5":3,"6":3,"7":3,"8":3,"9":0,"10":0,"11":0,"12":0,"13":0,"14":0,"15":0,"16":0,"17":3,"18":0,"19":0,"20":3,"21":0,"22":0,"23":0,"24":0,"25":0,"26":0,"27":0,"28":0,"29":0,"30":3,"31":3,"32":0,"33":0,"34":0,"35":0,"36":0,"37":0,"38":0,"39":0,"40":0,"41":0,"42":0,"43":0,"44":0,"45":0},"f":{"0":3,"1":0},"b":{"0":[0],"1":[0],"2":[0,0],"3":[0],"4":[0],"5":[0],"6":[0],"7":[0],"8":[0,0],"9":[0]}}
}
