TN:
SF:app/components/CoachMessaging.tsx
FN:39,CoachMessaging
FN:49,(anonymous_2)
FN:59,(anonymous_3)
FN:67,(anonymous_4)
FN:72,(anonymous_5)
FN:79,(anonymous_6)
FN:83,(anonymous_7)
FN:98,(anonymous_8)
FN:116,(anonymous_9)
FN:127,(anonymous_10)
FN:128,(anonymous_11)
FN:139,(anonymous_12)
FN:153,(anonymous_13)
FN:199,(anonymous_14)
FN:204,(anonymous_15)
FN:221,(anonymous_16)
FN:236,(anonymous_17)
FN:239,(anonymous_18)
FN:302,(anonymous_19)
FN:315,(anonymous_20)
FN:384,(anonymous_21)
FN:393,(anonymous_22)
FNF:22
FNH:0
FNDA:0,CoachMessaging
FNDA:0,(anonymous_2)
FNDA:0,(anonymous_3)
FNDA:0,(anonymous_4)
FNDA:0,(anonymous_5)
FNDA:0,(anonymous_6)
FNDA:0,(anonymous_7)
FNDA:0,(anonymous_8)
FNDA:0,(anonymous_9)
FNDA:0,(anonymous_10)
FNDA:0,(anonymous_11)
FNDA:0,(anonymous_12)
FNDA:0,(anonymous_13)
FNDA:0,(anonymous_14)
FNDA:0,(anonymous_15)
FNDA:0,(anonymous_16)
FNDA:0,(anonymous_17)
FNDA:0,(anonymous_18)
FNDA:0,(anonymous_19)
FNDA:0,(anonymous_20)
FNDA:0,(anonymous_21)
FNDA:0,(anonymous_22)
DA:3,1
DA:4,1
DA:5,1
DA:16,1
DA:39,1
DA:40,0
DA:41,0
DA:42,0
DA:43,0
DA:44,0
DA:45,0
DA:46,0
DA:47,0
DA:49,0
DA:50,0
DA:52,0
DA:60,0
DA:61,0
DA:62,0
DA:67,0
DA:68,0
DA:72,0
DA:73,0
DA:74,0
DA:75,0
DA:79,0
DA:80,0
DA:83,0
DA:84,0
DA:85,0
DA:90,0
DA:91,0
DA:94,0
DA:98,0
DA:99,0
DA:100,0
DA:108,0
DA:109,0
DA:112,0
DA:116,0
DA:117,0
DA:118,0
DA:127,0
DA:128,0
DA:129,0
DA:135,0
DA:139,0
DA:140,0
DA:142,0
DA:153,0
DA:154,0
DA:155,0
DA:157,0
DA:158,0
DA:168,0
DA:174,0
DA:175,0
DA:189,0
DA:190,0
DA:192,0
DA:193,0
DA:195,0
DA:199,0
DA:200,0
DA:204,0
DA:206,0
DA:221,0
DA:237,0
DA:239,0
DA:304,0
DA:316,0
DA:385,0
DA:386,0
DA:393,0
LF:74
LH:5
BRDA:61,0,0,0
BRDA:73,1,0,0
BRDA:90,2,0,0
BRDA:108,3,0,0
BRDA:129,4,0,0
BRDA:129,4,1,0
BRDA:140,5,0,0
BRDA:140,6,0,0
BRDA:140,6,1,0
BRDA:140,6,2,0
BRDA:147,7,0,0
BRDA:147,7,1,0
BRDA:174,8,0,0
BRDA:200,9,0,0
BRDA:200,9,1,0
BRDA:228,10,0,0
BRDA:228,10,1,0
BRDA:241,11,0,0
BRDA:241,11,1,0
BRDA:250,12,0,0
BRDA:250,12,1,0
BRDA:257,13,0,0
BRDA:257,13,1,0
BRDA:259,14,0,0
BRDA:259,14,1,0
BRDA:288,15,0,0
BRDA:288,15,1,0
BRDA:319,16,0,0
BRDA:319,16,1,0
BRDA:323,17,0,0
BRDA:323,17,1,0
BRDA:325,18,0,0
BRDA:325,18,1,0
BRDA:327,19,0,0
BRDA:327,19,1,0
BRDA:336,20,0,0
BRDA:336,20,1,0
BRDA:338,21,0,0
BRDA:338,21,1,0
BRDA:343,22,0,0
BRDA:343,22,1,0
BRDA:345,23,0,0
BRDA:345,23,1,0
BRDA:345,24,0,0
BRDA:345,24,1,0
BRDA:356,25,0,0
BRDA:356,25,1,0
BRDA:356,25,2,0
BRDA:361,26,0,0
BRDA:361,26,1,0
BRDA:370,27,0,0
BRDA:370,27,1,0
BRDA:400,28,0,0
BRDA:400,28,1,0
BRDA:403,29,0,0
BRDA:403,29,1,0
BRF:56
BRH:0
end_of_record
TN:
SF:app/components/ComingSoon.tsx
FN:13,ComingSoon
FN:69,BetaBadge
FN:77,ComingSoonBadge
FNF:3
FNH:1
FNDA:0,ComingSoon
FNDA:0,BetaBadge
FNDA:152,ComingSoonBadge
DA:3,3
DA:13,3
DA:20,0
DA:21,0
DA:36,0
DA:37,0
DA:46,0
DA:69,3
DA:70,0
DA:77,3
DA:78,152
LF:11
LH:5
BRDA:17,0,0,0
BRDA:18,1,0,0
BRDA:20,2,0,0
BRDA:28,3,0,0
BRDA:28,3,1,0
BRDA:36,4,0,0
BRDA:48,5,0,0
BRDA:48,5,1,0
BRDA:57,6,0,0
BRDA:57,6,1,0
BRDA:59,7,0,0
BRDA:59,7,1,0
BRF:12
BRH:0
end_of_record
TN:
SF:app/components/DashboardLayout.tsx
FN:20,DashboardLayout
FN:30,(anonymous_2)
FN:37,(anonymous_3)
FN:42,(anonymous_4)
FN:49,(anonymous_5)
FN:65,(anonymous_6)
FN:70,(anonymous_7)
FN:395,(anonymous_8)
FN:398,(anonymous_9)
FN:425,(anonymous_10)
FN:438,(anonymous_11)
FN:448,(anonymous_12)
FN:463,(anonymous_13)
FN:469,(anonymous_14)
FNF:14
FNH:7
FNDA:77,DashboardLayout
FNDA:26,(anonymous_2)
FNDA:26,(anonymous_3)
FNDA:26,(anonymous_4)
FNDA:26,(anonymous_5)
FNDA:0,(anonymous_6)
FNDA:0,(anonymous_7)
FNDA:77,(anonymous_8)
FNDA:0,(anonymous_9)
FNDA:0,(anonymous_10)
FNDA:0,(anonymous_11)
FNDA:0,(anonymous_12)
FNDA:1386,(anonymous_13)
FNDA:0,(anonymous_14)
DA:3,3
DA:4,3
DA:5,3
DA:6,3
DA:7,3
DA:8,3
DA:9,3
DA:10,3
DA:11,3
DA:20,3
DA:21,77
DA:22,77
DA:23,77
DA:24,77
DA:25,77
DA:26,77
DA:27,77
DA:28,77
DA:30,77
DA:31,26
DA:32,26
DA:33,26
DA:34,26
DA:37,77
DA:38,26
DA:39,25
DA:42,77
DA:43,26
DA:44,26
DA:45,0
DA:49,77
DA:51,26
DA:52,25
DA:53,24
DA:59,24
DA:60,20
DA:65,77
DA:66,0
DA:67,0
DA:70,77
DA:71,0
DA:72,0
DA:76,77
DA:255,77
DA:395,77
DA:396,77
DA:398,0
DA:400,0
DA:401,0
DA:403,0
DA:407,77
DA:411,77
DA:412,77
DA:414,77
DA:425,0
DA:438,0
DA:448,0
DA:464,1386
DA:465,1386
DA:470,0
LF:60
LH:47
BRDA:44,0,0,0
BRDA:44,1,0,26
BRDA:44,1,1,0
BRDA:44,1,2,0
BRDA:52,2,0,24
BRDA:59,3,0,20
BRDA:396,4,0,77
BRDA:400,5,0,0
BRDA:407,6,0,77
BRDA:407,6,1,0
BRDA:411,7,0,0
BRDA:411,7,1,77
BRDA:412,8,0,0
BRDA:412,8,1,77
BRDA:412,9,0,77
BRDA:412,9,1,51
BRDA:417,10,0,77
BRDA:417,10,1,0
BRDA:421,11,0,77
BRDA:421,11,1,0
BRDA:429,12,0,77
BRDA:429,12,1,0
BRDA:435,13,0,77
BRDA:435,13,1,0
BRDA:440,14,0,77
BRDA:440,14,1,0
BRDA:450,15,0,0
BRDA:450,15,1,77
BRDA:464,16,0,1386
BRDA:464,16,1,1386
BRDA:474,17,0,0
BRDA:474,17,1,1386
BRDA:475,18,0,0
BRDA:475,18,1,0
BRDA:483,19,0,1386
BRDA:483,19,1,0
BRDA:485,20,0,1386
BRDA:485,20,1,154
BRDA:485,20,2,154
BRDA:494,21,0,77
BRDA:494,21,1,51
BRDA:494,21,2,0
BRDA:494,21,3,0
BRDA:495,22,0,0
BRDA:495,22,1,0
BRDA:512,23,0,77
BRDA:512,23,1,0
BRDA:521,24,0,77
BRDA:521,24,1,0
BRDA:533,25,0,77
BRDA:533,25,1,0
BRDA:546,26,0,77
BRDA:546,26,1,0
BRDA:555,27,0,77
BRDA:555,27,1,24
BRF:55
BRH:30
end_of_record
TN:
SF:app/components/InterfaceSwitcher.tsx
FN:20,InterfaceSwitcher
FN:36,(anonymous_1)
FN:40,(anonymous_2)
FN:47,(anonymous_3)
FN:50,(anonymous_4)
FN:61,(anonymous_5)
FN:103,(anonymous_6)
FN:105,(anonymous_7)
FN:106,(anonymous_8)
FN:122,(anonymous_9)
FN:151,(anonymous_10)
FN:154,(anonymous_11)
FN:178,(anonymous_12)
FN:188,(anonymous_13)
FNF:14
FNH:5
FNDA:76,InterfaceSwitcher
FNDA:26,(anonymous_1)
FNDA:0,(anonymous_2)
FNDA:26,(anonymous_3)
FNDA:26,(anonymous_4)
FNDA:0,(anonymous_5)
FNDA:152,(anonymous_6)
FNDA:0,(anonymous_7)
FNDA:0,(anonymous_8)
FNDA:0,(anonymous_9)
FNDA:0,(anonymous_10)
FNDA:0,(anonymous_11)
FNDA:0,(anonymous_12)
FNDA:0,(anonymous_13)
DA:3,3
DA:4,3
DA:5,3
DA:6,3
DA:20,3
DA:21,76
DA:22,76
DA:23,76
DA:24,76
DA:25,76
DA:26,76
DA:27,76
DA:30,76
DA:36,76
DA:37,26
DA:40,26
DA:41,0
DA:42,0
DA:46,26
DA:47,26
DA:50,76
DA:51,26
DA:52,25
DA:55,25
DA:56,0
DA:61,76
DA:62,0
DA:63,0
DA:64,0
DA:65,0
DA:67,0
DA:71,76
DA:73,76
DA:103,152
DA:105,76
DA:106,0
DA:107,0
DA:108,0
DA:109,0
DA:114,76
DA:115,76
DA:118,0
DA:122,0
DA:152,0
DA:154,0
DA:179,0
DA:180,0
DA:189,0
DA:190,0
LF:49
LH:29
BRDA:41,0,0,0
BRDA:41,1,0,0
BRDA:41,1,1,0
BRDA:55,2,0,0
BRDA:55,3,0,25
BRDA:55,3,1,24
BRDA:55,4,0,24
BRDA:55,4,1,24
BRDA:62,5,0,0
BRDA:62,5,1,0
BRDA:64,6,0,0
BRDA:64,6,1,0
BRDA:71,7,0,76
BRDA:71,7,1,0
BRDA:107,8,0,0
BRDA:114,9,0,76
BRDA:125,10,0,0
BRDA:125,10,1,0
BRDA:138,11,0,0
BRDA:138,11,1,0
BRDA:142,12,0,0
BRDA:142,12,1,0
BRDA:156,13,0,0
BRDA:156,13,1,0
BRDA:168,14,0,0
BRDA:168,14,1,0
BRF:26
BRH:6
end_of_record
TN:
SF:app/components/LocationSwitcher.tsx
FN:13,LocationSwitcher
FN:20,(anonymous_1)
FN:30,(anonymous_2)
FN:72,(anonymous_3)
FN:73,(anonymous_4)
FN:76,(anonymous_5)
FN:87,(anonymous_6)
FN:124,(anonymous_7)
FN:136,(anonymous_8)
FN:141,(anonymous_9)
FN:144,(anonymous_10)
FNF:11
FNH:3
FNDA:78,LocationSwitcher
FNDA:26,(anonymous_1)
FNDA:26,(anonymous_2)
FNDA:0,(anonymous_3)
FNDA:0,(anonymous_4)
FNDA:0,(anonymous_5)
FNDA:0,(anonymous_6)
FNDA:0,(anonymous_7)
FNDA:0,(anonymous_8)
FNDA:0,(anonymous_9)
FNDA:0,(anonymous_10)
DA:3,3
DA:4,3
DA:5,3
DA:13,3
DA:14,78
DA:15,78
DA:16,78
DA:17,78
DA:18,78
DA:20,78
DA:21,26
DA:24,26
DA:25,26
DA:30,78
DA:31,26
DA:32,26
DA:33,25
DA:36,24
DA:42,24
DA:44,20
DA:46,20
DA:48,0
DA:55,0
DA:56,20
DA:58,0
DA:65,0
DA:68,20
DA:71,20
DA:72,20
DA:73,0
DA:74,20
DA:76,0
DA:77,0
DA:78,0
DA:81,1
DA:83,26
DA:87,78
DA:88,0
DA:89,0
DA:90,0
DA:93,0
DA:96,0
DA:99,78
DA:100,52
DA:108,26
DA:109,26
DA:112,0
DA:113,0
DA:121,0
DA:124,0
DA:136,0
DA:142,0
DA:144,0
LF:53
LH:33
BRDA:25,0,0,0
BRDA:33,1,0,1
BRDA:42,2,0,4
BRDA:46,3,0,0
BRDA:46,3,1,20
BRDA:55,4,0,0
BRDA:55,4,1,0
BRDA:56,5,0,0
BRDA:65,6,0,0
BRDA:65,6,1,0
BRDA:72,7,0,0
BRDA:72,7,1,20
BRDA:72,8,0,20
BRDA:72,8,1,0
BRDA:74,9,0,0
BRDA:76,10,0,0
BRDA:76,10,1,0
BRDA:99,11,0,52
BRDA:108,12,0,26
BRDA:112,13,0,0
BRDA:128,14,0,0
BRDA:128,14,1,0
BRDA:129,15,0,0
BRDA:129,15,1,0
BRDA:132,16,0,0
BRDA:132,16,1,0
BRDA:150,17,0,0
BRDA:150,17,1,0
BRDA:154,18,0,0
BRDA:154,18,1,0
BRF:30
BRH:7
end_of_record
TN:
SF:app/components/OrganizationSwitcher.tsx
FN:14,OrganizationSwitcher
FN:22,(anonymous_1)
FN:26,(anonymous_2)
FN:47,(anonymous_3)
FN:48,(anonymous_4)
FN:58,(anonymous_5)
FN:75,(anonymous_6)
FN:91,(anonymous_7)
FN:103,(anonymous_8)
FN:108,(anonymous_9)
FN:111,(anonymous_10)
FN:126,(anonymous_11)
FNF:12
FNH:3
FNDA:78,OrganizationSwitcher
FNDA:26,(anonymous_1)
FNDA:26,(anonymous_2)
FNDA:0,(anonymous_3)
FNDA:0,(anonymous_4)
FNDA:0,(anonymous_5)
FNDA:0,(anonymous_6)
FNDA:0,(anonymous_7)
FNDA:0,(anonymous_8)
FNDA:0,(anonymous_9)
FNDA:0,(anonymous_10)
FNDA:0,(anonymous_11)
DA:3,3
DA:4,3
DA:5,3
DA:6,3
DA:14,3
DA:15,78
DA:16,78
DA:17,78
DA:18,78
DA:19,78
DA:20,78
DA:22,78
DA:23,26
DA:26,78
DA:27,26
DA:29,26
DA:30,26
DA:33,25
DA:45,25
DA:46,0
DA:47,0
DA:48,0
DA:54,0
DA:57,0
DA:58,0
DA:60,0
DA:61,0
DA:62,0
DA:69,0
DA:71,26
DA:75,78
DA:76,0
DA:77,0
DA:78,0
DA:81,0
DA:84,78
DA:85,78
DA:88,0
DA:91,0
DA:103,0
DA:109,0
DA:111,0
DA:126,0
LF:43
LH:23
BRDA:30,0,0,1
BRDA:45,1,0,0
BRDA:45,2,0,25
BRDA:45,2,1,25
BRDA:58,3,0,0
BRDA:58,3,1,0
BRDA:60,4,0,0
BRDA:84,5,0,78
BRDA:84,6,0,78
BRDA:84,6,1,26
BRDA:95,7,0,0
BRDA:95,7,1,0
BRDA:96,8,0,0
BRDA:96,8,1,0
BRDA:99,9,0,0
BRDA:99,9,1,0
BRDA:118,10,0,0
BRDA:118,10,1,0
BRF:18
BRH:6
end_of_record
TN:
SF:app/components/automation/config/DynamicConfigPanelEnhanced.tsx
FN:64,(anonymous_9)
FN:130,(anonymous_10)
FN:166,(anonymous_11)
FN:195,(anonymous_12)
FN:210,(anonymous_13)
FN:217,(anonymous_14)
FN:219,(anonymous_15)
FN:226,(anonymous_16)
FN:228,(anonymous_17)
FN:255,(anonymous_18)
FN:257,(anonymous_19)
FN:294,(anonymous_20)
FN:363,(anonymous_21)
FN:372,(anonymous_22)
FN:381,(anonymous_23)
FN:388,(anonymous_24)
FN:390,(anonymous_25)
FN:397,(anonymous_26)
FN:407,(anonymous_27)
FN:416,(anonymous_28)
FN:425,(anonymous_29)
FN:470,(anonymous_30)
FN:472,(anonymous_31)
FN:518,(anonymous_32)
FN:520,(anonymous_33)
FN:565,(anonymous_34)
FN:567,(anonymous_35)
FN:576,(anonymous_36)
FN:611,(anonymous_37)
FN:641,(anonymous_38)
FN:645,(anonymous_39)
FN:665,(anonymous_40)
FN:679,(anonymous_41)
FN:689,(anonymous_42)
FN:699,(anonymous_43)
FN:712,(anonymous_44)
FN:716,(anonymous_45)
FN:738,DynamicConfigPanelEnhanced
FN:776,(anonymous_47)
FN:785,(anonymous_48)
FN:788,(anonymous_49)
FN:793,(anonymous_50)
FN:797,(anonymous_51)
FN:811,(anonymous_52)
FN:833,(anonymous_53)
FN:840,(anonymous_54)
FN:852,(anonymous_55)
FN:854,(anonymous_56)
FN:895,(anonymous_57)
FN:904,(anonymous_58)
FN:925,(anonymous_59)
FN:937,(anonymous_60)
FN:945,(anonymous_61)
FN:979,(anonymous_62)
FN:1003,(anonymous_63)
FN:1034,(anonymous_64)
FN:1051,(anonymous_65)
FN:1082,(anonymous_66)
FN:1114,(anonymous_67)
FN:1118,(anonymous_68)
FN:1137,(anonymous_69)
FN:1141,(anonymous_70)
FN:1159,(anonymous_71)
FN:1166,(anonymous_72)
FN:1192,(anonymous_73)
FN:1224,(anonymous_74)
FN:1242,(anonymous_75)
FN:1247,(anonymous_76)
FN:1257,(anonymous_77)
FN:1262,(anonymous_78)
FN:1266,(anonymous_79)
FN:1281,(anonymous_80)
FN:1291,(anonymous_81)
FN:1304,(anonymous_82)
FNF:74
FNH:30
FNDA:79,(anonymous_9)
FNDA:38,(anonymous_10)
FNDA:0,(anonymous_11)
FNDA:38,(anonymous_12)
FNDA:38,(anonymous_13)
FNDA:0,(anonymous_14)
FNDA:38,(anonymous_15)
FNDA:0,(anonymous_16)
FNDA:38,(anonymous_17)
FNDA:0,(anonymous_18)
FNDA:0,(anonymous_19)
FNDA:0,(anonymous_20)
FNDA:0,(anonymous_21)
FNDA:0,(anonymous_22)
FNDA:0,(anonymous_23)
FNDA:0,(anonymous_24)
FNDA:0,(anonymous_25)
FNDA:0,(anonymous_26)
FNDA:0,(anonymous_27)
FNDA:0,(anonymous_28)
FNDA:41,(anonymous_29)
FNDA:0,(anonymous_30)
FNDA:18,(anonymous_31)
FNDA:0,(anonymous_32)
FNDA:15,(anonymous_33)
FNDA:0,(anonymous_34)
FNDA:8,(anonymous_35)
FNDA:0,(anonymous_36)
FNDA:0,(anonymous_37)
FNDA:102,(anonymous_38)
FNDA:0,(anonymous_39)
FNDA:0,(anonymous_40)
FNDA:0,(anonymous_41)
FNDA:0,(anonymous_42)
FNDA:2,(anonymous_43)
FNDA:16,(anonymous_44)
FNDA:0,(anonymous_45)
FNDA:80,DynamicConfigPanelEnhanced
FNDA:33,(anonymous_47)
FNDA:33,(anonymous_48)
FNDA:29,(anonymous_49)
FNDA:33,(anonymous_50)
FNDA:33,(anonymous_51)
FNDA:13,(anonymous_52)
FNDA:1,(anonymous_53)
FNDA:1,(anonymous_54)
FNDA:0,(anonymous_55)
FNDA:0,(anonymous_56)
FNDA:0,(anonymous_57)
FNDA:0,(anonymous_58)
FNDA:33,(anonymous_59)
FNDA:33,(anonymous_60)
FNDA:0,(anonymous_61)
FNDA:0,(anonymous_62)
FNDA:0,(anonymous_63)
FNDA:0,(anonymous_64)
FNDA:0,(anonymous_65)
FNDA:0,(anonymous_66)
FNDA:33,(anonymous_67)
FNDA:231,(anonymous_68)
FNDA:33,(anonymous_69)
FNDA:0,(anonymous_70)
FNDA:360,(anonymous_71)
FNDA:0,(anonymous_72)
FNDA:553,(anonymous_73)
FNDA:0,(anonymous_74)
FNDA:0,(anonymous_75)
FNDA:38,(anonymous_76)
FNDA:0,(anonymous_77)
FNDA:0,(anonymous_78)
FNDA:0,(anonymous_79)
FNDA:0,(anonymous_80)
FNDA:0,(anonymous_81)
FNDA:0,(anonymous_82)
DA:3,2
DA:4,2
DA:6,2
DA:8,2
DA:41,2
DA:55,2
DA:64,2
DA:65,79
DA:84,79
DA:87,38
DA:100,38
DA:107,41
DA:108,41
DA:114,0
DA:120,0
DA:126,0
DA:130,2
DA:132,38
DA:134,38
DA:151,38
DA:153,38
DA:156,38
DA:164,38
DA:165,38
DA:166,0
DA:169,38
DA:195,38
DA:210,38
DA:217,0
DA:219,38
DA:226,0
DA:228,38
DA:233,0
DA:235,0
DA:255,0
DA:257,0
DA:263,0
DA:294,0
DA:326,0
DA:363,0
DA:372,0
DA:381,0
DA:388,0
DA:390,0
DA:399,0
DA:408,0
DA:409,0
DA:411,0
DA:416,0
DA:421,0
DA:425,2
DA:426,41
DA:428,41
DA:430,18
DA:470,0
DA:472,18
DA:477,15
DA:518,0
DA:520,15
DA:525,8
DA:565,0
DA:567,8
DA:572,0
DA:576,2
DA:611,2
DA:641,2
DA:642,102
DA:643,102
DA:645,102
DA:646,0
DA:649,0
DA:657,0
DA:658,0
DA:659,0
DA:660,0
DA:662,0
DA:665,0
DA:666,0
DA:667,0
DA:668,0
DA:672,102
DA:679,0
DA:689,0
DA:699,2
DA:713,16
DA:717,0
DA:718,0
DA:738,2
DA:740,80
DA:741,1
DA:742,1
DA:743,1
DA:744,1
DA:747,79
DA:748,0
DA:749,0
DA:750,0
DA:751,0
DA:754,79
DA:757,79
DA:758,0
DA:761,79
DA:762,79
DA:763,79
DA:764,79
DA:765,79
DA:766,79
DA:767,79
DA:768,79
DA:769,79
DA:770,79
DA:773,79
DA:776,79
DA:778,33
DA:779,33
DA:780,33
DA:781,33
DA:784,33
DA:785,33
DA:787,33
DA:788,29
DA:793,79
DA:794,33
DA:797,79
DA:798,33
DA:799,33
DA:800,31
DA:801,15
DA:802,15
DA:803,15
DA:806,18
DA:811,79
DA:812,13
DA:813,13
DA:814,13
DA:816,13
DA:817,13
DA:819,1
DA:820,1
DA:821,1
DA:823,1
DA:825,0
DA:826,0
DA:827,0
DA:828,0
DA:829,0
DA:832,1
DA:833,1
DA:837,1
DA:840,1
DA:841,1
DA:843,1
DA:844,1
DA:845,1
DA:846,0
DA:847,0
DA:849,0
DA:851,0
DA:852,0
DA:854,0
DA:855,0
DA:857,0
DA:865,0
DA:866,0
DA:868,0
DA:869,0
DA:871,0
DA:874,1
DA:875,1
DA:878,0
DA:879,0
DA:882,0
DA:883,0
DA:884,0
DA:887,12
DA:888,12
DA:890,13
DA:895,79
DA:896,0
DA:897,0
DA:898,0
DA:899,0
DA:900,0
DA:901,0
DA:902,0
DA:904,0
DA:909,0
DA:912,0
DA:916,0
DA:918,0
DA:920,0
DA:925,79
DA:926,33
DA:927,13
DA:928,13
DA:929,13
DA:931,33
DA:932,0
DA:937,79
DA:938,33
DA:939,33
DA:940,33
DA:945,79
DA:946,0
DA:947,0
DA:948,0
DA:952,0
DA:954,0
DA:955,0
DA:966,0
DA:968,0
DA:969,0
DA:970,0
DA:979,0
DA:980,0
DA:990,0
DA:991,0
DA:992,0
DA:1003,79
DA:1004,0
DA:1005,0
DA:1006,0
DA:1009,0
DA:1011,0
DA:1012,0
DA:1022,0
DA:1024,0
DA:1025,0
DA:1034,0
DA:1035,0
DA:1045,0
DA:1046,0
DA:1047,0
DA:1051,79
DA:1052,0
DA:1053,0
DA:1054,0
DA:1057,0
DA:1059,0
DA:1060,0
DA:1070,0
DA:1072,0
DA:1073,0
DA:1082,0
DA:1083,0
DA:1093,0
DA:1094,0
DA:1095,0
DA:1099,79
DA:1114,79
DA:1115,33
DA:1116,33
DA:1118,33
DA:1119,231
DA:1120,132
DA:1121,132
DA:1124,231
DA:1125,0
DA:1126,0
DA:1127,0
DA:1128,0
DA:1133,33
DA:1134,33
DA:1137,79
DA:1138,33
DA:1141,79
DA:1143,0
DA:1144,0
DA:1147,0
DA:1148,0
DA:1149,0
DA:1152,0
DA:1153,0
DA:1154,0
DA:1159,79
DA:1160,360
DA:1161,0
DA:1163,360
DA:1166,79
DA:1167,0
DA:1169,0
DA:1180,0
DA:1187,0
DA:1188,0
DA:1192,79
DA:1193,553
DA:1194,169
DA:1197,384
DA:1198,24
DA:1214,360
DA:1215,100
DA:1224,0
DA:1232,260
DA:1242,0
DA:1248,38
DA:1258,0
DA:1263,0
DA:1264,0
DA:1266,0
DA:1267,0
DA:1281,0
DA:1291,0
DA:1304,0
DA:1322,79
LF:304
LH:148
BRDA:84,0,0,38
BRDA:84,0,1,41
BRDA:84,0,2,0
BRDA:84,0,3,0
BRDA:84,0,4,0
BRDA:87,1,0,38
BRDA:87,1,1,0
BRDA:89,2,0,0
BRDA:89,2,1,0
BRDA:91,3,0,0
BRDA:91,3,1,0
BRDA:93,4,0,0
BRDA:93,4,1,0
BRDA:95,5,0,0
BRDA:95,5,1,0
BRDA:97,6,0,0
BRDA:97,6,1,0
BRDA:99,7,0,0
BRDA:99,7,1,0
BRDA:107,8,0,41
BRDA:107,8,1,0
BRDA:107,8,2,0
BRDA:134,9,0,38
BRDA:134,9,1,0
BRDA:151,10,0,38
BRDA:151,10,1,0
BRDA:151,10,2,0
BRDA:151,10,3,0
BRDA:151,10,4,0
BRDA:153,11,0,0
BRDA:153,12,0,0
BRDA:153,13,0,0
BRDA:153,14,0,38
BRDA:153,14,1,0
BRDA:165,15,0,0
BRDA:165,15,1,38
BRDA:165,16,0,38
BRDA:165,16,1,0
BRDA:175,17,0,13
BRDA:175,17,1,25
BRDA:177,18,0,1
BRDA:177,18,1,24
BRDA:180,19,0,1
BRDA:180,19,1,37
BRDA:195,20,0,38
BRDA:195,20,1,0
BRDA:195,20,2,0
BRDA:195,20,3,0
BRDA:202,21,0,13
BRDA:202,21,1,25
BRDA:204,22,0,0
BRDA:204,22,1,25
BRDA:207,23,0,0
BRDA:207,23,1,38
BRDA:210,24,0,38
BRDA:210,24,1,0
BRDA:210,24,2,0
BRDA:210,24,3,0
BRDA:219,25,0,38
BRDA:219,25,1,0
BRDA:228,26,0,38
BRDA:228,26,1,37
BRDA:233,27,0,0
BRDA:233,28,0,0
BRDA:233,29,0,0
BRDA:233,29,1,0
BRDA:241,30,0,0
BRDA:241,30,1,0
BRDA:243,31,0,0
BRDA:243,31,1,0
BRDA:246,32,0,0
BRDA:246,32,1,0
BRDA:246,33,0,0
BRDA:246,33,1,0
BRDA:257,34,0,0
BRDA:257,34,1,0
BRDA:362,35,0,0
BRDA:362,35,1,0
BRDA:362,36,0,0
BRDA:362,36,1,0
BRDA:408,37,0,0
BRDA:408,37,1,0
BRDA:416,38,0,0
BRDA:416,38,1,0
BRDA:426,39,0,0
BRDA:426,40,0,0
BRDA:426,41,0,41
BRDA:426,41,1,0
BRDA:428,42,0,18
BRDA:428,42,1,15
BRDA:428,42,2,8
BRDA:428,42,3,0
BRDA:472,43,0,18
BRDA:472,43,1,0
BRDA:484,44,0,15
BRDA:484,44,1,14
BRDA:520,45,0,15
BRDA:520,45,1,0
BRDA:532,46,0,8
BRDA:532,46,1,8
BRDA:567,47,0,8
BRDA:567,47,1,0
BRDA:646,48,0,0
BRDA:675,49,0,102
BRDA:675,49,1,0
BRDA:675,50,0,102
BRDA:675,50,1,102
BRDA:681,51,0,53
BRDA:681,51,1,49
BRDA:682,52,0,18
BRDA:682,52,1,84
BRDA:691,53,0,0
BRDA:691,53,1,0
BRDA:696,54,0,102
BRDA:696,54,1,102
BRDA:696,54,2,102
BRDA:703,55,0,2
BRDA:703,55,1,100
BRDA:708,56,0,102
BRDA:708,56,1,2
BRDA:708,56,2,2
BRDA:730,57,0,102
BRDA:730,57,1,53
BRDA:731,58,0,102
BRDA:731,58,1,102
BRDA:731,58,2,49
BRDA:740,59,0,1
BRDA:747,60,0,0
BRDA:747,61,0,79
BRDA:747,61,1,79
BRDA:757,62,0,0
BRDA:761,63,0,79
BRDA:761,63,1,0
BRDA:778,64,0,33
BRDA:778,64,1,0
BRDA:784,65,0,33
BRDA:787,66,0,29
BRDA:800,67,0,15
BRDA:802,68,0,15
BRDA:802,68,1,14
BRDA:803,69,0,15
BRDA:803,69,1,14
BRDA:803,69,2,14
BRDA:819,70,0,1
BRDA:819,70,1,0
BRDA:823,71,0,0
BRDA:832,72,0,1
BRDA:832,72,1,0
BRDA:832,73,0,1
BRDA:832,73,1,1
BRDA:845,74,0,0
BRDA:845,74,1,0
BRDA:851,75,0,0
BRDA:851,76,0,0
BRDA:851,76,1,0
BRDA:855,77,0,0
BRDA:855,77,1,0
BRDA:884,78,0,0
BRDA:884,78,1,0
BRDA:899,79,0,0
BRDA:901,80,0,0
BRDA:901,80,1,0
BRDA:906,81,0,0
BRDA:906,81,1,0
BRDA:906,81,2,0
BRDA:926,82,0,13
BRDA:926,83,0,33
BRDA:926,83,1,13
BRDA:931,84,0,0
BRDA:931,85,0,33
BRDA:931,85,1,13
BRDA:931,85,2,13
BRDA:931,85,3,13
BRDA:938,86,0,33
BRDA:938,87,0,33
BRDA:938,87,1,33
BRDA:946,88,0,0
BRDA:960,89,0,0
BRDA:960,89,1,0
BRDA:961,90,0,0
BRDA:961,90,1,0
BRDA:968,91,0,0
BRDA:968,91,1,0
BRDA:984,92,0,0
BRDA:984,92,1,0
BRDA:1004,93,0,0
BRDA:1017,94,0,0
BRDA:1017,94,1,0
BRDA:1024,95,0,0
BRDA:1024,95,1,0
BRDA:1039,96,0,0
BRDA:1039,96,1,0
BRDA:1052,97,0,0
BRDA:1065,98,0,0
BRDA:1065,98,1,0
BRDA:1072,99,0,0
BRDA:1072,99,1,0
BRDA:1087,100,0,0
BRDA:1087,100,1,0
BRDA:1119,101,0,132
BRDA:1119,102,0,231
BRDA:1119,102,1,132
BRDA:1124,103,0,0
BRDA:1126,104,0,0
BRDA:1143,105,0,0
BRDA:1143,105,1,0
BRDA:1147,106,0,0
BRDA:1147,107,0,0
BRDA:1147,107,1,0
BRDA:1147,107,2,0
BRDA:1153,108,0,0
BRDA:1159,109,0,0
BRDA:1160,110,0,0
BRDA:1160,111,0,360
BRDA:1160,111,1,360
BRDA:1163,112,0,0
BRDA:1163,112,1,360
BRDA:1167,113,0,0
BRDA:1171,114,0,0
BRDA:1171,114,1,0
BRDA:1174,115,0,0
BRDA:1174,115,1,0
BRDA:1175,116,0,0
BRDA:1175,116,1,0
BRDA:1193,117,0,169
BRDA:1193,118,0,553
BRDA:1193,118,1,193
BRDA:1197,119,0,24
BRDA:1207,120,0,24
BRDA:1207,120,1,24
BRDA:1214,121,0,100
BRDA:1219,122,0,100
BRDA:1219,122,1,100
BRDA:1236,123,0,260
BRDA:1236,123,1,140
BRDA:1239,124,0,260
BRDA:1239,124,1,38
BRDA:1243,125,0,25
BRDA:1243,125,1,13
BRDA:1255,126,0,260
BRDA:1255,126,1,0
BRDA:1261,127,0,0
BRDA:1261,127,1,0
BRDA:1263,128,0,0
BRDA:1263,128,1,0
BRDA:1264,129,0,0
BRDA:1264,129,1,0
BRDA:1277,130,0,260
BRDA:1277,130,1,143
BRDA:1280,131,0,143
BRDA:1280,131,1,142
BRDA:1283,132,0,58
BRDA:1283,132,1,85
BRDA:1288,133,0,260
BRDA:1288,133,1,79
BRDA:1293,134,0,0
BRDA:1293,134,1,79
BRDA:1299,135,0,260
BRDA:1299,135,1,0
BRDA:1311,136,0,260
BRDA:1311,136,1,83
BRDA:1315,137,0,260
BRDA:1315,137,1,260
BRDA:1315,137,2,177
BRDA:1327,138,0,79
BRDA:1327,138,1,0
BRDA:1354,139,0,0
BRDA:1354,139,1,79
BRF:268
BRH:121
end_of_record
TN:
SF:app/components/automation/config/EnhancedEmailNodeConfig.tsx
FN:35,EnhancedEmailNodeConfig
FN:59,(anonymous_1)
FN:63,(anonymous_2)
FN:76,(anonymous_3)
FN:83,(anonymous_4)
FN:90,(anonymous_5)
FN:97,(anonymous_6)
FN:120,(anonymous_7)
FN:126,(anonymous_8)
FN:159,(anonymous_9)
FN:160,(anonymous_10)
FN:172,(anonymous_11)
FN:209,(anonymous_12)
FN:223,(anonymous_13)
FN:231,(anonymous_14)
FN:266,(anonymous_15)
FN:280,(anonymous_16)
FN:285,(anonymous_17)
FN:305,(anonymous_18)
FN:310,(anonymous_19)
FN:321,(anonymous_20)
FN:329,(anonymous_21)
FN:347,(anonymous_22)
FN:366,(anonymous_23)
FN:385,(anonymous_24)
FN:393,(anonymous_25)
FN:411,(anonymous_26)
FN:415,(anonymous_27)
FN:445,(anonymous_28)
FN:454,(anonymous_29)
FN:465,(anonymous_30)
FN:472,(anonymous_31)
FN:479,(anonymous_32)
FN:490,(anonymous_33)
FN:497,(anonymous_34)
FN:508,(anonymous_35)
FN:515,(anonymous_36)
FN:522,(anonymous_37)
FN:551,(anonymous_38)
FN:562,(anonymous_39)
FN:573,(anonymous_40)
FN:587,(anonymous_41)
FN:599,(anonymous_42)
FN:611,(anonymous_43)
FN:630,(anonymous_44)
FN:667,(anonymous_45)
FN:712,(anonymous_46)
FN:718,(anonymous_47)
FNF:48
FNH:17
FNDA:42,EnhancedEmailNodeConfig
FNDA:30,(anonymous_1)
FNDA:30,(anonymous_2)
FNDA:0,(anonymous_3)
FNDA:0,(anonymous_4)
FNDA:0,(anonymous_5)
FNDA:1,(anonymous_6)
FNDA:1,(anonymous_7)
FNDA:1,(anonymous_8)
FNDA:0,(anonymous_9)
FNDA:0,(anonymous_10)
FNDA:0,(anonymous_11)
FNDA:8,(anonymous_12)
FNDA:72,(anonymous_13)
FNDA:31,(anonymous_14)
FNDA:0,(anonymous_15)
FNDA:0,(anonymous_16)
FNDA:0,(anonymous_17)
FNDA:0,(anonymous_18)
FNDA:0,(anonymous_19)
FNDA:2,(anonymous_20)
FNDA:2,(anonymous_21)
FNDA:0,(anonymous_22)
FNDA:0,(anonymous_23)
FNDA:0,(anonymous_24)
FNDA:0,(anonymous_25)
FNDA:0,(anonymous_26)
FNDA:0,(anonymous_27)
FNDA:1,(anonymous_28)
FNDA:378,(anonymous_29)
FNDA:0,(anonymous_30)
FNDA:0,(anonymous_31)
FNDA:0,(anonymous_32)
FNDA:0,(anonymous_33)
FNDA:0,(anonymous_34)
FNDA:0,(anonymous_35)
FNDA:0,(anonymous_36)
FNDA:0,(anonymous_37)
FNDA:0,(anonymous_38)
FNDA:0,(anonymous_39)
FNDA:0,(anonymous_40)
FNDA:0,(anonymous_41)
FNDA:0,(anonymous_42)
FNDA:5,(anonymous_43)
FNDA:1,(anonymous_44)
FNDA:0,(anonymous_45)
FNDA:1,(anonymous_46)
FNDA:1,(anonymous_47)
DA:3,1
DA:4,1
DA:35,1
DA:40,42
DA:41,42
DA:42,42
DA:43,42
DA:44,42
DA:45,42
DA:46,42
DA:47,42
DA:48,42
DA:49,42
DA:50,42
DA:51,42
DA:52,42
DA:53,42
DA:54,42
DA:55,42
DA:56,42
DA:59,42
DA:60,30
DA:63,42
DA:64,30
DA:65,30
DA:66,29
DA:67,3
DA:68,3
DA:71,26
DA:76,42
DA:77,0
DA:78,0
DA:79,0
DA:83,42
DA:84,0
DA:85,0
DA:86,0
DA:90,42
DA:91,0
DA:92,0
DA:93,0
DA:97,42
DA:98,1
DA:99,1
DA:100,1
DA:101,0
DA:102,0
DA:103,0
DA:104,0
DA:105,0
DA:106,0
DA:107,0
DA:110,0
DA:111,0
DA:112,0
DA:113,0
DA:115,0
DA:120,42
DA:121,1
DA:122,1
DA:123,1
DA:126,1
DA:127,1
DA:147,1
DA:148,1
DA:149,1
DA:151,1
DA:154,0
DA:155,0
DA:159,42
DA:160,0
DA:161,0
DA:162,0
DA:163,0
DA:164,0
DA:165,0
DA:166,0
DA:172,42
DA:173,0
DA:174,0
DA:175,0
DA:178,0
DA:179,0
DA:181,0
DA:182,0
DA:195,0
DA:196,0
DA:198,0
DA:199,0
DA:202,0
DA:204,0
DA:209,42
DA:210,8
DA:222,8
DA:223,8
DA:224,72
DA:225,72
DA:227,8
DA:231,42
DA:232,31
DA:244,42
DA:256,42
DA:266,0
DA:280,0
DA:285,0
DA:305,0
DA:310,0
DA:321,2
DA:329,2
DA:348,0
DA:349,0
DA:367,0
DA:368,0
DA:386,0
DA:387,0
DA:393,0
DA:411,0
DA:416,0
DA:446,1
DA:447,1
DA:448,1
DA:455,378
DA:465,0
DA:472,0
DA:479,0
DA:490,0
DA:497,0
DA:508,0
DA:515,0
DA:522,0
DA:551,0
DA:562,0
DA:573,0
DA:587,0
DA:599,0
DA:611,5
DA:630,1
DA:667,0
DA:712,1
DA:720,1
LF:140
LH:69
BRDA:41,0,0,42
BRDA:41,0,1,0
BRDA:42,1,0,42
BRDA:42,1,1,0
BRDA:43,2,0,42
BRDA:43,2,1,0
BRDA:44,3,0,42
BRDA:44,3,1,0
BRDA:45,4,0,42
BRDA:45,4,1,41
BRDA:48,5,0,42
BRDA:48,5,1,42
BRDA:49,6,0,42
BRDA:49,6,1,42
BRDA:66,7,0,3
BRDA:68,8,0,3
BRDA:68,8,1,1
BRDA:78,9,0,0
BRDA:85,10,0,0
BRDA:92,11,0,0
BRDA:98,12,0,1
BRDA:100,13,0,0
BRDA:100,14,0,1
BRDA:100,14,1,1
BRDA:123,15,0,1
BRDA:123,15,1,0
BRDA:148,16,0,1
BRDA:161,17,0,0
BRDA:163,18,0,0
BRDA:163,18,1,0
BRDA:164,19,0,0
BRDA:164,19,1,0
BRDA:165,20,0,0
BRDA:166,21,0,0
BRDA:166,21,1,0
BRDA:173,22,0,0
BRDA:187,23,0,0
BRDA:187,23,1,0
BRDA:188,24,0,0
BRDA:188,24,1,0
BRDA:189,25,0,0
BRDA:189,25,1,0
BRDA:190,26,0,0
BRDA:190,26,1,0
BRDA:195,27,0,0
BRDA:195,27,1,0
BRDA:199,28,0,0
BRDA:199,28,1,0
BRDA:202,29,0,0
BRDA:202,29,1,0
BRDA:265,30,0,42
BRDA:265,30,1,0
BRDA:323,31,0,2
BRDA:323,31,1,40
BRDA:331,32,0,2
BRDA:331,32,1,40
BRDA:339,33,0,42
BRDA:339,33,1,2
BRDA:358,34,0,42
BRDA:358,34,1,2
BRDA:436,35,0,1
BRDA:436,35,1,41
BRDA:446,36,0,1
BRDA:615,37,0,4
BRDA:615,37,1,38
BRDA:636,38,0,42
BRDA:636,38,1,42
BRDA:640,39,0,0
BRDA:640,39,1,42
BRDA:645,40,0,42
BRDA:645,40,1,0
BRDA:647,41,0,0
BRDA:647,41,1,0
BRDA:651,42,0,0
BRDA:651,42,1,0
BRDA:662,43,0,42
BRDA:662,43,1,4
BRDA:679,44,0,4
BRDA:679,44,1,0
BRDA:679,45,0,4
BRDA:679,45,1,0
BRDA:681,46,0,4
BRDA:681,46,1,0
BRDA:687,47,0,4
BRDA:687,47,1,0
BRDA:695,48,0,4
BRDA:695,48,1,0
BRDA:702,49,0,4
BRDA:702,49,1,0
BRF:89
BRH:44
end_of_record
TN:
SF:app/components/automation/config/InternalMessageConfig.tsx
FN:32,InternalMessageConfig
FN:48,(anonymous_1)
FN:52,(anonymous_2)
FN:70,(anonymous_3)
FN:71,(anonymous_4)
FN:73,(anonymous_5)
FN:78,(anonymous_6)
FN:79,(anonymous_7)
FN:81,(anonymous_8)
FN:86,(anonymous_9)
FN:92,(anonymous_10)
FN:98,(anonymous_11)
FN:131,(anonymous_12)
FN:175,(anonymous_13)
FN:180,(anonymous_14)
FN:208,(anonymous_15)
FN:216,(anonymous_16)
FN:219,(anonymous_17)
FN:244,(anonymous_18)
FN:249,(anonymous_19)
FN:276,(anonymous_20)
FN:293,(anonymous_21)
FN:302,(anonymous_22)
FN:311,(anonymous_23)
FN:353,(anonymous_24)
FNF:25
FNH:21
FNDA:81,InternalMessageConfig
FNDA:37,(anonymous_1)
FNDA:37,(anonymous_2)
FNDA:3,(anonymous_3)
FNDA:3,(anonymous_4)
FNDA:2,(anonymous_5)
FNDA:1,(anonymous_6)
FNDA:1,(anonymous_7)
FNDA:0,(anonymous_8)
FNDA:1,(anonymous_9)
FNDA:3,(anonymous_10)
FNDA:0,(anonymous_11)
FNDA:43,(anonymous_12)
FNDA:324,(anonymous_13)
FNDA:1,(anonymous_14)
FNDA:76,(anonymous_15)
FNDA:3,(anonymous_16)
FNDA:2,(anonymous_17)
FNDA:324,(anonymous_18)
FNDA:1,(anonymous_19)
FNDA:0,(anonymous_20)
FNDA:1,(anonymous_21)
FNDA:648,(anonymous_22)
FNDA:0,(anonymous_23)
FNDA:1,(anonymous_24)
DA:3,1
DA:4,1
DA:15,1
DA:32,1
DA:37,81
DA:38,81
DA:39,81
DA:40,81
DA:41,81
DA:42,81
DA:43,81
DA:44,81
DA:45,81
DA:46,81
DA:48,81
DA:49,37
DA:52,81
DA:53,37
DA:54,37
DA:60,37
DA:62,37
DA:64,0
DA:66,37
DA:70,81
DA:71,3
DA:72,3
DA:73,2
DA:78,81
DA:79,1
DA:80,1
DA:81,0
DA:86,81
DA:87,1
DA:88,1
DA:89,1
DA:92,81
DA:93,3
DA:94,3
DA:96,3
DA:98,3
DA:100,3
DA:101,3
DA:102,3
DA:105,0
DA:118,0
DA:119,0
DA:121,0
DA:124,0
DA:126,3
DA:131,81
DA:132,43
DA:142,81
DA:149,81
DA:156,81
DA:167,81
DA:176,324
DA:177,324
DA:180,1
DA:209,76
DA:217,3
DA:218,3
DA:219,2
DA:221,3
DA:245,324
DA:246,324
DA:249,1
DA:277,0
DA:278,0
DA:294,1
DA:295,1
DA:296,1
DA:303,648
DA:312,0
DA:313,0
DA:354,1
LF:75
LH:64
BRDA:38,0,0,81
BRDA:38,0,1,1
BRDA:39,1,0,81
BRDA:39,1,1,1
BRDA:40,2,0,81
BRDA:40,2,1,3
BRDA:41,3,0,81
BRDA:41,3,1,3
BRDA:42,4,0,81
BRDA:42,4,1,1
BRDA:60,5,0,0
BRDA:62,6,0,37
BRDA:62,6,1,0
BRDA:72,7,0,2
BRDA:72,7,1,1
BRDA:80,8,0,0
BRDA:80,8,1,1
BRDA:87,9,0,1
BRDA:87,9,1,1
BRDA:100,10,0,3
BRDA:118,11,0,0
BRDA:118,11,1,0
BRDA:182,12,0,81
BRDA:182,12,1,243
BRDA:200,13,0,43
BRDA:200,13,1,38
BRDA:202,14,0,0
BRDA:202,14,1,38
BRDA:218,15,0,2
BRDA:218,15,1,1
BRDA:252,16,0,79
BRDA:252,16,1,245
BRDA:254,17,0,245
BRDA:254,17,1,0
BRDA:268,18,0,81
BRDA:268,18,1,77
BRDA:294,19,0,1
BRDA:326,20,0,81
BRDA:326,20,1,6
BRDA:328,21,0,0
BRDA:328,21,1,6
BRDA:331,22,0,0
BRDA:331,22,1,6
BRDA:345,23,0,81
BRDA:345,23,1,81
BRDA:345,23,2,72
BRDA:349,24,0,0
BRDA:349,24,1,81
BRF:48
BRH:38
end_of_record
TN:
SF:app/components/chat/EnhancedChatInterface.tsx
FN:91,EnhancedChatInterface
FN:112,(anonymous_1)
FN:117,(anonymous_2)
FN:123,(anonymous_3)
FN:131,(anonymous_4)
FN:135,(anonymous_5)
FN:139,(anonymous_6)
FN:142,(anonymous_7)
FN:207,(anonymous_8)
FN:215,(anonymous_9)
FN:231,(anonymous_10)
FN:236,(anonymous_11)
FN:254,(anonymous_12)
FN:275,(anonymous_13)
FN:335,(anonymous_14)
FN:381,(anonymous_15)
FN:411,(anonymous_16)
FN:437,(anonymous_17)
FN:453,(anonymous_18)
FN:466,(anonymous_19)
FN:473,(anonymous_20)
FN:487,(anonymous_21)
FN:502,(anonymous_22)
FN:515,(anonymous_23)
FN:533,(anonymous_24)
FN:554,(anonymous_25)
FN:575,(anonymous_26)
FN:586,(anonymous_27)
FN:589,(anonymous_28)
FN:629,(anonymous_29)
FN:674,(anonymous_30)
FN:698,(anonymous_31)
FN:701,(anonymous_32)
FN:718,(anonymous_33)
FN:758,(anonymous_34)
FN:770,(anonymous_35)
FN:864,(anonymous_36)
FN:921,(anonymous_37)
FN:956,(anonymous_38)
FN:959,(anonymous_39)
FNF:40
FNH:13
FNDA:14,EnhancedChatInterface
FNDA:7,(anonymous_1)
FNDA:14,(anonymous_2)
FNDA:7,(anonymous_3)
FNDA:7,(anonymous_4)
FNDA:7,(anonymous_5)
FNDA:0,(anonymous_6)
FNDA:0,(anonymous_7)
FNDA:0,(anonymous_8)
FNDA:0,(anonymous_9)
FNDA:0,(anonymous_10)
FNDA:0,(anonymous_11)
FNDA:0,(anonymous_12)
FNDA:7,(anonymous_13)
FNDA:0,(anonymous_14)
FNDA:0,(anonymous_15)
FNDA:0,(anonymous_16)
FNDA:0,(anonymous_17)
FNDA:0,(anonymous_18)
FNDA:0,(anonymous_19)
FNDA:14,(anonymous_20)
FNDA:14,(anonymous_21)
FNDA:14,(anonymous_22)
FNDA:14,(anonymous_23)
FNDA:0,(anonymous_24)
FNDA:0,(anonymous_25)
FNDA:0,(anonymous_26)
FNDA:14,(anonymous_27)
FNDA:0,(anonymous_28)
FNDA:21,(anonymous_29)
FNDA:0,(anonymous_30)
FNDA:0,(anonymous_31)
FNDA:0,(anonymous_32)
FNDA:0,(anonymous_33)
FNDA:0,(anonymous_34)
FNDA:0,(anonymous_35)
FNDA:0,(anonymous_36)
FNDA:0,(anonymous_37)
FNDA:0,(anonymous_38)
FNDA:0,(anonymous_39)
DA:3,1
DA:4,1
DA:5,1
DA:6,1
DA:33,1
DA:91,1
DA:92,14
DA:93,14
DA:95,14
DA:96,14
DA:97,14
DA:98,14
DA:99,14
DA:100,14
DA:101,14
DA:102,14
DA:103,14
DA:104,14
DA:105,14
DA:106,14
DA:107,14
DA:108,14
DA:109,14
DA:110,14
DA:112,14
DA:113,7
DA:117,14
DA:118,14
DA:119,0
DA:123,14
DA:124,7
DA:125,0
DA:126,0
DA:127,0
DA:131,14
DA:132,7
DA:135,14
DA:136,7
DA:139,14
DA:140,0
DA:142,0
DA:143,0
DA:147,0
DA:148,0
DA:149,0
DA:153,0
DA:154,0
DA:157,0
DA:158,0
DA:164,0
DA:165,0
DA:168,0
DA:169,0
DA:175,0
DA:177,0
DA:188,0
DA:190,0
DA:207,0
DA:208,0
DA:211,0
DA:215,14
DA:216,0
DA:218,0
DA:224,0
DA:230,0
DA:231,0
DA:236,0
DA:243,0
DA:244,0
DA:245,0
DA:247,0
DA:249,0
DA:250,0
DA:254,14
DA:255,0
DA:269,0
DA:270,0
DA:271,0
DA:272,0
DA:275,14
DA:276,7
DA:277,7
DA:280,7
DA:281,7
DA:283,7
DA:289,7
DA:291,7
DA:294,7
DA:327,7
DA:329,0
DA:331,7
DA:335,14
DA:336,0
DA:338,0
DA:375,0
DA:377,0
DA:381,14
DA:382,0
DA:384,0
DA:405,0
DA:407,0
DA:411,14
DA:412,0
DA:414,0
DA:431,0
DA:433,0
DA:437,14
DA:438,0
DA:440,0
DA:441,0
DA:444,0
DA:453,0
DA:454,0
DA:460,0
DA:462,0
DA:466,14
DA:467,0
DA:468,0
DA:469,0
DA:473,14
DA:474,14
DA:476,0
DA:479,14
DA:481,0
DA:483,0
DA:487,14
DA:488,14
DA:490,0
DA:492,7
DA:494,7
DA:496,0
DA:498,0
DA:502,14
DA:503,14
DA:505,7
DA:507,7
DA:509,0
DA:511,0
DA:515,14
DA:516,14
DA:517,14
DA:523,14
DA:533,0
DA:554,0
DA:575,0
DA:587,14
DA:589,0
DA:630,21
DA:674,0
DA:699,0
DA:701,0
DA:719,0
DA:758,0
DA:770,0
DA:865,0
DA:921,0
DA:957,0
DA:959,0
LF:158
LH:70
BRDA:118,0,0,0
BRDA:118,1,0,14
BRDA:118,1,1,0
BRDA:124,2,0,0
BRDA:143,3,0,0
BRDA:143,3,1,0
BRDA:147,4,0,0
BRDA:154,5,0,0
BRDA:164,6,0,0
BRDA:164,6,1,0
BRDA:175,7,0,0
BRDA:179,8,0,0
BRDA:179,8,1,0
BRDA:180,9,0,0
BRDA:180,9,1,0
BRDA:181,10,0,0
BRDA:181,10,1,0
BRDA:182,11,0,0
BRDA:182,11,1,0
BRDA:188,12,0,0
BRDA:193,13,0,0
BRDA:193,13,1,0
BRDA:193,13,2,0
BRDA:193,14,0,0
BRDA:193,14,1,0
BRDA:193,15,0,0
BRDA:193,15,1,0
BRDA:194,16,0,0
BRDA:194,16,1,0
BRDA:195,17,0,0
BRDA:195,17,1,0
BRDA:231,18,0,0
BRDA:231,18,1,0
BRDA:233,19,0,0
BRDA:233,19,1,0
BRDA:233,20,0,0
BRDA:233,20,1,0
BRDA:233,21,0,0
BRDA:233,21,1,0
BRDA:236,22,0,0
BRDA:236,22,1,0
BRDA:238,23,0,0
BRDA:238,23,1,0
BRDA:238,24,0,0
BRDA:238,24,1,0
BRDA:238,25,0,0
BRDA:238,25,1,0
BRDA:281,26,0,0
BRDA:289,27,0,0
BRDA:438,28,0,0
BRDA:438,29,0,0
BRDA:438,29,1,0
BRDA:467,30,0,0
BRDA:467,31,0,0
BRDA:467,31,1,0
BRDA:474,32,0,0
BRDA:474,32,1,7
BRDA:474,32,2,14
BRDA:474,32,3,0
BRDA:474,32,4,0
BRDA:488,33,0,0
BRDA:488,33,1,7
BRDA:488,33,2,7
BRDA:488,33,3,0
BRDA:488,33,4,0
BRDA:503,34,0,7
BRDA:503,34,1,7
BRDA:503,34,2,0
BRDA:503,34,3,0
BRDA:517,35,0,14
BRDA:517,35,1,0
BRDA:517,35,2,0
BRDA:517,35,3,0
BRDA:562,36,0,7
BRDA:562,36,1,7
BRDA:566,37,0,0
BRDA:566,37,1,7
BRDA:571,38,0,0
BRDA:571,38,1,0
BRDA:573,39,0,0
BRDA:573,39,1,0
BRDA:591,40,0,0
BRDA:591,40,1,14
BRDA:602,41,0,14
BRDA:602,41,1,14
BRDA:618,42,0,14
BRDA:618,42,1,7
BRDA:627,43,0,14
BRDA:627,43,1,14
BRDA:627,43,2,14
BRDA:634,44,0,14
BRDA:634,44,1,0
BRDA:648,45,0,0
BRDA:648,45,1,14
BRDA:676,46,0,0
BRDA:676,46,1,0
BRDA:691,47,0,0
BRDA:691,47,1,0
BRDA:691,47,2,0
BRDA:721,48,0,0
BRDA:721,48,1,0
BRDA:724,49,0,0
BRDA:724,49,1,0
BRDA:732,50,0,0
BRDA:732,50,1,0
BRDA:741,51,0,0
BRDA:741,51,1,0
BRDA:743,52,0,0
BRDA:743,52,1,0
BRDA:789,53,0,0
BRDA:789,53,1,0
BRDA:810,54,0,14
BRDA:810,54,1,0
BRDA:848,55,0,0
BRDA:848,55,1,0
BRDA:850,56,0,0
BRDA:850,56,1,0
BRDA:860,57,0,0
BRDA:860,57,1,0
BRDA:860,57,2,0
BRDA:874,58,0,0
BRDA:874,58,1,0
BRDA:884,59,0,0
BRDA:884,59,1,0
BRDA:915,60,0,14
BRDA:915,60,1,0
BRDA:931,61,0,0
BRDA:931,61,1,0
BRDA:965,62,0,0
BRDA:965,62,1,0
BRDA:968,63,0,0
BRDA:968,63,1,0
BRF:132
BRH:23
end_of_record
TN:
SF:app/components/ui/Button.tsx
FN:10,(anonymous_1)
FNF:1
FNH:1
FNDA:55,(anonymous_1)
DA:1,3
DA:2,3
DA:10,3
DA:17,55
DA:19,55
DA:26,55
DA:32,55
DA:42,3
DA:43,3
LF:9
LH:9
BRDA:12,0,0,28
BRDA:13,1,0,47
BRF:2
BRH:2
end_of_record
TN:
SF:app/components/ui/Card.tsx
FN:9,(anonymous_1)
FN:17,(anonymous_2)
FN:25,(anonymous_3)
FN:33,(anonymous_4)
FNF:4
FNH:0
FNDA:0,(anonymous_1)
FNDA:0,(anonymous_2)
FNDA:0,(anonymous_3)
FNDA:0,(anonymous_4)
DA:1,1
DA:2,1
DA:9,1
DA:10,0
DA:17,1
DA:18,0
DA:25,1
DA:26,0
DA:33,1
DA:37,0
DA:44,1
DA:45,1
LF:12
LH:8
BRF:0
BRH:0
end_of_record
TN:
SF:app/lib/feature-flags.ts
FN:117,(anonymous_0)
FN:156,isFeatureEnabled
FN:163,getFeatureFlags
FN:170,useFeatureFlag
FNF:4
FNH:2
FNDA:3,(anonymous_0)
FNDA:154,isFeatureEnabled
FNDA:0,getFeatureFlags
FNDA:0,useFeatureFlag
DA:62,3
DA:117,3
DA:119,3
DA:122,3
DA:123,0
DA:124,0
DA:125,0
DA:126,0
DA:129,3
DA:130,0
DA:131,0
DA:132,0
DA:133,0
DA:134,0
DA:138,3
DA:140,0
DA:141,0
DA:144,3
DA:148,3
DA:156,3
DA:157,154
DA:163,3
DA:164,0
DA:170,3
DA:171,0
DA:184,3
LF:26
LH:13
BRDA:122,0,0,0
BRDA:129,1,0,0
BRDA:138,2,0,0
BRDA:157,3,0,154
BRDA:157,3,1,0
BRF:5
BRH:1
end_of_record
TN:
SF:app/lib/toast.ts
FN:14,(anonymous_0)
FN:17,(anonymous_1)
FN:32,(anonymous_2)
FN:48,(anonymous_3)
FN:71,(anonymous_4)
FN:77,(anonymous_5)
FN:81,(anonymous_6)
FN:89,(anonymous_7)
FN:93,(anonymous_8)
FN:97,(anonymous_9)
FN:101,(anonymous_10)
FNF:11
FNH:1
FNDA:2,(anonymous_0)
FNDA:0,(anonymous_1)
FNDA:0,(anonymous_2)
FNDA:0,(anonymous_3)
FNDA:0,(anonymous_4)
FNDA:0,(anonymous_5)
FNDA:0,(anonymous_6)
FNDA:0,(anonymous_7)
FNDA:0,(anonymous_8)
FNDA:0,(anonymous_9)
FNDA:0,(anonymous_10)
DA:15,2
DA:19,0
DA:20,0
DA:23,0
DA:24,0
DA:25,0
DA:26,0
DA:27,0
DA:29,0
DA:33,0
DA:35,0
DA:37,0
DA:39,0
DA:41,0
DA:44,0
DA:50,0
DA:51,0
DA:52,0
DA:55,0
DA:57,0
DA:58,0
DA:59,0
DA:60,0
DA:63,0
DA:64,0
DA:65,0
DA:68,0
DA:71,0
DA:72,0
DA:73,0
DA:77,0
DA:78,0
DA:79,0
DA:81,0
DA:82,0
DA:83,0
DA:90,0
DA:94,0
DA:98,0
DA:102,0
DA:107,2
DA:109,2
LF:42
LH:3
BRDA:19,0,0,0
BRDA:19,1,0,0
BRDA:19,1,1,0
BRDA:23,2,0,0
BRDA:35,3,0,0
BRDA:35,3,1,0
BRDA:35,3,2,0
BRDA:35,3,3,0
BRDA:35,3,4,0
BRDA:50,4,0,0
BRDA:50,5,0,0
BRDA:50,5,1,0
BRDA:55,6,0,0
BRDA:55,7,0,0
BRDA:82,8,0,0
BRF:15
BRH:0
end_of_record
TN:
SF:app/lib/utils.ts
FN:4,cn
FNF:1
FNH:1
FNDA:55,cn
DA:1,3
DA:2,3
DA:4,3
DA:5,55
LF:4
LH:4
BRF:0
BRH:0
end_of_record
TN:
SF:app/lib/hooks/useToast.ts
FN:5,useToast
FN:8,(anonymous_1)
FN:12,(anonymous_2)
FN:28,(anonymous_3)
FN:29,(anonymous_4)
FN:30,(anonymous_5)
FNF:6
FNH:4
FNDA:18,useToast
FNDA:9,(anonymous_1)
FNDA:9,(anonymous_2)
FNDA:0,(anonymous_3)
FNDA:9,(anonymous_4)
FNDA:0,(anonymous_5)
DA:3,1
DA:5,1
DA:6,18
DA:8,18
DA:9,9
DA:12,18
DA:13,9
DA:16,0
DA:18,0
DA:21,0
DA:27,18
DA:28,0
DA:29,9
DA:30,0
LF:14
LH:9
BRDA:12,0,0,0
BRDA:13,1,0,9
BRDA:16,2,0,0
BRF:3
BRH:1
end_of_record
TN:
SF:app/lib/utils/british-format.ts
FN:11,formatBritishCurrency
FN:26,formatBritishDate
FN:40,formatBritishDateTime
FN:57,formatBritishTime
FN:71,parseBritishDate
FN:84,getBritishNow
FN:91,formatBritishRelativeDate
FNF:7
FNH:1
FNDA:0,formatBritishCurrency
FNDA:0,formatBritishDate
FNDA:14,formatBritishDateTime
FNDA:0,formatBritishTime
FNDA:0,parseBritishDate
FNDA:0,getBritishNow
FNDA:0,formatBritishRelativeDate
DA:11,1
DA:12,0
DA:13,0
DA:26,1
DA:27,0
DA:28,0
DA:40,1
DA:41,14
DA:42,14
DA:57,1
DA:58,0
DA:59,0
DA:71,1
DA:72,0
DA:73,0
DA:79,1
DA:84,1
DA:85,0
DA:91,1
DA:92,0
DA:93,0
DA:94,0
DA:95,0
DA:97,0
DA:98,0
DA:99,0
DA:100,0
DA:102,0
LF:28
LH:10
BRDA:11,0,0,0
BRDA:12,1,0,0
BRDA:12,1,1,0
BRDA:27,2,0,0
BRDA:27,2,1,0
BRDA:41,3,0,14
BRDA:41,3,1,0
BRDA:58,4,0,0
BRDA:58,4,1,0
BRDA:92,5,0,0
BRDA:92,5,1,0
BRDA:97,6,0,0
BRDA:97,6,1,0
BRDA:99,7,0,0
BRDA:99,7,1,0
BRF:15
BRH:1
end_of_record
TN:
SF:app/staff/InviteStaffModal.tsx
FN:28,InviteStaffModal
FN:40,(anonymous_1)
FN:80,(anonymous_2)
FN:81,(anonymous_3)
FN:122,(anonymous_4)
FN:135,(anonymous_5)
FN:149,(anonymous_6)
FN:166,(anonymous_7)
FN:174,(anonymous_8)
FN:189,(anonymous_9)
FNF:10
FNH:1
FNDA:18,InviteStaffModal
FNDA:0,(anonymous_1)
FNDA:0,(anonymous_2)
FNDA:0,(anonymous_3)
FNDA:0,(anonymous_4)
FNDA:0,(anonymous_5)
FNDA:0,(anonymous_6)
FNDA:0,(anonymous_7)
FNDA:0,(anonymous_8)
FNDA:0,(anonymous_9)
DA:3,1
DA:4,1
DA:12,1
DA:19,1
DA:28,1
DA:29,18
DA:35,18
DA:36,18
DA:38,18
DA:40,0
DA:41,0
DA:42,0
DA:43,0
DA:45,0
DA:46,0
DA:56,0
DA:58,0
DA:59,0
DA:62,0
DA:63,0
DA:64,0
DA:67,0
DA:74,0
DA:76,0
DA:80,0
DA:81,0
DA:90,0
DA:122,0
DA:136,0
DA:149,0
DA:167,0
DA:174,0
DA:189,0
LF:33
LH:9
BRDA:38,0,0,18
BRDA:58,1,0,0
BRDA:59,2,0,0
BRDA:59,2,1,0
BRDA:107,3,0,0
BRDA:107,3,1,0
BRDA:139,4,0,0
BRDA:139,4,1,0
BRDA:173,5,0,0
BRDA:173,5,1,0
BRDA:209,6,0,0
BRDA:209,6,1,0
BRF:12
BRH:1
end_of_record
TN:
SF:app/staff/StaffLocationModal.tsx
FN:20,StaffLocationModal
FN:28,(anonymous_1)
FN:32,(anonymous_2)
FN:68,(anonymous_3)
FN:93,(anonymous_4)
FN:94,(anonymous_5)
FN:96,(anonymous_6)
FN:125,(anonymous_7)
FN:140,(anonymous_8)
FN:155,(anonymous_9)
FN:163,(anonymous_10)
FNF:11
FNH:0
FNDA:0,StaffLocationModal
FNDA:0,(anonymous_1)
FNDA:0,(anonymous_2)
FNDA:0,(anonymous_3)
FNDA:0,(anonymous_4)
FNDA:0,(anonymous_5)
FNDA:0,(anonymous_6)
FNDA:0,(anonymous_7)
FNDA:0,(anonymous_8)
FNDA:0,(anonymous_9)
FNDA:0,(anonymous_10)
DA:3,1
DA:4,1
DA:5,1
DA:20,1
DA:21,0
DA:22,0
DA:23,0
DA:24,0
DA:25,0
DA:26,0
DA:28,0
DA:29,0
DA:32,0
DA:33,0
DA:35,0
DA:41,0
DA:44,0
DA:51,0
DA:54,0
DA:55,0
DA:56,0
DA:57,0
DA:58,0
DA:62,0
DA:64,0
DA:68,0
DA:69,0
DA:70,0
DA:71,0
DA:76,0
DA:81,0
DA:83,0
DA:84,0
DA:86,0
DA:87,0
DA:89,0
DA:93,0
DA:94,0
DA:95,0
DA:96,0
DA:101,0
DA:102,0
DA:111,0
DA:125,0
DA:140,0
DA:156,0
DA:163,0
LF:47
LH:4
BRDA:41,0,0,0
BRDA:51,1,0,0
BRDA:51,1,1,0
BRDA:54,2,0,0
BRDA:56,3,0,0
BRDA:56,3,1,0
BRDA:57,4,0,0
BRDA:73,5,0,0
BRDA:73,5,1,0
BRDA:81,6,0,0
BRDA:95,7,0,0
BRDA:95,7,1,0
BRDA:101,8,0,0
BRDA:151,9,0,0
BRDA:151,9,1,0
BRDA:168,10,0,0
BRDA:168,10,1,0
BRDA:175,11,0,0
BRDA:175,11,1,0
BRDA:175,11,2,0
BRDA:193,12,0,0
BRDA:193,12,1,0
BRDA:193,12,2,0
BRDA:196,13,0,0
BRDA:196,13,1,0
BRF:25
BRH:0
end_of_record
