TN:
SF:app/components/automation/NodeConfigPanel.tsx
FN:13,NodeConfigPanel
FN:16,(anonymous_1)
FN:26,(anonymous_2)
FN:31,(anonymous_3)
FN:41,(anonymous_4)
FN:51,(anonymous_5)
FN:60,(anonymous_6)
FN:78,(anonymous_7)
FN:87,(anonymous_8)
FN:103,(anonymous_9)
FN:118,(anonymous_10)
FN:133,(anonymous_11)
FN:149,(anonymous_12)
FN:156,(anonymous_13)
FN:177,(anonymous_14)
FN:186,(anonymous_15)
FN:202,(anonymous_16)
FNF:17
FNH:16
FNDA:188,NodeConfigPanel
FNDA:17,(anonymous_1)
FNDA:3,(anonymous_2)
FNDA:186,(anonymous_3)
FNDA:45,(anonymous_4)
FNDA:24,(anonymous_5)
FNDA:24,(anonymous_6)
FNDA:11,(anonymous_7)
FNDA:16,(anonymous_8)
FNDA:1,(anonymous_9)
FNDA:9,(anonymous_10)
FNDA:0,(anonymous_11)
FNDA:2,(anonymous_12)
FNDA:1,(anonymous_13)
FNDA:11,(anonymous_14)
FNDA:1,(anonymous_15)
FNDA:9,(anonymous_16)
DA:3,1
DA:4,1
DA:13,1
DA:14,188
DA:16,188
DA:17,17
DA:18,16
DA:20,1
DA:24,188
DA:26,186
DA:27,3
DA:28,3
DA:31,186
DA:32,186
DA:34,113
DA:41,45
DA:51,24
DA:60,24
DA:71,31
DA:78,11
DA:87,16
DA:97,12
DA:103,1
DA:118,9
DA:127,0
DA:133,0
DA:141,5
DA:149,2
DA:156,1
DA:170,23
DA:177,11
DA:186,1
DA:202,9
DA:211,2
DA:219,186
LF:35
LH:33
BRDA:17,0,0,16
BRDA:17,0,1,1
BRDA:24,1,0,2
BRDA:32,2,0,113
BRDA:32,2,1,31
BRDA:32,2,2,31
BRDA:32,2,3,12
BRDA:32,2,4,0
BRDA:32,2,5,5
BRDA:32,2,6,23
BRDA:32,2,7,2
BRDA:40,3,0,113
BRDA:40,3,1,17
BRDA:50,4,0,113
BRDA:50,4,1,64
BRDA:59,5,0,113
BRDA:59,5,1,88
BRDA:77,6,0,31
BRDA:77,6,1,3
BRDA:86,7,0,31
BRDA:86,7,1,14
BRDA:102,8,0,12
BRDA:102,8,1,2
BRDA:117,9,0,12
BRDA:117,9,1,3
BRDA:132,10,0,0
BRDA:132,10,1,0
BRDA:148,11,0,5
BRDA:148,11,1,2
BRDA:155,12,0,5
BRDA:155,12,1,4
BRDA:176,13,0,23
BRDA:176,13,1,2
BRDA:185,14,0,23
BRDA:185,14,1,13
BRDA:201,15,0,23
BRDA:201,15,1,14
BRF:37
BRH:34
end_of_record
TN:
SF:app/components/automation/WorkflowValidator.tsx
FN:36,useWorkflowValidation
FN:37,(anonymous_10)
FN:43,(anonymous_11)
FN:63,(anonymous_12)
FN:64,(anonymous_13)
FN:65,(anonymous_14)
FN:94,(anonymous_15)
FN:249,(anonymous_16)
FN:250,(anonymous_17)
FN:348,(anonymous_18)
FN:368,(anonymous_19)
FN:370,(anonymous_20)
FN:371,(anonymous_21)
FN:371,(anonymous_22)
FN:372,(anonymous_23)
FN:388,(anonymous_24)
FN:401,(anonymous_25)
FN:402,(anonymous_26)
FN:416,(anonymous_27)
FN:422,(anonymous_28)
FN:441,findLongActionSequences
FN:445,(anonymous_30)
FN:456,(anonymous_31)
FN:458,(anonymous_32)
FN:477,WorkflowValidator
FN:487,(anonymous_34)
FN:493,(anonymous_35)
FN:548,(anonymous_36)
FN:562,(anonymous_37)
FN:591,(anonymous_38)
FN:598,(anonymous_39)
FN:616,(anonymous_40)
FN:619,(anonymous_41)
FN:620,(anonymous_42)
FN:620,(anonymous_43)
FNF:35
FNH:20
FNDA:21,useWorkflowValidation
FNDA:21,(anonymous_10)
FNDA:46,(anonymous_11)
FNDA:46,(anonymous_12)
FNDA:53,(anonymous_13)
FNDA:53,(anonymous_14)
FNDA:46,(anonymous_15)
FNDA:8,(anonymous_16)
FNDA:9,(anonymous_17)
FNDA:0,(anonymous_18)
FNDA:20,(anonymous_19)
FNDA:24,(anonymous_20)
FNDA:19,(anonymous_21)
FNDA:39,(anonymous_22)
FNDA:19,(anonymous_23)
FNDA:0,(anonymous_24)
FNDA:46,(anonymous_25)
FNDA:0,(anonymous_26)
FNDA:16,(anonymous_27)
FNDA:11,(anonymous_28)
FNDA:21,findLongActionSequences
FNDA:46,(anonymous_30)
FNDA:25,(anonymous_31)
FNDA:0,(anonymous_32)
FNDA:0,WorkflowValidator
FNDA:0,(anonymous_34)
FNDA:0,(anonymous_35)
FNDA:0,(anonymous_36)
FNDA:0,(anonymous_37)
FNDA:0,(anonymous_38)
FNDA:0,(anonymous_39)
FNDA:0,(anonymous_40)
FNDA:0,(anonymous_41)
FNDA:0,(anonymous_42)
FNDA:0,(anonymous_43)
DA:3,1
DA:4,1
DA:36,1
DA:37,21
DA:38,21
DA:39,21
DA:40,21
DA:43,46
DA:44,21
DA:45,2
DA:52,19
DA:53,1
DA:63,21
DA:64,53
DA:65,53
DA:68,46
DA:69,3
DA:80,46
DA:81,46
DA:82,3
DA:94,21
DA:95,46
DA:98,46
DA:99,20
DA:101,20
DA:103,0
DA:104,0
DA:113,0
DA:115,0
DA:116,0
DA:125,0
DA:130,46
DA:131,21
DA:133,21
DA:135,14
DA:136,1
DA:145,14
DA:146,13
DA:147,2
DA:155,13
DA:156,2
DA:165,14
DA:168,5
DA:169,2
DA:177,3
DA:178,1
DA:187,5
DA:190,2
DA:191,1
DA:199,2
DA:200,1
DA:208,2
DA:211,0
DA:212,0
DA:220,0
DA:225,46
DA:226,5
DA:227,1
DA:236,5
DA:237,4
DA:238,1
DA:249,8
DA:250,9
DA:252,5
DA:253,3
DA:263,5
DA:264,3
DA:276,46
DA:277,0
DA:278,0
DA:287,0
DA:288,0
DA:299,46
DA:300,0
DA:301,0
DA:310,0
DA:311,0
DA:321,0
DA:322,0
DA:334,46
DA:335,0
DA:336,0
DA:337,0
DA:347,0
DA:348,0
DA:349,0
DA:351,0
DA:352,0
DA:368,21
DA:369,20
DA:370,24
DA:371,39
DA:372,19
DA:374,20
DA:375,14
DA:387,21
DA:388,21
DA:389,0
DA:390,0
DA:401,46
DA:402,21
DA:403,0
DA:413,21
DA:414,21
DA:416,21
DA:417,16
DA:418,0
DA:419,0
DA:422,21
DA:423,11
DA:424,11
DA:425,0
DA:428,21
DA:430,21
DA:442,21
DA:443,21
DA:445,21
DA:446,46
DA:448,21
DA:449,21
DA:451,21
DA:452,21
DA:453,21
DA:456,25
DA:457,21
DA:458,0
DA:459,0
DA:460,0
DA:462,0
DA:465,21
DA:469,21
DA:470,0
DA:474,21
DA:477,1
DA:484,0
DA:485,0
DA:487,0
DA:488,0
DA:489,0
DA:490,0
DA:493,0
DA:494,0
DA:495,0
DA:496,0
DA:499,0
DA:501,0
DA:502,0
DA:517,0
DA:549,0
DA:552,0
DA:555,0
DA:558,0
DA:562,0
DA:591,0
DA:599,0
DA:600,0
DA:616,0
DA:620,0
DA:621,0
LF:159
LH:96
BRDA:44,0,0,2
BRDA:44,0,1,19
BRDA:52,1,0,1
BRDA:68,2,0,3
BRDA:68,3,0,46
BRDA:68,3,1,26
BRDA:81,4,0,3
BRDA:81,5,0,46
BRDA:81,5,1,25
BRDA:81,5,2,3
BRDA:95,6,0,46
BRDA:95,6,1,0
BRDA:98,7,0,20
BRDA:99,8,0,20
BRDA:99,8,1,20
BRDA:101,9,0,0
BRDA:101,9,1,0
BRDA:103,10,0,0
BRDA:115,11,0,0
BRDA:130,12,0,21
BRDA:133,13,0,14
BRDA:133,13,1,5
BRDA:133,13,2,2
BRDA:133,13,3,0
BRDA:135,14,0,1
BRDA:135,15,0,14
BRDA:135,15,1,1
BRDA:145,16,0,13
BRDA:146,17,0,2
BRDA:155,18,0,2
BRDA:168,19,0,2
BRDA:168,19,1,3
BRDA:177,20,0,1
BRDA:190,21,0,1
BRDA:190,22,0,2
BRDA:190,22,1,1
BRDA:199,23,0,1
BRDA:199,24,0,2
BRDA:199,24,1,1
BRDA:211,25,0,0
BRDA:225,26,0,5
BRDA:226,27,0,1
BRDA:236,28,0,4
BRDA:237,29,0,1
BRDA:237,30,0,4
BRDA:237,30,1,4
BRDA:237,30,2,3
BRDA:249,31,0,8
BRDA:249,31,1,3
BRDA:250,32,0,9
BRDA:250,32,1,4
BRDA:252,33,0,3
BRDA:263,34,0,3
BRDA:276,35,0,0
BRDA:277,36,0,0
BRDA:287,37,0,0
BRDA:287,38,0,0
BRDA:287,38,1,0
BRDA:299,39,0,0
BRDA:300,40,0,0
BRDA:310,41,0,0
BRDA:310,42,0,0
BRDA:310,42,1,0
BRDA:321,43,0,0
BRDA:321,44,0,0
BRDA:321,44,1,0
BRDA:334,45,0,0
BRDA:335,46,0,0
BRDA:335,46,1,0
BRDA:336,47,0,0
BRDA:349,48,0,0
BRDA:349,48,1,0
BRDA:351,49,0,0
BRDA:372,50,0,19
BRDA:372,50,1,14
BRDA:374,51,0,14
BRDA:389,52,0,0
BRDA:402,53,0,0
BRDA:402,54,0,21
BRDA:402,54,1,0
BRDA:417,55,0,16
BRDA:417,55,1,0
BRDA:418,56,0,0
BRDA:418,56,1,0
BRDA:423,57,0,0
BRDA:423,57,1,11
BRDA:424,58,0,11
BRDA:424,58,1,0
BRDA:446,59,0,25
BRDA:446,60,0,46
BRDA:446,60,1,46
BRDA:451,61,0,21
BRDA:451,61,1,21
BRDA:451,61,2,21
BRDA:457,62,0,0
BRDA:457,62,1,21
BRDA:459,63,0,0
BRDA:459,63,1,0
BRDA:459,64,0,0
BRDA:459,64,1,0
BRDA:469,65,0,0
BRDA:482,66,0,0
BRDA:488,67,0,0
BRDA:489,68,0,0
BRDA:494,69,0,0
BRDA:495,70,0,0
BRDA:501,71,0,0
BRDA:501,72,0,0
BRDA:501,72,1,0
BRDA:523,73,0,0
BRDA:523,73,1,0
BRDA:549,74,0,0
BRDA:549,74,1,0
BRDA:550,75,0,0
BRDA:550,75,1,0
BRDA:552,76,0,0
BRDA:552,76,1,0
BRDA:553,77,0,0
BRDA:553,77,1,0
BRDA:555,78,0,0
BRDA:555,78,1,0
BRDA:556,79,0,0
BRDA:556,79,1,0
BRDA:562,80,0,0
BRDA:562,80,1,0
BRDA:572,81,0,0
BRDA:572,81,1,0
BRDA:573,82,0,0
BRDA:573,82,1,0
BRDA:580,83,0,0
BRDA:580,83,1,0
BRDA:589,84,0,0
BRDA:589,84,1,0
BRDA:596,85,0,0
BRDA:596,85,1,0
BRDA:616,86,0,0
BRDA:616,86,1,0
BRF:137
BRH:60
end_of_record
